# steering_fantomas.txt
# 2024-08-14 11:38:08
# improved chi2 during fitting process
448.938
448.938
448.938
448.937
448.937
448.936
448.935
448.935
448.934
448.934
448.934
448.933
448.931
448.93
448.93
448.924
448.921
448.92
448.919
448.919
448.918
448.912
448.886
448.881
448.874
448.873
448.873
448.873
448.867
448.865
448.863
448.863
448.863
448.863
448.862
448.861
448.861
448.861
448.86
448.86
448.86
448.859
448.858
448.858
448.857
448.856
448.856
448.856
448.855
448.855
448.855
448.855
448.855
448.855
448.854
448.854
448.854
448.854
448.854
448.854
448.854
448.853
448.853
448.853
448.853
448.853
448.853
448.852
448.852
448.852
448.852
448.852
448.852
448.852
448.851
448.851
448.851
448.851
448.851
448.851
448.851
448.85
448.85
448.85
448.85
448.849
448.849
448.849
448.849
448.849
448.849
448.849
448.849
448.849
448.848
448.848
448.848
448.847
448.847
448.846
448.846
448.846
448.846
448.846
448.845
448.845
448.845
448.845
448.844
448.844
448.844
448.843
448.843
448.843
448.843
448.843
448.843
448.843
448.843
448.843
448.843
448.842
448.842
448.842
448.842
448.842
