# steering_fantomas.txt
# 2024-10-17 20:33:48
# improved chi2 during fitting process
451.44
451.44
451.44
451.439
451.437
451.418
451.416
451.414
451.414
451.413
451.399
451.396
451.396
451.395
451.395
451.393
451.379
451.323
451.281
451.28
451.278
451.278
451.202
451.196
451.196
451.194
451.194
451.194
451.145
450.965
450.746
450.744
450.744
450.741
450.741
450.562
450.473
450.469
450.468
450.31
450.27
450.266
450.264
450.262
450.262
450.262
450.187
450.163
450.163
450.162
450.162
450.162
450.135
450.135
450.135
450.134
450.134
450.128
450.124
450.123
450.117
450.106
450.104
450.092
450.085
450.085
450.085
450.084
450.079
450.074
450.074
450.073
450.061
450.03
450.029
450.027
450.026
450.026
450.026
450.025
450.025
449.975
449.958
449.94
449.937
449.936
449.912
449.908
449.908
449.907
449.907
449.907
449.907
449.893
449.889
449.881
449.879
449.879
449.87
449.843
449.838
449.838
449.836
449.835
449.835
449.829
449.813
449.812
449.811
449.804
449.771
449.728
449.728
449.727
449.726
449.725
449.725
449.724
449.695
449.692
449.691
449.628
449.625
449.606
449.6
449.6
449.551
449.465
449.464
449.464
449.463
449.418
449.374
449.372
449.372
449.349
449.349
449.349
449.349
449.348
449.346
449.344
449.344
449.342
449.339
449.339
449.338
449.338
449.338
449.336
449.325
449.319
449.317
449.315
449.315
449.289
449.277
449.272
449.269
449.255
449.253
449.253
449.253
449.241
449.237
449.234
449.233
449.232
449.227
449.22
449.22
449.219
449.219
449.216
449.214
449.214
449.214
449.211
449.209
449.208
449.208
449.207
449.205
449.205
449.204
449.204
449.204
449.203
449.203
449.203
449.203
449.203
449.203
449.203
449.203
449.203
449.203
449.203
