# steering_fantomas.txt
# 2024-11-12 08:57:53
# improved chi2 during fitting process
433.4429796
433.4409968
433.4343291
433.218191
433.1930063
433.1769707
433.1715065
433.168837
433.1678073
433.1675778
433.1141342
433.1124098
433.1107505
433.0282137
433.0244274
433.0241046
433.0234712
433.0220612
433.0092487
432.9956243
432.9952871
432.9947921
432.9947299
432.9943267
432.9891182
432.9864181
432.9863708
432.9857743
432.981153
432.9699807
432.9695714
432.9693667
432.968599
432.9685651
432.9570306
432.9192551
432.899313
432.8988747
432.897965
432.8972514
432.8971489
432.8333919
432.6606701
432.6314995
432.6286406
432.6284241
432.6277748
432.6200674
432.6172236
432.6170563
432.6165935
432.5963694
432.5936196
432.5930416
432.567625
432.565026
432.5645116
432.5635241
432.5630265
432.5618393
432.5613449
432.530271
432.5238058
432.5226955
432.5219481
432.5218564
432.521347
432.5193417
432.5070924
432.4983741
432.4973533
432.4971579
432.4970714
432.494159
432.484981
432.4779236
432.4777682
432.4767052
432.4717318
432.4713785
432.4713029
432.471124
432.4706134
432.4647414
432.4593374
432.4460115
432.4442969
432.4435283
432.4375361
432.4267223
432.4067155
432.4062964
432.4053257
432.405045
432.40478
432.4043041
432.3686303
432.3428788
432.3417517
432.3414658
432.3166329
432.3154513
432.315346
432.3149621
432.3147556
432.3146648
432.3143458
432.311492
432.3113051
432.3112247
432.3106327
432.3048507
432.3019701
432.2999439
432.2998543
432.299461
432.2929602
432.2875648
432.2875119
432.2869648
432.2864817
432.2787546
432.2783817
432.2783797
432.2781032
432.2781002
432.2771912
432.2771124
432.2770626
432.2770403
432.2770403
432.2768809
432.2767911
432.2767186
432.2767186
432.2767186
432.2766852
432.2763949
432.2763154
432.2762531
432.2762032
432.2762003
432.276194
432.2760361
432.2757464
432.2735574
432.268849
432.2673033
432.2648048
432.2638516
432.2528208
432.251397
432.2495151
432.2494951
432.2431661
432.2379091
432.2378407
432.2373861
432.2373071
432.230062
432.2295943
432.2289971
432.2285669
432.2273386
432.2246225
432.2235367
432.2235322
432.2234647
432.2234647
432.2233889
432.2226769
432.2225336
432.222438
432.221909
432.2218804
432.2218365
432.2217852
432.2215802
432.2215488
432.2215076
432.2215076
432.2214592
432.2214289
432.2214025
432.2213971
432.2213244
432.2213244
432.2212933
432.2212015
432.2211758
432.2211384
432.220881
432.2207921
432.2207921
432.2207921
432.2207592
432.2207592
432.2207592
432.2207562
432.2205999
432.2205837
432.2205471
432.2205389
432.2205356
432.2205062
432.2204297
432.2203973
