# steering_fantomas.txt
# 2024-08-16 17:29:48
# improved chi2 during fitting process
442.842
442.842
442.842
442.842
442.842
442.841
442.841
442.841
442.841
442.841
442.841
442.841
442.841
442.841
442.841
442.841
442.841
442.841
442.841
442.841
442.839
442.839
442.839
442.839
442.839
442.839
442.839
442.839
442.839
442.839
442.839
442.839
442.839
442.839
442.834
442.834
442.832
442.832
442.832
442.832
442.832
442.831
442.83
442.83
442.83
442.829
442.829
442.829
442.829
442.829
442.829
442.829
442.828
442.828
442.828
442.828
442.828
442.827
442.827
442.827
442.827
442.827
442.827
442.827
442.827
442.827
442.827
442.827
442.826
442.825
442.825
442.825
442.825
442.825
442.825
442.824
442.824
442.824
442.824
442.824
442.824
442.824
442.824
442.824
442.823
442.823
442.823
442.823
442.823
442.822
442.822
442.822
442.822
442.822
442.822
442.822
442.822
442.822
442.822
442.822
442.821
442.821
442.821
442.821
442.821
442.821
442.821
442.821
442.821
442.821
442.821
442.821
442.821
442.821
442.821
442.821
442.821
442.821
442.821
442.821
