# steering_fantomas.txt
# 2024-09-16 17:30:38
# improved chi2 during fitting process
469.36
469.297
468.773
468.499
454.802
454.77
454.763
451.342
451.296
451.283
451.28
451.278
451.272
451.271
450.764
450.391
450.388
450.384
449.985
449.84
449.835
449.832
449.589
449.311
449.297
449.294
449.293
449.289
448.973
448.552
448.543
448.54
448.537
447.95
447.14
447.001
446.994
446.986
446.979
446.503
445.945
445.731
445.728
445.72
445.267
444.225
444.161
444.152
444.151
442.715
442.695
442.686
442.683
442.681
442.681
442.276
442.275
442.267
442.264
442.263
442.26
441.799
441.054
441.042
441.038
441.026
440.16
439.933
439.925
439.922
439.921
439.921
439.921
439.921
439.919
439.574
439.574
439.568
439.565
439.248
439.177
439.172
439.168
439.097
439.076
439.075
439.075
439.068
439.005
438.976
438.975
438.974
438.971
438.93
438.924
438.923
438.922
438.916
438.883
438.866
438.811
438.803
438.802
438.802
438.802
438.801
438.801
438.8
438.799
438.799
438.798
438.798
438.791
438.77
438.716
438.716
438.715
438.712
438.712
438.661
438.65
438.649
438.648
438.648
438.647
438.647
438.646
438.643
438.643
438.643
438.642
438.642
438.642
438.639
438.639
438.638
438.638
438.638
438.638
438.634
438.627
438.614
438.613
438.612
438.603
438.601
438.596
438.594
438.593
438.593
438.593
438.593
438.592
438.588
438.588
438.587
438.587
438.587
438.587
438.587
438.587
438.587
438.587
438.586
438.586
438.586
438.585
438.585
438.584
438.584
438.584
438.584
438.584
438.584
438.584
438.584
438.584
438.584
