# steering_fantomas.txt
# 2024-08-14 11:36:51
# improved chi2 during fitting process
448.917
448.917
448.917
448.917
448.917
448.916
448.915
448.915
448.911
448.909
448.909
448.909
448.909
448.909
448.908
448.907
448.907
448.907
448.907
448.907
448.907
448.907
448.907
448.906
448.906
448.906
448.906
448.906
448.906
448.906
448.906
448.905
448.905
448.905
448.905
448.905
448.905
448.905
448.904
448.903
448.902
448.902
448.902
448.902
448.901
448.901
448.9
448.9
448.9
448.9
448.9
448.9
448.899
448.896
448.896
448.896
448.896
448.896
448.895
448.892
448.885
448.885
448.884
448.883
448.878
448.878
448.877
448.877
448.877
448.877
448.875
448.874
448.873
448.872
448.872
448.872
448.872
448.87
448.87
448.87
448.865
448.865
448.865
448.865
448.864
448.864
448.862
448.862
448.862
448.862
448.861
448.86
448.86
448.86
448.859
448.859
448.859
448.859
448.858
448.858
448.858
448.858
448.858
448.858
448.857
448.857
448.857
448.857
448.856
448.856
448.856
448.856
448.856
448.855
448.854
448.854
448.854
448.854
448.854
448.854
448.854
448.854
448.854
448.854
448.854
448.854
448.853
448.853
448.853
448.853
448.853
448.853
448.853
448.852
448.852
448.852
448.852
448.852
448.852
448.852
448.852
448.852
448.851
448.851
448.851
448.851
448.851
448.851
448.851
448.851
448.85
448.85
448.85
448.85
448.85
448.85
448.849
448.849
448.849
448.849
448.849
448.848
448.848
448.848
448.847
448.847
448.847
448.847
448.847
448.847
448.846
448.846
448.846
448.846
448.846
448.846
448.846
448.846
448.846
448.846
448.845
448.845
448.845
448.845
448.844
448.844
448.844
448.844
448.844
448.844
448.843
448.843
448.843
448.843
448.843
448.843
448.843
448.843
448.843
448.843
448.843
448.842
448.842
448.842
448.842
448.842
448.842
448.842
448.842
