# steering_fantomas.txt
# 2024-09-06 10:58:37
# improved chi2 during fitting process
451.444
451.439
451.436
451.436
451.434
451.434
451.434
451.433
451.433
451.429
451.415
451.407
451.407
451.407
451.406
451.39
451.349
451.346
451.345
451.345
451.345
451.344
451.331
451.326
451.326
451.326
451.326
451.325
451.315
451.275
451.224
451.222
451.221
451.221
451.22
451.193
451.191
451.191
451.191
451.19
451.19
451.188
451.187
451.187
451.187
451.187
451.187
451.185
451.182
451.181
451.181
451.18
451.18
451.18
451.18
451.18
451.18
451.179
451.179
451.179
451.179
451.179
451.179
451.179
451.179
451.179
451.179
451.179
451.179
451.179
451.179
451.179
451.179
451.179
451.179
451.178
451.178
451.178
451.178
451.178
451.178
451.178
451.178
451.178
451.178
451.178
