=====2fix_0free=====
454.441
454.419
454.254
454.109
452
451.998
451.995
451.994
451.738
451.722
451.722
451.72
451.719
451.648
451.634
451.633
451.633
451.632
451.631
451.61
451.567
451.565
451.564
451.547
451.546
451.546
451.546
451.546
451.545
451.544
451.544
451.544
451.544
451.543
451.543
451.543
451.543
451.543
451.543
=====2fix_1free=====
451.548
451.543
451.54
451.538
451.538
451.537
451.537
451.537
451.533
451.518
451.511
451.51
451.51
451.509
451.493
451.452
451.45
451.449
451.449
451.449
451.448
451.435
451.43
451.43
451.43
451.428
451.418
451.379
451.336
451.335
451.335
451.335
451.335
451.334
451.3
451.297
451.297
451.296
451.294
451.292
451.292
451.292
451.291
451.29
451.288
451.285
451.285
451.284
451.284
451.284
451.284
451.284
451.284
451.283
451.283
451.283
451.283
451.282
451.282
451.282
451.282
451.282
451.282
451.282
451.282
451.282
451.282
451.282
451.282
451.282
451.282
451.282
451.282
451.282
451.282
451.282
451.282
451.282
451.282
451.281
451.281
451.281
451.281
451.281
451.281
# steering_fantomas.txt
# 2024-09-16 19:48:58
# improved chi2 during fitting process
960.711
954.905
936.109
917.405
838.256
838.239
838.13
837.996
837.845
836.729
833.678
824.765
817.166
815.92
814.431
814.03
814.003
813.975
810.911
603.68
603.669
603.659
603.645
603.597
592.328
591.907
591.902
591.893
591.89
591.89
591.878
589.819
589.445
589.432
589.425
589.42
587.974
582.905
576.765
576.761
576.751
576.747
576.714
570.722
568.095
568.09
568.073
568.068
563.658
555.439
555.33
555.324
555.32
555.292
549.732
549.418
549.406
549.39
549.38
548.133
547.234
547.222
547.215
547.201
546.029
545.625
545.623
545.621
545.607
545.041
545.028
545.027
545.023
545.02
544.919
544.842
544.84
544.834
544.831
544.797
544.789
544.782
544.777
544.763
544.689
544.655
544.642
544.638
544.447
543.746
542.829
542.813
542.808
541.666
540.935
540.835
540.814
540.804
540.801
540.791
539.941
539.748
539.741
539.74
539.734
539.733
539.733
539.375
539.353
539.352
539.342
539.341
539.335
538.975
538.513
538.467
538.465
538.45
538.448
538.442
538.438
537.894
537.81
537.808
537.808
537.804
537.788
537.788
537.783
537.43
537.406
537.044
537.035
537.031
537.017
536.746
536.682
536.676
536.674
536.67
536.647
536.504
536.409
536.405
536.404
536.397
536.397
536.377
536.291
536.288
536.287
536.287
536.284
536.261
536.144
535.8
535.794
535.793
535.772
535.6
535.578
535.577
535.575
535.575
535.549
535.518
535.513
535.512
535.49
535.474
535.418
535.416
535.415
535.391
535.365
535.319
535.315
535.314
535.292
535.279
535.251
535.251
535.251
535.224
535.224
535.214
535.213
535.21
535.21
535.208
535.205
535.201
535.2
535.186
535.179
535.177
535.177
535.176
535.167
535.167
535.167
535.166
535.166
535.165
535.165
535.164
535.164
535.164
535.164
535.164
535.164
535.163
535.163
535.163
535.163
535.162
535.161
535.16
535.158
535.152
535.149
535.148
535.147
535.147
535.127
535.07
535.062
535.06
535.06
535.058
535.057
535.044
535.038
535.036
535.029
535.028
535.025
535.024
535.023
535.023
535.023
535.023
535.022
535.019
535.018
535.018
535.017
535.017
535.016
535.015
535.015
535.015
535.015
535.015
535.015
535.015
535.014
535.014
535.014
535.014
535.013
535.013
535.013
