=====2fix_0free=====
454.441
454.419
454.254
454.109
452
451.998
451.995
451.994
451.738
451.722
451.722
451.72
451.719
451.648
451.634
451.633
451.633
451.632
451.631
451.61
451.567
451.565
451.564
451.547
451.546
451.546
451.546
451.546
451.545
451.544
451.544
451.544
451.544
451.543
451.543
451.543
451.543
451.543
451.543
=====2fix_1free=====
451.544
451.544
451.544
451.543
451.536
451.536
451.535
451.535
451.534
451.528
451.508
451.498
451.497
451.495
451.495
451.475
451.467
451.467
451.467
451.466
451.452
451.45
451.449
451.448
451.448
451.439
451.404
451.376
451.376
451.376
451.375
451.369
451.364
451.364
451.364
451.363
451.357
451.352
451.352
451.351
451.351
451.351
451.351
451.35
451.349
451.349
451.349
451.349
451.348
451.347
451.347
451.347
451.347
451.346
451.346
451.345
451.345
451.344
451.343
451.343
451.342
451.342
451.342
451.341
451.341
451.341
451.337
451.333
451.33
451.329
451.329
451.327
451.321
451.317
451.316
451.315
451.315
451.315
451.314
451.31
451.308
451.307
451.307
451.306
451.306
451.306
451.305
451.301
451.3
451.299
451.298
451.298
451.298
451.297
451.296
451.296
451.295
451.295
451.295
451.293
451.293
451.292
451.292
451.292
451.291
451.291
451.29
451.289
451.288
451.287
451.287
451.286
451.285
451.284
451.284
451.284
451.284
451.284
451.283
451.283
451.283
451.282
451.282
451.281
451.281
451.281
451.281
451.281
451.281
451.281
451.281
451.281
451.281
451.281
451.28
451.28
451.28
451.28
451.28
=====2fix_2freeSV_1freeG=====
451.295
451.209
451.169
451.073
451.065
451.065
451.065
450.67
450.475
450.473
450.47
450.323
450.306
450.303
450.302
450.186
449.794
449.391
449.386
449.386
449.38
449.38
448.776
448.435
448.41
448.402
448.401
448.401
448.4
447.813
447.261
447.25
447.248
447.247
446.782
446.594
446.486
446.482
446.475
446.47
446.469
446.032
444.674
444.135
444.085
444.074
444.066
443.72
443.375
443.368
443.363
443.36
443.36
443.359
443.358
443.057
442.17
441.89
441.886
441.884
441.194
441.191
441.182
441.175
440.616
440.316
440.296
440.291
440.281
440.279
440.278
439.991
439.881
439.851
439.85
439.842
439.84
439.619
439.613
439.613
439.612
439.606
439.43
439.295
439.291
439.291
439.283
439.141
439.134
439.132
439.13
439.13
439.12
439.058
438.895
438.89
438.888
438.887
438.887
438.877
438.761
438.752
438.752
438.752
438.752
438.751
438.751
438.751
438.751
438.75
438.75
438.75
438.75
438.75
438.737
438.736
438.736
438.734
438.733
438.733
438.733
438.733
438.733
438.732
438.731
438.724
438.724
438.724
438.723
438.723
438.723
438.713
438.683
438.672
438.67
438.669
438.669
438.668
438.659
438.649
438.646
438.633
438.632
438.631
438.631
438.631
438.631
438.627
438.618
438.604
438.599
438.596
438.595
438.594
438.592
438.589
438.588
438.588
438.588
438.588
438.587
438.587
438.587
438.587
438.587
438.587
438.586
438.586
438.586
438.586
438.586
438.586
