# steering_fantomas.txt
# 2024-08-13 20:34:58
# improved chi2 during fitting process
1326.48
1318.16
1302.82
1100.87
1100.2
1099.93
1097.58
665.354
665.075
665.053
664.6
610.454
610.247
584.79
554.047
553.992
522.39
490.282
488.637
488.356
488.308
488.306
488.304
482.624
482.034
481.989
481.982
481.979
481.975
481.971
479.349
472.219
470.002
469.886
469.875
469.873
469.846
462.22
454.64
454.43
454.428
454.427
454.419
454.415
454.408
453.926
453.911
453.905
453.902
453.899
453.898
453.62
453.505
453.501
453.499
453.499
453.412
453.333
453.327
453.325
453.254
452.971
452.569
452.549
452.545
452.539
452.537
452.239
452.054
452.051
452.05
452.049
452.041
451.964
451.955
451.954
451.953
451.951
451.949
451.947
451.91
451.882
451.878
451.877
451.874
451.845
451.704
451.406
451.07
451.064
451.06
451.059
450.995
450.951
450.95
450.948
450.947
450.947
450.945
450.617
450.582
450.581
450.58
450.579
450.514
450.513
450.513
450.511
450.51
450.51
450.508
450.508
450.507
450.507
450.506
450.505
450.504
450.501
450.501
450.501
450.5
450.499
450.498
450.485
450.463
450.46
450.458
450.454
450.453
450.452
450.45
450.45
450.449
450.448
450.448
450.425
450.418
450.417
450.417
450.416
450.416
450.415
450.415
450.414
450.414
450.413
450.413
450.412
450.412
450.412
450.411
450.411
450.41
450.405
450.404
450.403
450.402
450.402
450.401
450.401
450.395
450.38
450.371
450.37
450.369
450.369
450.366
450.366
450.363
450.363
450.363
450.362
450.361
450.359
450.358
450.358
450.355
450.349
450.33
450.284
450.271
450.268
450.268
450.267
450.267
450.267
450.267
450.267
450.267
450.235
450.217
450.217
450.214
450.214
450.214
450.212
450.206
450.201
450.2
450.197
450.178
450.157
450.156
450.155
450.155
450.155
450.152
450.124
450.121
450.12
450.12
450.117
450.092
450.039
450.035
450.034
450.034
450.033
450.032
450.03
450.029
450
449.998
449.998
449.995
449.964
449.963
449.96
449.96
449.957
449.941
449.936
449.935
449.935
449.934
449.934
449.932
449.918
449.874
449.872
449.871
449.869
449.826
449.808
449.806
449.805
449.805
449.804
449.804
449.802
449.755
449.719
449.717
449.716
449.715
449.715
449.714
449.714
449.704
449.703
449.703
449.702
449.701
449.701
449.677
449.665
449.663
449.662
449.662
449.66
449.647
449.626
449.626
449.624
449.623
449.623
449.621
449.593
449.547
449.546
449.543
449.543
449.543
449.541
449.528
449.528
449.527
449.526
449.485
449.473
449.467
449.466
449.465
449.463
449.44
449.439
449.436
449.435
449.433
449.415
449.396
449.396
449.396
449.395
449.394
449.393
449.392
449.375
449.372
449.348
449.346
449.346
449.345
449.343
449.333
449.33
449.33
449.327
449.326
449.326
449.323
449.317
449.303
449.302
449.302
449.301
449.299
449.271
449.241
449.237
449.237
449.235
449.234
449.234
449.231
449.188
449.154
449.144
449.143
449.141
449.141
449.141
449.138
449.137
449.09
449.09
449.088
449.088
449.088
449.088
449.087
449.026
449.019
449.018
449.017
449.017
449.016
449.012
448.992
448.992
448.988
448.988
448.988
448.988
448.983
448.969
448.966
448.966
448.966
448.953
448.946
448.945
448.944
448.944
448.944
448.944
448.943
448.938
