# steering_fantomas.txt
# 2024-09-14 20:34:07
# improved chi2 during fitting process
454.441
454.419
454.254
454.109
452.036
452.034
452.031
452.029
452.026
451.712
451.705
451.705
451.702
451.702
451.7
451.698
451.592
451.546
451.545
451.544
451.544
451.542
451.539
451.539
451.453
451.19
451.098
451.092
451.089
450.857
450.777
450.775
450.775
450.773
450.772
450.771
450.771
450.771
450.616
450.114
449.735
449.729
449.718
449.713
448.364
447.788
447.731
447.093
447.089
447.086
447.084
447.08
445.923
445.874
445.869
445.866
445.866
445.86
445.859
445.852
445.217
445.209
445.207
445.206
444.337
443.811
443.76
443.752
443.748
443.746
443.216
442.786
442.664
442.651
442.65
442.65
442.645
442.198
441.484
441.479
441.477
441.476
441.474
441.096
440.436
440.429
440.422
440.133
439.955
439.954
439.952
439.951
439.758
439.707
439.675
439.67
439.666
439.516
439.165
439.144
439.14
439.14
439.138
439.135
439.043
439.041
439.041
439.037
439
438.985
438.984
438.984
438.982
438.976
438.955
438.904
438.901
438.901
438.898
438.877
438.836
438.817
438.814
438.812
438.812
438.811
438.81
438.802
438.782
438.781
438.779
438.776
438.711
438.686
438.682
438.678
438.677
438.676
438.672
438.671
438.659
438.657
438.657
438.656
438.656
438.656
438.655
438.649
438.648
438.647
438.647
438.647
438.646
438.646
438.646
438.646
438.645
438.645
438.644
438.644
438.644
438.644
438.643
438.643
438.642
438.642
438.642
438.642
438.641
438.641
438.641
438.641
438.641
438.641
438.641
438.64
438.64
438.64
438.64
438.64
438.64
438.639
438.639
438.639
438.639
438.639
438.639
438.639
438.639
438.639
438.639
438.639
438.639
438.638
438.638
438.638
438.638
438.637
438.637
438.637
438.637
438.637
438.637
438.637
438.637
438.637
438.637
438.637
438.637
438.636
438.636
438.636
438.636
438.636
438.636
438.636
438.636
438.636
438.635
438.632
438.629
438.628
438.627
438.626
438.626
438.626
438.626
438.621
438.62
438.62
438.619
438.619
438.619
438.617
438.617
438.616
438.616
438.616
438.615
438.615
438.615
438.615
438.615
438.614
438.611
438.61
438.61
438.61
438.61
438.609
438.609
438.608
438.607
438.607
438.606
438.606
438.606
438.606
438.605
438.605
438.605
438.605
438.605
438.605
438.605
438.604
438.604
438.604
438.604
438.604
438.604
438.603
438.603
438.603
438.603
438.602
438.602
438.602
438.602
438.602
438.602
438.602
438.602
438.602
438.602
438.602
438.601
438.601
438.599
438.599
438.598
438.598
438.598
438.598
438.597
438.597
438.597
438.597
438.596
438.596
438.596
438.596
438.596
438.596
438.596
438.596
438.596
438.596
438.596
438.596
