# steering_fantomas.txt
# 2024-10-17 22:29:54
# improved chi2 during fitting process
926.838
926.651
926.298
925.95
916.636
914.646
912.486
911.99
911.935
663.107
659.554
659.539
659.507
659.434
659.395
659.342
560.072
558.9
558.318
558.225
558.169
558.147
506.179
470.589
468.879
468.854
468.848
468.846
468.824
468.822
460.375
460.364
460.361
459.78
459.544
459.526
459.518
459.516
459.514
459.036
457.394
455.554
455.546
455.546
455.54
455.533
455.086
453.51
453.228
452.485
452.482
452.482
452.473
452.47
452.461
449.643
449.406
449.405
449.404
449.404
449.403
449.397
449.082
449.041
449.04
449.039
449.037
448.869
448.727
448.723
448.718
448.467
448.335
448.334
448.33
448.267
448.267
448.262
448.262
448.228
448.097
447.942
447.939
447.938
447.937
447.937
447.932
447.851
447.848
447.847
447.847
447.846
447.843
447.84
447.822
447.82
447.819
447.819
447.817
447.786
447.709
447.706
447.706
447.705
447.705
447.7
447.692
447.69
447.688
447.683
447.681
447.655
447.631
447.631
447.628
447.628
447.627
447.623
447.593
447.523
447.356
447.142
447.115
447.113
447.113
447.026
447.025
447.025
447.024
447.023
446.99
446.99
446.99
446.989
446.988
446.967
446.952
446.95
446.947
446.946
446.933
446.876
446.796
446.79
446.788
446.788
446.788
446.787
446.786
446.785
446.619
446.571
446.567
446.565
446.563
446.562
446.485
446.48
446.479
446.395
446.273
446.271
446.271
446.27
446.269
446.269
446.222
446.219
446.219
446.218
446.217
446.205
446.201
446.201
446.2
446.2
446.193
446.193
446.192
446.188
446.186
446.186
446.186
446.186
446.185
446.185
446.185
446.184
446.184
446.183
446.182
446.181
446.178
446.165
446.137
446.104
446.103
446.102
446.053
446.029
446.027
446.024
446.024
446.01
446.004
446.003
446.003
446.003
446.003
446.003
445.987
445.98
445.98
445.978
445.978
445.968
445.958
445.958
445.957
445.957
445.957
445.957
445.957
445.95
445.949
445.949
445.948
445.948
445.945
445.944
445.944
445.942
445.942
445.941
445.941
445.941
445.941
445.941
445.941
445.941
445.941
445.941
445.941
