# steering_fantomas.txt
# 2024-10-18 08:59:51
# improved chi2 during fitting process
926.838
926.651
926.298
925.95
916.636
914.646
912.486
911.99
911.935
617.388
617.38
617.361
617.275
617.255
617.178
523.997
523.908
523.868
523.845
481.902
474.546
474.515
474.512
474.509
474.5
472.869
471.038
471.026
471.014
470.528
470.296
470.293
470.286
470.284
469.925
468.731
467.677
467.671
467.662
467.025
466.992
466.983
466.977
466.715
465.867
465.405
465.377
465.37
463.481
457.735
457.062
455.804
455.795
455.789
455.784
455.511
454.516
454.497
454.496
454.487
452.949
452.381
452.364
452.361
451.657
451.651
451.649
451.64
451.636
451.162
451.152
451.141
451.141
451.134
450.853
450.735
450.734
450.726
450.725
450.5
449.949
449.902
449.9
449.897
449.897
449.896
449.714
449.708
449.707
449.704
449.7
449.646
449.565
449.563
449.553
449.434
449.118
449.081
449.079
449.077
449.073
449.006
448.948
448.947
448.944
448.944
448.937
448.896
448.894
448.894
448.893
448.886
448.884
448.883
448.883
448.882
448.876
448.853
448.799
448.705
448.701
448.699
448.698
448.696
448.693
448.668
448.608
448.435
447.994
447.459
447.453
447.452
447.45
447.247
447.245
447.243
447.243
447.241
447.129
447.127
447.125
447.074
447.069
447.069
447.068
447.068
447.068
447.06
447.06
447.06
447.06
447.059
447.058
447.057
447.057
447.056
447.056
447.056
447.056
447.055
447.055
447.055
447.055
447.054
447.052
447.046
447.034
447.033
447.033
447.032
447.032
447.032
447.032
447.032
447.012
447.009
447.007
446.997
446.994
446.993
446.993
446.993
446.993
446.989
446.989
446.989
446.988
446.988
446.987
446.987
446.987
446.987
446.987
446.987
446.987
446.987
446.987
