448.8399211
448.8399206
448.8395498
448.8394051
448.746521
448.7021508
448.6987963
448.5497645
448.5413738
448.5404793
448.5401227
448.0719767
447.9913333
447.9900279
447.9886647
447.9880798
447.9875791
447.9870638
447.7473122
447.7090597
447.708752
447.7043393
447.7040464
447.703594
447.522529
447.2990489
447.296683
447.2946599
447.2919055
447.2907037
447.1307407
446.559532
445.7747841
445.6931805
445.6872022
445.6812068
445.6760678
444.4336237
444.4301727
444.4230048
444.2024222
444.0244824
444.023066
444.0188968
444.0165577
443.5130724
443.1995884
443.1955773
443.1927834
443.1897692
443.188485
442.7877441
441.7304649
441.6620663
441.651175
441.6506852
441.6468912
441.6432054
441.2881185
440.2335901
440.06842
440.0554611
440.0503742
440.0473438
439.7398222
439.1154398
439.1070228
439.1048368
439.1039046
439.0998081
438.828823
438.0111514
437.7094853
437.7056995
437.7024297
437.7014119
437.6986785
437.6056539
436.9461604
436.9362077
436.9356288
436.9333773
436.1020164
435.7269323
435.7202441
435.711245
434.9883962
434.6398762
434.5989667
434.5889943
434.5745101
434.5718213
434.5615233
434.0352224
433.5997601
433.5962937
433.5699628
433.5639775
433.5598081
433.5535127
433.5319229
433.3015491
433.3011334
433.2992251
433.2979641
433.1662376
433.1629664
433.1601637
433.1575396
433.0917861
433.0783888
433.0777635
433.0774123
433.0757166
433.0262885
432.9767571
432.9730561
432.9725165
432.9722179
432.9715209
432.9712774
432.9712312
432.9351011
432.8742385
432.8723029
432.8719102
432.8691621
432.8520599
432.8518148
432.8502353
432.8474651
432.8449802
432.8424421
432.8423661
432.8408717
432.8374595
432.8223079
432.8085066
432.8079815
432.8074072
432.8058793
432.8057838
432.8028784
432.7575915
432.7056147
432.7050201
432.7045855
432.7043094
432.7037316
432.7036544
432.6626247
432.6592744
432.6587721
432.6577921
432.6569195
432.6560348
432.6493912
432.644807
432.6447875
432.6423755
432.6410376
432.6348484
432.6181882
432.6181706
432.6169127
432.6159836
432.582945
432.5184032
432.5170623
432.5166015
432.5097373
432.4894829
432.4826927
432.4819095
432.4817669
432.4817087
432.4788241
432.4780336
432.4565747
432.4381909
432.3916445
432.3899166
432.3880525
432.3863582
432.3859242
432.3840768
432.38295
432.3821625
432.3803022
432.3784855
432.3784661
432.3721657
432.35119
432.3478141
432.3476925
432.3463095
432.3448327
432.3200732
432.2909823
432.2905885
432.2905564
432.2899507
432.2897325
432.2894558
432.288508
432.2415489
432.2367638
432.2365294
432.2353476
432.2349714
432.2279878
432.2278887
432.2269333
432.2263315
432.2256607
432.2254584
432.2249591
432.2242869
432.2242726
432.2242045
432.2241051
432.2240231
432.224001
432.223908
432.2238691
432.2237397
432.2237397
432.2234994
432.2234575
432.2234221
432.2233612
432.223325
432.2231942
432.2174299
432.2173633
432.2172078
432.2171925
432.2171497
432.2171408
432.2169859
432.2169859
432.2169859
432.2169148
432.2168264
432.2167248
432.2167248
432.2167248
432.2167052
432.2166303
432.2166178
432.2166141
432.2166141
432.2165973
432.216595
432.216595
432.2165342
432.2164353
432.216297
