flagcheck = FIX

Special value detected for control point x = 0.001
Using metamorph::f(x) = Carrier(x) for control point.
flagcheck = 0.19
flagcheck = FIX

Special value detected for control point x = 0.001
Using metamorph::f(x) = Carrier(x) for control point.
flagcheck = -0.44
flagcheck = FIX

Special value detected for control point x = 0.001
Using metamorph::f(x) = Carrier(x) for control point.
flagcheck = -0.01
Fantomas intput card read successfully... 


Condition number for matrix T in metamorph for ifl= 1 is: 4.79235

Caution: A higher condition number may result in a poor metamorph.
Note: Condition number will increase with more control points added.
      The condition number may be improved by selecting different control points.

Condition number for matrix T in metamorph for ifl= 0 is: 4.79235

Caution: A higher condition number may result in a poor metamorph.
Note: Condition number will increase with more control points added.
      The condition number may be improved by selecting different control points.

Condition number for matrix T in metamorph for ifl= 2 is: 4.79235

Caution: A higher condition number may result in a poor metamorph.
Note: Condition number will increase with more control points added.
      The condition number may be improved by selecting different control points.
Set evolution order 2
xGrid[0]: 9.9e-07
Requested (actual) number of x  grid points: 100(98)
Requested (actual) number of Q2 grid points: 60(62)
Variable Flavour Number Scheme set with nf=5
LHAPDF 6.5.4 loading /users/lkotz/share/lhapdf/6.5.4_gcc11.2/share/LHAPDF/nCTEQ15FullNuc_1_1/nCTEQ15FullNuc_1_1_0000.dat
nCTEQ15FullNuc_1_1 PDF set, member #0, version 1; LHAPDF ID = 102000
LHAPDF 6.5.4 loading /users/lkotz/share/lhapdf/6.5.4_gcc11.2/share/LHAPDF/nCTEQ15FullNuc_184_74/nCTEQ15FullNuc_184_74_0000.dat
nCTEQ15FullNuc_184_74 PDF set, member #0, version 1; LHAPDF ID = 102900
appl::grid() version 1.6.9 compiled Jun 27 2023
appl::grid() reading grid from file datafiles/fixedTarget/NA10/gridNA10_194-0.root	:  applgrid version 1.4.70 (transformed to 1.6.9)
appl::grid() read grid, size 0.28204 MB	in 1160.14 ms	trim in 0.071 ms
appl::grid() reading grid from file datafiles/fixedTarget/NA10/gridNA10_194-1.root	:  applgrid version 1.4.70 (transformed to 1.6.9)
appl::grid() read grid, size 0.271591 MB	in 55.991 ms	trim in 0.073 ms
appl::grid() reading grid from file datafiles/fixedTarget/NA10/gridNA10_194-2.root	:  applgrid version 1.4.70 (transformed to 1.6.9)
appl::grid() read grid, size 0.310833 MB	in 64.86 ms	trim in 0.087 ms
appl::grid() reading grid from file datafiles/fixedTarget/NA10/gridNA10_194-3.root	:  applgrid version 1.4.70 (transformed to 1.6.9)
appl::grid() read grid, size 0.310089 MB	in 65.067 ms	trim in 0.088 ms
appl::grid() reading grid from file datafiles/fixedTarget/NA10/gridNA10_194-4.root	:  applgrid version 1.4.70 (transformed to 1.6.9)
appl::grid() read grid, size 0.339478 MB	in 73.73 ms	trim in 0.1 ms
appl::grid() reading grid from file datafiles/fixedTarget/NA10/gridNA10_194-5.root	:  applgrid version 1.4.70 (transformed to 1.6.9)
appl::grid() read grid, size 0.324944 MB	in 73.409 ms	trim in 0.115 ms
appl::grid() reading grid from file datafiles/fixedTarget/NA10/gridNA10_194-6.root	:  applgrid version 1.4.70 (transformed to 1.6.9)
appl::grid() read grid, size 0.340405 MB	in 81.382 ms	trim in 0.109 ms
appl::grid() reading grid from file datafiles/fixedTarget/NA10/gridNA10_194-7.root	:  applgrid version 1.4.70 (transformed to 1.6.9)
appl::grid() read grid, size 0.268078 MB	in 71.507 ms	trim in 0.093 ms
  +---------------------------------------------------------------------+   
  |                                                                     |   
  |    If you use QCDNUM, please refer to:                              |   
  |                                                                     |   
  |    M. Botje, Comput. Phys. Commun. 182(2011)490, arXiV:1005.1481    |   
  |                                                                     |   
  +---------------------------------------------------------------------+   
  
  

 READWT: open file unpolarised.wgt
         read unpolarised weight tables


Will read   50 data files
Will read    0 correlation files
Read    0 correlation files
 RANLUX LUXURY LEVEL SET BY RLUXGO : 3     P= 223
 RANLUX INITIALIZED BY RLUXGO FROM SEEDS      123456           0           0
 initialize smearing with a seed isdrn =       123456
 Reading data file datafiles/fixedTarget/NA10/thexp-0.dat
 Dataset index set to =      2677071
 First time in FailSelectionCuts. Read the cut definitions
 Read   0 cut rules
Read       6 data points for NA10-194-0                                                                      
Printing first    3 data points
xf_low        xf_high                sigma
   -0.1000E+00    0.0000E+00    0.3720E+01
    0.0000E+00    0.1000E+00    0.4360E+01
    0.1000E+00    0.2000E+00    0.4450E+01
 Reading data file datafiles/fixedTarget/NA10/thexp-1.dat
 Dataset index set to =      7291600
Read       6 data points for NA10-194-1                                                                      
Printing first    3 data points
xf_low        xf_high                sigma
   -0.1000E+00    0.0000E+00    0.1860E+01
    0.0000E+00    0.1000E+00    0.2330E+01
    0.1000E+00    0.2000E+00    0.2330E+01
 Reading data file datafiles/fixedTarget/NA10/thexp-2.dat
 Dataset index set to =      1906129
Read       7 data points for NA10-194-2                                                                      
Printing first    3 data points
xf_low        xf_high                sigma
   -0.1000E+00    0.0000E+00    0.1010E+01
    0.0000E+00    0.1000E+00    0.1270E+01
    0.1000E+00    0.2000E+00    0.1350E+01
 Reading data file datafiles/fixedTarget/NA10/thexp-3.dat
 Dataset index set to =      6520658
Read       7 data points for NA10-194-3                                                                      
Printing first    3 data points
xf_low        xf_high                sigma
   -0.1000E+00    0.0000E+00    0.6010E+00
    0.0000E+00    0.1000E+00    0.7460E+00
    0.1000E+00    0.2000E+00    0.7950E+00
 Reading data file datafiles/fixedTarget/NA10/thexp-4.dat
 Dataset index set to =      1135187
Read       8 data points for NA10-194-4                                                                      
Printing first    3 data points
xf_low        xf_high                sigma
   -0.1000E+00    0.0000E+00    0.3560E+00
    0.0000E+00    0.1000E+00    0.4340E+00
    0.1000E+00    0.2000E+00    0.4750E+00
 Reading data file datafiles/fixedTarget/NA10/thexp-5.dat
 Dataset index set to =      5749716
Read       8 data points for NA10-194-5                                                                      
Printing first    3 data points
xf_low        xf_high                sigma
   -0.1000E+00    0.0000E+00    0.1940E+00
    0.0000E+00    0.1000E+00    0.2550E+00
    0.1000E+00    0.2000E+00    0.3000E+00
 Reading data file datafiles/fixedTarget/NA10/thexp-6.dat
 Dataset index set to =       364245
Read       9 data points for NA10-194-6                                                                      
Printing first    3 data points
xf_low        xf_high                sigma
   -0.1000E+00    0.0000E+00    0.1180E+00
    0.0000E+00    0.1000E+00    0.1500E+00
    0.1000E+00    0.2000E+00    0.1940E+00
 Reading data file datafiles/fixedTarget/NA10/thexp-7.dat
 Dataset index set to =      4978774
Read       8 data points for NA10-194-7                                                                      
Printing first    3 data points
xf_low        xf_high                sigma
appl::grid() reading grid from file datafiles/fixedTarget/NA10/gridNA10_194-8.root	:  applgrid version 1.4.70 (transformed to 1.6.9)
appl::grid() read grid, size 0.23925 MB	in 70.269 ms	trim in 0.092 ms
appl::grid() reading grid from file datafiles/fixedTarget/WA70/grid-WA70-0.root	:  applgrid version 1.4.70 (transformed to 1.6.9)
appl::grid() read grid, size 4.29711 MB	in 911.086 ms	trim in 4.111 ms
appl::grid() reading grid from file datafiles/fixedTarget/WA70/grid-WA70-1.root	:  applgrid version 1.4.70 (transformed to 1.6.9)
appl::grid() read grid, size 4.20779 MB	in 914.298 ms	trim in 4.494 ms
appl::grid() reading grid from file datafiles/fixedTarget/WA70/grid-WA70-2.root	:  applgrid version 1.4.70 (transformed to 1.6.9)
appl::grid() read grid, size 4.24684 MB	in 922.06 ms	trim in 4.572 ms
appl::grid() reading grid from file datafiles/fixedTarget/WA70/grid-WA70-3.root	:  applgrid version 1.4.70 (transformed to 1.6.9)
appl::grid() read grid, size 4.07009 MB	in 911.812 ms	trim in 4.824 ms
appl::grid() reading grid from file datafiles/fixedTarget/WA70/grid-WA70-4.root	:  applgrid version 1.4.70 (transformed to 1.6.9)
appl::grid() read grid, size 4.03455 MB	in 922.306 ms	trim in 4.275 ms
appl::grid() reading grid from file datafiles/fixedTarget/WA70/grid-WA70-5.root	:  applgrid version 1.4.70 (transformed to 1.6.9)
appl::grid() read grid, size 3.87847 MB	in 926.392 ms	trim in 5.14 ms
appl::grid() reading grid from file datafiles/fixedTarget/WA70/grid-WA70-6.root	:  applgrid version 1.4.70 (transformed to 1.6.9)
appl::grid() read grid, size 3.06103 MB	in 731.161 ms	trim in 3.498 ms
appl::grid() reading grid from file datafiles/fixedTarget/WA70positive/grid-WA70plus-0.root	:  applgrid version 1.4.70 (transformed to 1.6.9)
appl::grid() read grid, size 2.19099 MB	in 468.413 ms	trim in 1.985 ms
appl::grid() reading grid from file datafiles/fixedTarget/WA70positive/grid-WA70plus-1.root	:  applgrid version 1.4.70 (transformed to 1.6.9)
appl::grid() read grid, size 2.13609 MB	in 464.629 ms	trim in 1.629 ms
   -0.1000E+00    0.0000E+00    0.5000E-02
    0.0000E+00    0.1000E+00    0.7400E-02
    0.1000E+00    0.2000E+00    0.1000E-01
 Reading data file datafiles/fixedTarget/NA10/thexp-8.dat
 Dataset index set to =      9593303
Read       8 data points for NA10-194-8                                                                      
Printing first    3 data points
xf_low        xf_high                sigma
   -0.2000E+00   -0.1000E+00    0.5000E-03
   -0.1000E+00    0.0000E+00    0.7000E-03
    0.0000E+00    0.1000E+00    0.1300E-02
 Reading data file datafiles/fixedTarget/WA70/thexp-0.dat
 Dataset index set to =      1922014
Read      10 data points for WA70-0                                                                          
Printing first    3 data points
xf_low        xf_high                sigma
   -0.4500E+00   -0.3500E+00    0.1070E+02
   -0.3500E+00   -0.2500E+00    0.4710E+02
   -0.2500E+00   -0.1500E+00    0.7570E+02
 Reading data file datafiles/fixedTarget/WA70/thexp-1.dat
 Dataset index set to =      6536543
Read      10 data points for WA70-1                                                                          
Printing first    3 data points
xf_low        xf_high                sigma
   -0.4500E+00   -0.3500E+00    0.2790E+02
   -0.3500E+00   -0.2500E+00    0.3500E+02
   -0.2500E+00   -0.1500E+00    0.4530E+02
 Reading data file datafiles/fixedTarget/WA70/thexp-2.dat
 Dataset index set to =      1151072
Read      10 data points for WA70-2                                                                          
Printing first    3 data points
xf_low        xf_high                sigma
   -0.4500E+00   -0.3500E+00    0.8000E+01
   -0.3500E+00   -0.2500E+00    0.1990E+02
   -0.2500E+00   -0.1500E+00    0.3390E+02
 Reading data file datafiles/fixedTarget/WA70/thexp-3.dat
 Dataset index set to =      5765601
Read      10 data points for WA70-3                                                                          
Printing first    3 data points
xf_low        xf_high                sigma
   -0.4500E+00   -0.3500E+00    0.7700E+01
   -0.3500E+00   -0.2500E+00    0.1670E+02
   -0.2500E+00   -0.1500E+00    0.1980E+02
 Reading data file datafiles/fixedTarget/WA70/thexp-4.dat
 Dataset index set to =       380130
Read      10 data points for WA70-4                                                                          
Printing first    3 data points
xf_low        xf_high                sigma
   -0.4500E+00   -0.3500E+00    0.1700E+01
   -0.3500E+00   -0.2500E+00    0.4300E+01
   -0.2500E+00   -0.1500E+00    0.9700E+01
 Reading data file datafiles/fixedTarget/WA70/thexp-5.dat
 Dataset index set to =      4994659
Read      10 data points for WA70-5                                                                          
Printing first    3 data points
xf_low        xf_high                sigma
   -0.4500E+00   -0.3500E+00    0.2000E+01
   -0.3500E+00   -0.2500E+00    0.2100E+01
   -0.2500E+00   -0.1500E+00    0.6200E+01
 Reading data file datafiles/fixedTarget/WA70/thexp-6.dat
 Dataset index set to =      9609188
Read       8 data points for WA70-6                                                                          
Printing first    3 data points
xf_low        xf_high                sigma
   -0.2500E+00   -0.1500E+00    0.1190E+01
   -0.1500E+00   -0.5000E-01    0.1350E+01
   -0.5000E-01    0.5000E-01    0.1510E+01
 Reading data file datafiles/fixedTarget/WA70positive/thexp-0.dat
 Dataset index set to =      2856401
Read       5 data points for WA70plus-0                                                                      
Printing first    3 data points
xf_low        xf_high                sigma
   -0.4500E+00   -0.2500E+00    0.1930E+02
   -0.2500E+00   -0.5000E-01    0.4730E+02
   -0.5000E-01    0.1500E+00    0.4400E+02
 Reading data file datafiles/fixedTarget/WA70positive/thexp-1.dat
 Dataset index set to =      6946642
Read       5 data points for WA70plus-1                                                                      
Printing first    3 data points
xf_low        xf_high                sigma
appl::grid() reading grid from file datafiles/fixedTarget/WA70positive/grid-WA70plus-2.root	:  applgrid version 1.4.70 (transformed to 1.6.9)
appl::grid() read grid, size 2.1689 MB	in 465.06 ms	trim in 1.717 ms
appl::grid() reading grid from file datafiles/fixedTarget/WA70positive/grid-WA70plus-3.root	:  applgrid version 1.4.70 (transformed to 1.6.9)
appl::grid() read grid, size 2.07666 MB	in 463.627 ms	trim in 1.824 ms
appl::grid() reading grid from file datafiles/fixedTarget/WA70positive/grid-WA70plus-4.root	:  applgrid version 1.4.70 (transformed to 1.6.9)
appl::grid() read grid, size 2.0679 MB	in 457.759 ms	trim in 1.753 ms
appl::grid() reading grid from file datafiles/fixedTarget/WA70positive/grid-WA70plus-5.root	:  applgrid version 1.4.70 (transformed to 1.6.9)
appl::grid() read grid, size 1.1996 MB	in 276.046 ms	trim in 0.844 ms
appl::grid() reading grid from file datafiles/fixedTarget/WA70positive/grid-WA70plus-6.root	:  applgrid version 1.4.70 (transformed to 1.6.9)
appl::grid() read grid, size 1.16052 MB	in 276.254 ms	trim in 0.966 ms
appl::grid() reading grid from file datafiles/fixedTarget/NA10-286/gridNA10_286-0.root	:  applgrid version 1.4.70 (transformed to 1.6.9)
appl::grid() read grid, size 0.189674 MB	in 39.277 ms	trim in 0.072 ms
appl::grid() reading grid from file datafiles/fixedTarget/NA10-286/gridNA10_286-1.root	:  applgrid version 1.4.70 (transformed to 1.6.9)
appl::grid() read grid, size 0.23687 MB	in 48.367 ms	trim in 0.084 ms
appl::grid() reading grid from file datafiles/fixedTarget/NA10-286/gridNA10_286-2.root	:  applgrid version 1.4.70 (transformed to 1.6.9)
appl::grid() read grid, size 0.228916 MB	in 47.92 ms	trim in 0.084 ms
appl::grid() reading grid from file datafiles/fixedTarget/NA10-286/gridNA10_286-3.root	:  applgrid version 1.4.70 (transformed to 1.6.9)
appl::grid() read grid, size 0.273388 MB	in 57.04 ms	trim in 0.104 ms
appl::grid() reading grid from file datafiles/fixedTarget/NA10-286/gridNA10_286-4.root	:  applgrid version 1.4.70 (transformed to 1.6.9)
appl::grid() read grid, size 0.317986 MB	in 66.677 ms	trim in 0.122 ms
   -0.4500E+00   -0.2500E+00    0.1140E+02
   -0.2500E+00   -0.5000E-01    0.4070E+02
   -0.5000E-01    0.1500E+00    0.3570E+02
 Reading data file datafiles/fixedTarget/WA70positive/thexp-2.dat
 Dataset index set to =      1036883
Read       5 data points for WA70plus-2                                                                      
Printing first    3 data points
xf_low        xf_high                sigma
   -0.4500E+00   -0.2500E+00    0.1100E+02
   -0.2500E+00   -0.5000E-01    0.1880E+02
   -0.5000E-01    0.1500E+00    0.1850E+02
 Reading data file datafiles/fixedTarget/WA70positive/thexp-3.dat
 Dataset index set to =      5127124
Read       5 data points for WA70plus-3                                                                      
Printing first    3 data points
xf_low        xf_high                sigma
   -0.4500E+00   -0.2500E+00    0.6600E+01
   -0.2500E+00   -0.5000E-01    0.9800E+01
   -0.5000E-01    0.1500E+00    0.1780E+02
 Reading data file datafiles/fixedTarget/WA70positive/thexp-4.dat
 Dataset index set to =      9217365
Read       5 data points for WA70plus-4                                                                      
Printing first    3 data points
xf_low        xf_high                sigma
   -0.4500E+00   -0.2500E+00    0.1800E+01
   -0.2500E+00   -0.5000E-01    0.5500E+01
   -0.5000E-01    0.1500E+00    0.8000E+01
 Reading data file datafiles/fixedTarget/WA70positive/thexp-5.dat
 Dataset index set to =      3307606
Read       3 data points for WA70plus-5                                                                      
Printing first    3 data points
xf_low        xf_high                sigma
   -0.2500E+00   -0.5000E-01    0.2200E+01
   -0.5000E-01    0.1500E+00    0.2300E+01
    0.1500E+00    0.3500E+00    0.6000E+00
 Reading data file datafiles/fixedTarget/WA70positive/thexp-6.dat
 Dataset index set to =      7397847
Read       3 data points for WA70plus-6                                                                      
Printing first    3 data points
xf_low        xf_high                sigma
   -0.2500E+00   -0.5000E-01    0.8000E+00
   -0.5000E-01    0.1500E+00    0.4000E+00
    0.1500E+00    0.3500E+00    0.5000E+00
 Reading data file datafiles/fixedTarget/NA10-286/thexp-0.dat
 Dataset index set to =      5410532
Read       4 data points for NA10-286-0                                                                      
Printing first    3 data points
xf_low        xf_high                sigma
   -0.1000E+00    0.0000E+00    0.5650E+01
    0.0000E+00    0.1000E+00    0.6210E+01
    0.1000E+00    0.2000E+00    0.5850E+01
 Reading data file datafiles/fixedTarget/NA10-286/thexp-1.dat
 Dataset index set to =      1058147
Read       5 data points for NA10-286-1                                                                      
Printing first    3 data points
xf_low        xf_high                sigma
   -0.1000E+00    0.0000E+00    0.2760E+01
    0.0000E+00    0.1000E+00    0.3050E+01
    0.1000E+00    0.2000E+00    0.2980E+01
 Reading data file datafiles/fixedTarget/NA10-286/thexp-2.dat
 Dataset index set to =      6705762
Read       5 data points for NA10-286-2                                                                      
Printing first    3 data points
xf_low        xf_high                sigma
   -0.1000E+00    0.0000E+00    0.1350E+01
    0.0000E+00    0.1000E+00    0.1530E+01
    0.1000E+00    0.2000E+00    0.1600E+01
 Reading data file datafiles/fixedTarget/NA10-286/thexp-3.dat
 Dataset index set to =      2353377
Read       6 data points for NA10-286-3                                                                      
Printing first    3 data points
xf_low        xf_high                sigma
   -0.2000E+00   -0.1000E+00    0.5370E+00
   -0.1000E+00    0.0000E+00    0.7840E+00
    0.0000E+00    0.1000E+00    0.8810E+00
 Reading data file datafiles/fixedTarget/NA10-286/thexp-4.dat
 Dataset index set to =      8000992
Read       7 data points for NA10-286-4                                                                      
Printing first    3 data points
appl::grid() reading grid from file datafiles/fixedTarget/NA10-286/gridNA10_286-5.root	:  applgrid version 1.4.70 (transformed to 1.6.9)
appl::grid() read grid, size 0.34964 MB	in 76.258 ms	trim in 0.139 ms
appl::grid() reading grid from file datafiles/fixedTarget/NA10-286/gridNA10_286-6.root	:  applgrid version 1.4.70 (transformed to 1.6.9)
appl::grid() read grid, size 0.314209 MB	in 74.228 ms	trim in 0.123 ms
appl::grid() reading grid from file datafiles/fixedTarget/NA10-286/gridNA10_286-7.root	:  applgrid version 1.4.70 (transformed to 1.6.9)
appl::grid() read grid, size 0.325207 MB	in 81.414 ms	trim in 0.136 ms
appl::grid() reading grid from file datafiles/fixedTarget/NA10-286/gridNA10_286-8.root	:  applgrid version 1.4.70 (transformed to 1.6.9)
appl::grid() read grid, size 0.288746 MB	in 74.685 ms	trim in 0.133 ms
appl::grid() reading grid from file datafiles/fixedTarget/NA10-286/gridNA10_286-9.root	:  applgrid version 1.4.70 (transformed to 1.6.9)
appl::grid() read grid, size 0.307011 MB	in 80.926 ms	trim in 0.148 ms
appl::grid() reading grid from file datafiles/fixedTarget/NA10-286/gridNA10_286-10.root	:  applgrid version 1.4.70 (transformed to 1.6.9)
appl::grid() read grid, size 0.130966 MB	in 36.562 ms	trim in 0.059 ms
appl::grid() reading grid from file datafiles/fixedTarget/E615/grid_mumu-0.root	:  applgrid version 1.4.70 (transformed to 1.6.9)
appl::grid() read grid, size 0.490482 MB	in 111.627 ms	trim in 0.195 ms
appl::grid() reading grid from file datafiles/fixedTarget/E615/grid_mumu-1.root	:  applgrid version 1.4.70 (transformed to 1.6.9)
appl::grid() read grid, size 0.493229 MB	in 111.975 ms	trim in 0.217 ms
appl::grid() reading grid from file datafiles/fixedTarget/E615/grid_mumu-2.root	:  applgrid version 1.4.70 (transformed to 1.6.9)
appl::grid() read grid, size 0.475491 MB	in 115.476 ms	trim in 0.305 ms
appl::grid() reading grid from file datafiles/fixedTarget/E615/grid_mumu-3.root	:  applgrid version 1.4.70 (transformed to 1.6.9)
appl::grid() read grid, size 0.464184 MB	in 111.565 ms	trim in 0.212 ms
xf_low        xf_high                sigma
   -0.2000E+00   -0.1000E+00    0.2780E+00
   -0.1000E+00    0.0000E+00    0.4370E+00
    0.0000E+00    0.1000E+00    0.5040E+00
 Reading data file datafiles/fixedTarget/NA10-286/thexp-5.dat
 Dataset index set to =      3648607
Read       8 data points for NA10-286-5                                                                      
Printing first    3 data points
xf_low        xf_high                sigma
   -0.2000E+00   -0.1000E+00    0.1170E+00
   -0.1000E+00    0.0000E+00    0.2600E+00
    0.0000E+00    0.1000E+00    0.3240E+00
 Reading data file datafiles/fixedTarget/NA10-286/thexp-6.dat
 Dataset index set to =      9296222
Read       8 data points for NA10-286-6                                                                      
Printing first    3 data points
xf_low        xf_high                sigma
   -0.2000E+00   -0.1000E+00    0.2800E-01
   -0.1000E+00    0.0000E+00    0.3600E-01
    0.0000E+00    0.1000E+00    0.4800E-01
 Reading data file datafiles/fixedTarget/NA10-286/thexp-7.dat
 Dataset index set to =      4943837
Read       9 data points for NA10-286-7                                                                      
Printing first    3 data points
xf_low        xf_high                sigma
   -0.2000E+00   -0.1000E+00    0.1000E-01
   -0.1000E+00    0.0000E+00    0.1800E-01
    0.0000E+00    0.1000E+00    0.1800E-01
 Reading data file datafiles/fixedTarget/NA10-286/thexp-8.dat
 Dataset index set to =       591452
Read       8 data points for NA10-286-8                                                                      
Printing first    3 data points
xf_low        xf_high                sigma
   -0.2000E+00   -0.1000E+00    0.7000E-02
   -0.1000E+00    0.0000E+00    0.6000E-02
    0.0000E+00    0.1000E+00    0.9000E-02
 Reading data file datafiles/fixedTarget/NA10-286/thexp-9.dat
 Dataset index set to =      6239067
Read       9 data points for NA10-286-9                                                                      
Printing first    3 data points
xf_low        xf_high                sigma
   -0.2000E+00   -0.1000E+00    0.1900E-02
   -0.1000E+00    0.0000E+00    0.2800E-02
    0.0000E+00    0.1000E+00    0.3000E-02
 Reading data file datafiles/fixedTarget/NA10-286/thexp-10.dat
 Dataset index set to =      7607379
Read       4 data points for NA10-286-10                                                                     
Printing first    3 data points
xf_low        xf_high                sigma
    0.0000E+00    0.1000E+00    0.3000E-03
    0.1000E+00    0.2000E+00    0.8000E-03
    0.2000E+00    0.3000E+00    0.1000E-02
 Reading data file datafiles/fixedTarget/E615/thexp-0.dat
 Dataset index set to =      2383552
Read      12 data points for E615-0                                                                          
Printing first    3 data points
xf_low        xf_high                sigma
   -0.2000E+00   -0.1000E+00   -0.1000E+01
   -0.1000E+00    0.0000E+00   -0.1000E+01
    0.0000E+00    0.1000E+00    0.4660E+01
 Reading data file datafiles/fixedTarget/E615/thexp-1.dat
 Dataset index set to =      6998081
Read      12 data points for E615-1                                                                          
Printing first    3 data points
xf_low        xf_high                sigma
   -0.2000E+00   -0.1000E+00   -0.1000E+01
   -0.1000E+00    0.0000E+00    0.2400E+01
    0.0000E+00    0.1000E+00    0.2860E+01
 Reading data file datafiles/fixedTarget/E615/thexp-2.dat
 Dataset index set to =      1612610
Read      12 data points for E615-2                                                                          
Printing first    3 data points
xf_low        xf_high                sigma
   -0.2000E+00   -0.1000E+00   -0.1000E+01
   -0.1000E+00    0.0000E+00    0.1642E+01
    0.0000E+00    0.1000E+00    0.1787E+01
 Reading data file datafiles/fixedTarget/E615/thexp-3.dat
 Dataset index set to =      6227139
Read      12 data points for E615-3                                                                          
Printing first    3 data points
appl::grid() reading grid from file datafiles/fixedTarget/E615/grid_mumu-4.root	:  applgrid version 1.4.70 (transformed to 1.6.9)
appl::grid() read grid, size 0.458508 MB	in 110.375 ms	trim in 0.196 ms
appl::grid() reading grid from file datafiles/fixedTarget/E615/grid_mumu-5.root	:  applgrid version 1.4.70 (transformed to 1.6.9)
appl::grid() read grid, size 0.457706 MB	in 110.085 ms	trim in 0.212 ms
appl::grid() reading grid from file datafiles/fixedTarget/E615/grid_mumu-6.root	:  applgrid version 1.4.70 (transformed to 1.6.9)
appl::grid() read grid, size 0.427334 MB	in 110.202 ms	trim in 0.193 ms
appl::grid() reading grid from file datafiles/fixedTarget/E615/grid_mumu-7.root	:  applgrid version 1.4.70 (transformed to 1.6.9)
appl::grid() read grid, size 0.41914 MB	in 111.616 ms	trim in 0.186 ms
appl::grid() reading grid from file datafiles/fixedTarget/E615/grid_mumu-8.root	:  applgrid version 1.4.70 (transformed to 1.6.9)
appl::grid() read grid, size 0.409859 MB	in 121.877 ms	trim in 0.193 ms
appl::grid() reading grid from file datafiles/fixedTarget/E615/grid_mumu-9.root	:  applgrid version 1.4.70 (transformed to 1.6.9)
appl::grid() read grid, size 0.388241 MB	in 112.714 ms	trim in 0.174 ms
appl::grid() reading grid from file datafiles/fixedTarget/E615/grid_mumu-13.root	:  applgrid version 1.4.70 (transformed to 1.6.9)
appl::grid() read grid, size 0.34156 MB	in 107.466 ms	trim in 0.162 ms
appl::grid() reading grid from file datafiles/fixedTarget/E615/grid_mumu-14.root	:  applgrid version 1.4.70 (transformed to 1.6.9)
appl::grid() read grid, size 0.320034 MB	in 110.684 ms	trim in 0.182 ms
appl::grid() reading grid from file datafiles/fixedTarget/E615/grid_mumu-15.root	:  applgrid version 1.4.70 (transformed to 1.6.9)
appl::grid() read grid, size 0.3162 MB	in 106.565 ms	trim in 0.148 ms
appl::grid() reading grid from file datafiles/fixedTarget/E615/grid_mumu-16.root	:  applgrid version 1.4.70 (transformed to 1.6.9)
appl::grid() read grid, size 0.282063 MB	in 104.801 ms	trim in 0.135 ms
xf_low        xf_high                sigma
   -0.2000E+00   -0.1000E+00    0.7630E+00
   -0.1000E+00    0.0000E+00    0.1075E+01
    0.0000E+00    0.1000E+00    0.1011E+01
 Reading data file datafiles/fixedTarget/E615/thexp-4.dat
 Dataset index set to =       841668
Read      12 data points for E615-4                                                                          
Printing first    3 data points
xf_low        xf_high                sigma
   -0.2000E+00   -0.1000E+00   -0.1000E+01
   -0.1000E+00    0.0000E+00    0.7220E+00
    0.0000E+00    0.1000E+00    0.8630E+00
 Reading data file datafiles/fixedTarget/E615/thexp-5.dat
 Dataset index set to =      5456197
Read      12 data points for E615-5                                                                          
Printing first    3 data points
xf_low        xf_high                sigma
   -0.2000E+00   -0.1000E+00    0.3100E+00
   -0.1000E+00    0.0000E+00    0.4290E+00
    0.0000E+00    0.1000E+00    0.6080E+00
 Reading data file datafiles/fixedTarget/E615/thexp-6.dat
 Dataset index set to =        70726
Read      12 data points for E615-6                                                                          
Printing first    3 data points
xf_low        xf_high                sigma
   -0.2000E+00   -0.1000E+00    0.3880E+00
   -0.1000E+00    0.0000E+00    0.2810E+00
    0.0000E+00    0.1000E+00    0.3660E+00
 Reading data file datafiles/fixedTarget/E615/thexp-7.dat
 Dataset index set to =      4685255
Read      12 data points for E615-7                                                                          
Printing first    3 data points
xf_low        xf_high                sigma
   -0.2000E+00   -0.1000E+00    0.1810E+00
   -0.1000E+00    0.0000E+00    0.2000E+00
    0.0000E+00    0.1000E+00    0.2120E+00
 Reading data file datafiles/fixedTarget/E615/thexp-8.dat
 Dataset index set to =      9299784
Read      12 data points for E615-8                                                                          
Printing first    3 data points
xf_low        xf_high                sigma
   -0.2000E+00   -0.1000E+00    0.7300E-01
   -0.1000E+00    0.0000E+00    0.1640E+00
    0.0000E+00    0.1000E+00    0.1910E+00
 Reading data file datafiles/fixedTarget/E615/thexp-9.dat
 Dataset index set to =      3914313
Read      12 data points for E615-9                                                                          
Printing first    3 data points
xf_low        xf_high                sigma
   -0.2000E+00   -0.1000E+00   -0.1000E+01
   -0.1000E+00    0.0000E+00    0.6900E-01
    0.0000E+00    0.1000E+00    0.1310E+00
 Reading data file datafiles/fixedTarget/E615/thexp-13.dat
 Dataset index set to =      8290132
Read      12 data points for E615-13                                                                         
Printing first    3 data points
xf_low        xf_high                sigma
   -0.2000E+00   -0.1000E+00   -0.1000E+01
   -0.1000E+00    0.0000E+00    0.1140E-01
    0.0000E+00    0.1000E+00    0.2890E-01
 Reading data file datafiles/fixedTarget/E615/thexp-14.dat
 Dataset index set to =      2839125
Read      12 data points for E615-14                                                                         
Printing first    3 data points
xf_low        xf_high                sigma
   -0.2000E+00   -0.1000E+00   -0.1000E+01
   -0.1000E+00    0.0000E+00   -0.1000E+01
    0.0000E+00    0.1000E+00    0.3080E-01
 Reading data file datafiles/fixedTarget/E615/thexp-15.dat
 Dataset index set to =      7388118
Read      12 data points for E615-15                                                                         
Printing first    3 data points
xf_low        xf_high                sigma
   -0.2000E+00   -0.1000E+00   -0.1000E+01
   -0.1000E+00    0.0000E+00    0.1420E-01
    0.0000E+00    0.1000E+00    0.1090E-01
 Reading data file datafiles/fixedTarget/E615/thexp-16.dat
 Dataset index set to =      1937111
Read      12 data points for E615-16                                                                         
Printing first    3 data points
xf_low        xf_high                sigma
appl::grid() reading grid from file datafiles/fixedTarget/E615/grid_mumu-17.root	:  applgrid version 1.4.70 (transformed to 1.6.9)
appl::grid() read grid, size 0.279327 MB	in 102.303 ms	trim in 0.127 ms
   -0.2000E+00   -0.1000E+00   -0.1000E+01
   -0.1000E+00    0.0000E+00   -0.1000E+01
    0.0000E+00    0.1000E+00    0.3070E-01
 Reading data file datafiles/fixedTarget/E615/thexp-17.dat
 Dataset index set to =      6486104
Read      12 data points for E615-17                                                                         
Printing first    3 data points
xf_low        xf_high                sigma
   -0.2000E+00   -0.1000E+00   -0.1000E+01
   -0.1000E+00    0.0000E+00   -0.1000E+01
    0.0000E+00    0.1000E+00    0.1410E-01
 Reading data file datafiles/hera/F2pionEff/h1LeadingNeutronPN221111.dat
 Dataset index set to =      8884129

 ZMFILLW: start weight calculations   4  38   0   0
 ZMFILLW: calculations completed
Read      29 data points for F2pi effective data                                                             
Printing first    3 data points
Q2            x             y                      sigma
    0.7300E+01    0.8160E-03    0.0000E+00    0.4190E+00
    0.7300E+01    0.1740E-02    0.0000E+00    0.3780E+00
    0.7300E+01    0.3710E-02    0.0000E+00    0.3100E+00
 number of points         408
   NO                            NAME    VALUE     STEP    LIM L    LIM H    SHIFT   REDUCT
    2                              As   9.3000   0.1000                                    
    5                           delBg   0.0000   0.1000                                    
    6                           delBs   0.0000   0.1000                                    
    7                           delBv   0.0000   0.1000                                    
    8                           delCg   0.0000   0.1000                                    
    9                           delCs   0.0000   0.1000                                    
   10                           delCv   0.0000   0.1000                                    

 Fantomas output card created successfully... 

   NO                            NAME    VALUE     STEP    LIM L    LIM H    SHIFT   REDUCT
    2                              As   9.3010   0.1000                                    
    5                           delBg   0.0000   0.1000                                    
    6                           delBs   0.0000   0.1000                                    
    7                           delBv   0.0000   0.1000                                    
    8                           delCg   0.0000   0.1000                                    
    9                           delCs   0.0000   0.1000                                    
   10                           delCv   0.0000   0.1000                                    

 Fantomas output card created successfully... 

   NO                            NAME    VALUE     STEP    LIM L    LIM H    SHIFT   REDUCT
    2                              As   9.2990   0.1000                                    
    5                           delBg   0.0000   0.1000                                    
    6                           delBs   0.0000   0.1000                                    
    7                           delBv   0.0000   0.1000                                    
    8                           delCg   0.0000   0.1000                                    
    9                           delCs   0.0000   0.1000                                    
   10                           delCv   0.0000   0.1000                                    
   NO                            NAME    VALUE     STEP    LIM L    LIM H    SHIFT   REDUCT
    2                              As   9.3059   0.1000                                    
    5                           delBg   0.0000   0.1000                                    
    6                           delBs   0.0000   0.1000                                    
    7                           delBv   0.0000   0.1000                                    
    8                           delCg   0.0000   0.1000                                    
    9                           delCs   0.0000   0.1000                                    
   10                           delCv   0.0000   0.1000                                    

 Fantomas output card created successfully... 

   NO                            NAME    VALUE     STEP    LIM L    LIM H    SHIFT   REDUCT
    2                              As   9.2941   0.1000                                    
    5                           delBg   0.0000   0.1000                                    
    6                           delBs   0.0000   0.1000                                    
    7                           delBv   0.0000   0.1000                                    
    8                           delCg   0.0000   0.1000                                    
    9                           delCs   0.0000   0.1000                                    
   10                           delCv   0.0000   0.1000                                    
   NO                            NAME    VALUE     STEP    LIM L    LIM H    SHIFT   REDUCT
    2                              As   9.3000   0.1000                                    
    5                           delBg   0.0010   0.1000                                    
    6                           delBs   0.0000   0.1000                                    
    7                           delBv   0.0000   0.1000                                    
    8                           delCg   0.0000   0.1000                                    
    9                           delCs   0.0000   0.1000                                    
   10                           delCv   0.0000   0.1000                                    
   NO                            NAME    VALUE     STEP    LIM L    LIM H    SHIFT   REDUCT
    2                              As   9.3000   0.1000                                    
    5                           delBg  -0.0010   0.1000                                    
    6                           delBs   0.0000   0.1000                                    
    7                           delBv   0.0000   0.1000                                    
    8                           delCg   0.0000   0.1000                                    
    9                           delCs   0.0000   0.1000                                    
   10                           delCv   0.0000   0.1000                                    
   NO                            NAME    VALUE     STEP    LIM L    LIM H    SHIFT   REDUCT
    2                              As   9.3000   0.1000                                    
    5                           delBg   0.0000   0.1000                                    
    6                           delBs   0.0010   0.1000                                    
    7                           delBv   0.0000   0.1000                                    
    8                           delCg   0.0000   0.1000                                    
    9                           delCs   0.0000   0.1000                                    
   10                           delCv   0.0000   0.1000                                    
   NO                            NAME    VALUE     STEP    LIM L    LIM H    SHIFT   REDUCT
    2                              As   9.3000   0.1000                                    
    5                           delBg   0.0000   0.1000                                    
    6                           delBs  -0.0010   0.1000                                    
    7                           delBv   0.0000   0.1000                                    
    8                           delCg   0.0000   0.1000                                    
    9                           delCs   0.0000   0.1000                                    
   10                           delCv   0.0000   0.1000                                    

 Fantomas output card created successfully... 

   NO                            NAME    VALUE     STEP    LIM L    LIM H    SHIFT   REDUCT
    2                              As   9.3000   0.1000                                    
    5                           delBg   0.0000   0.1000                                    
    6                           delBs   0.0004   0.1000                                    
    7                           delBv   0.0000   0.1000                                    
    8                           delCg   0.0000   0.1000                                    
    9                           delCs   0.0000   0.1000                                    
   10                           delCv   0.0000   0.1000                                    
   NO                            NAME    VALUE     STEP    LIM L    LIM H    SHIFT   REDUCT
    2                              As   9.3000   0.1000                                    
    5                           delBg   0.0000   0.1000                                    
    6                           delBs  -0.0004   0.1000                                    
    7                           delBv   0.0000   0.1000                                    
    8                           delCg   0.0000   0.1000                                    
    9                           delCs   0.0000   0.1000                                    
   10                           delCv   0.0000   0.1000                                    
   NO                            NAME    VALUE     STEP    LIM L    LIM H    SHIFT   REDUCT
    2                              As   9.3000   0.1000                                    
    5                           delBg   0.0000   0.1000                                    
    6                           delBs   0.0000   0.1000                                    
    7                           delBv   0.0010   0.1000                                    
    8                           delCg   0.0000   0.1000                                    
    9                           delCs   0.0000   0.1000                                    
   10                           delCv   0.0000   0.1000                                    
   NO                            NAME    VALUE     STEP    LIM L    LIM H    SHIFT   REDUCT
    2                              As   9.3000   0.1000                                    
    5                           delBg   0.0000   0.1000                                    
    6                           delBs   0.0000   0.1000                                    
    7                           delBv  -0.0010   0.1000                                    
    8                           delCg   0.0000   0.1000                                    
    9                           delCs   0.0000   0.1000                                    
   10                           delCv   0.0000   0.1000                                    

 Fantomas output card created successfully... 

   NO                            NAME    VALUE     STEP    LIM L    LIM H    SHIFT   REDUCT
    2                              As   9.3000   0.1000                                    
    5                           delBg   0.0000   0.1000                                    
    6                           delBs   0.0000   0.1000                                    
    7                           delBv   0.0001   0.1000                                    
    8                           delCg   0.0000   0.1000                                    
    9                           delCs   0.0000   0.1000                                    
   10                           delCv   0.0000   0.1000                                    
   NO                            NAME    VALUE     STEP    LIM L    LIM H    SHIFT   REDUCT
    2                              As   9.3000   0.1000                                    
    5                           delBg   0.0000   0.1000                                    
    6                           delBs   0.0000   0.1000                                    
    7                           delBv  -0.0001   0.1000                                    
    8                           delCg   0.0000   0.1000                                    
    9                           delCs   0.0000   0.1000                                    
   10                           delCv   0.0000   0.1000                                    
   NO                            NAME    VALUE     STEP    LIM L    LIM H    SHIFT   REDUCT
    2                              As   9.3000   0.1000                                    
    5                           delBg   0.0000   0.1000                                    
    6                           delBs   0.0000   0.1000                                    
    7                           delBv   0.0000   0.1000                                    
    8                           delCg   0.0010   0.1000                                    
    9                           delCs   0.0000   0.1000                                    
   10                           delCv   0.0000   0.1000                                    
   NO                            NAME    VALUE     STEP    LIM L    LIM H    SHIFT   REDUCT
    2                              As   9.3000   0.1000                                    
    5                           delBg   0.0000   0.1000                                    
    6                           delBs   0.0000   0.1000                                    
    7                           delBv   0.0000   0.1000                                    
    8                           delCg  -0.0010   0.1000                                    
    9                           delCs   0.0000   0.1000                                    
   10                           delCv   0.0000   0.1000                                    
   NO                            NAME    VALUE     STEP    LIM L    LIM H    SHIFT   REDUCT
    2                              As   9.3000   0.1000                                    
    5                           delBg   0.0000   0.1000                                    
    6                           delBs   0.0000   0.1000                                    
    7                           delBv   0.0000   0.1000                                    
    8                           delCg   0.0081   0.1000                                    
    9                           delCs   0.0000   0.1000                                    
   10                           delCv   0.0000   0.1000                                    
   NO                            NAME    VALUE     STEP    LIM L    LIM H    SHIFT   REDUCT
    2                              As   9.3000   0.1000                                    
    5                           delBg   0.0000   0.1000                                    
    6                           delBs   0.0000   0.1000                                    
    7                           delBv   0.0000   0.1000                                    
    8                           delCg  -0.0081   0.1000                                    
    9                           delCs   0.0000   0.1000                                    
   10                           delCv   0.0000   0.1000                                    
   NO                            NAME    VALUE     STEP    LIM L    LIM H    SHIFT   REDUCT
    2                              As   9.3000   0.1000                                    
    5                           delBg   0.0000   0.1000                                    
    6                           delBs   0.0000   0.1000                                    
    7                           delBv   0.0000   0.1000                                    
    8                           delCg   0.0000   0.1000                                    
    9                           delCs   0.0010   0.1000                                    
   10                           delCv   0.0000   0.1000                                    
   NO                            NAME    VALUE     STEP    LIM L    LIM H    SHIFT   REDUCT
    2                              As   9.3000   0.1000                                    
    5                           delBg   0.0000   0.1000                                    
    6                           delBs   0.0000   0.1000                                    
    7                           delBv   0.0000   0.1000                                    
    8                           delCg   0.0000   0.1000                                    
    9                           delCs  -0.0010   0.1000                                    
   10                           delCv   0.0000   0.1000                                    
   NO                            NAME    VALUE     STEP    LIM L    LIM H    SHIFT   REDUCT
    2                              As   9.3000   0.1000                                    
    5                           delBg   0.0000   0.1000                                    
    6                           delBs   0.0000   0.1000                                    
    7                           delBv   0.0000   0.1000                                    
    8                           delCg   0.0000   0.1000                                    
    9                           delCs   0.0027   0.1000                                    
   10                           delCv   0.0000   0.1000                                    
   NO                            NAME    VALUE     STEP    LIM L    LIM H    SHIFT   REDUCT
    2                              As   9.3000   0.1000                                    
    5                           delBg   0.0000   0.1000                                    
    6                           delBs   0.0000   0.1000                                    
    7                           delBv   0.0000   0.1000                                    
    8                           delCg   0.0000   0.1000                                    
    9                           delCs  -0.0027   0.1000                                    
   10                           delCv   0.0000   0.1000                                    
   NO                            NAME    VALUE     STEP    LIM L    LIM H    SHIFT   REDUCT
    2                              As   9.3000   0.1000                                    
    5                           delBg   0.0000   0.1000                                    
    6                           delBs   0.0000   0.1000                                    
    7                           delBv   0.0000   0.1000                                    
    8                           delCg   0.0000   0.1000                                    
    9                           delCs   0.0000   0.1000                                    
   10                           delCv   0.0010   0.1000                                    
   NO                            NAME    VALUE     STEP    LIM L    LIM H    SHIFT   REDUCT
    2                              As   9.3000   0.1000                                    
    5                           delBg   0.0000   0.1000                                    
    6                           delBs   0.0000   0.1000                                    
    7                           delBv   0.0000   0.1000                                    
    8                           delCg   0.0000   0.1000                                    
    9                           delCs   0.0000   0.1000                                    
   10                           delCv  -0.0010   0.1000                                    
   NO                            NAME    VALUE     STEP    LIM L    LIM H    SHIFT   REDUCT
    2                              As   9.3000   0.1000                                    
    5                           delBg   0.0000   0.1000                                    
    6                           delBs   0.0000   0.1000                                    
    7                           delBv   0.0000   0.1000                                    
    8                           delCg   0.0000   0.1000                                    
    9                           delCs   0.0000   0.1000                                    
   10                           delCv   0.0001   0.1000                                    
   NO                            NAME    VALUE     STEP    LIM L    LIM H    SHIFT   REDUCT
    2                              As   9.3000   0.1000                                    
    5                           delBg   0.0000   0.1000                                    
    6                           delBs   0.0000   0.1000                                    
    7                           delBv   0.0000   0.1000                                    
    8                           delCg   0.0000   0.1000                                    
    9                           delCs   0.0000   0.1000                                    
   10                           delCv  -0.0001   0.1000                                    
   NO                            NAME    VALUE     STEP    LIM L    LIM H    SHIFT   REDUCT
    2                              As  10.0491   0.1000                                    
    5                           delBg   0.0085   0.1000                                    
    6                           delBs  -0.0474   0.1000                                    
    7                           delBv  -0.0161   0.1000                                    
    8                           delCg  -0.0657   0.1000                                    
    9                           delCs  -0.3764   0.1000                                    
   10                           delCv   0.0165   0.1000                                    
   NO                            NAME    VALUE     STEP    LIM L    LIM H    SHIFT   REDUCT
    2                              As   9.4656   0.1000                                    
    5                           delBg   0.0019   0.1000                                    
    6                           delBs  -0.0105   0.1000                                    
    7                           delBv  -0.0036   0.1000                                    
    8                           delCg  -0.0145   0.1000                                    
    9                           delCs  -0.0832   0.1000                                    
   10                           delCv   0.0036   0.1000                                    

 Fantomas output card created successfully... 

   NO                            NAME    VALUE     STEP    LIM L    LIM H    SHIFT   REDUCT
    2                              As   9.4714   0.1000                                    
    5                           delBg   0.0019   0.1000                                    
    6                           delBs  -0.0105   0.1000                                    
    7                           delBv  -0.0036   0.1000                                    
    8                           delCg  -0.0145   0.1000                                    
    9                           delCs  -0.0832   0.1000                                    
   10                           delCv   0.0036   0.1000                                    
   NO                            NAME    VALUE     STEP    LIM L    LIM H    SHIFT   REDUCT
    2                              As   9.4597   0.1000                                    
    5                           delBg   0.0019   0.1000                                    
    6                           delBs  -0.0105   0.1000                                    
    7                           delBv  -0.0036   0.1000                                    
    8                           delCg  -0.0145   0.1000                                    
    9                           delCs  -0.0832   0.1000                                    
   10                           delCv   0.0036   0.1000                                    

 Fantomas output card created successfully... 

   NO                            NAME    VALUE     STEP    LIM L    LIM H    SHIFT   REDUCT
    2                              As   9.4656   0.1000                                    
    5                           delBg   0.0029   0.1000                                    
    6                           delBs  -0.0105   0.1000                                    
    7                           delBv  -0.0036   0.1000                                    
    8                           delCg  -0.0145   0.1000                                    
    9                           delCs  -0.0832   0.1000                                    
   10                           delCv   0.0036   0.1000                                    
   NO                            NAME    VALUE     STEP    LIM L    LIM H    SHIFT   REDUCT
    2                              As   9.4656   0.1000                                    
    5                           delBg   0.0008   0.1000                                    
    6                           delBs  -0.0105   0.1000                                    
    7                           delBv  -0.0036   0.1000                                    
    8                           delCg  -0.0145   0.1000                                    
    9                           delCs  -0.0832   0.1000                                    
   10                           delCv   0.0036   0.1000                                    

 Fantomas output card created successfully... 

   NO                            NAME    VALUE     STEP    LIM L    LIM H    SHIFT   REDUCT
    2                              As   9.4656   0.1000                                    
    5                           delBg   0.0019   0.1000                                    
    6                           delBs  -0.0101   0.1000                                    
    7                           delBv  -0.0036   0.1000                                    
    8                           delCg  -0.0145   0.1000                                    
    9                           delCs  -0.0832   0.1000                                    
   10                           delCv   0.0036   0.1000                                    
   NO                            NAME    VALUE     STEP    LIM L    LIM H    SHIFT   REDUCT
    2                              As   9.4656   0.1000                                    
    5                           delBg   0.0019   0.1000                                    
    6                           delBs  -0.0109   0.1000                                    
    7                           delBv  -0.0036   0.1000                                    
    8                           delCg  -0.0145   0.1000                                    
    9                           delCs  -0.0832   0.1000                                    
   10                           delCv   0.0036   0.1000                                    
   NO                            NAME    VALUE     STEP    LIM L    LIM H    SHIFT   REDUCT
    2                              As   9.4656   0.1000                                    
    5                           delBg   0.0019   0.1000                                    
    6                           delBs  -0.0105   0.1000                                    
    7                           delBv  -0.0035   0.1000                                    
    8                           delCg  -0.0145   0.1000                                    
    9                           delCs  -0.0832   0.1000                                    
   10                           delCv   0.0036   0.1000                                    
   NO                            NAME    VALUE     STEP    LIM L    LIM H    SHIFT   REDUCT
    2                              As   9.4656   0.1000                                    
    5                           delBg   0.0019   0.1000                                    
    6                           delBs  -0.0105   0.1000                                    
    7                           delBv  -0.0037   0.1000                                    
    8                           delCg  -0.0145   0.1000                                    
    9                           delCs  -0.0832   0.1000                                    
   10                           delCv   0.0036   0.1000                                    

 Fantomas output card created successfully... 

   NO                            NAME    VALUE     STEP    LIM L    LIM H    SHIFT   REDUCT
    2                              As   9.4656   0.1000                                    
    5                           delBg   0.0019   0.1000                                    
    6                           delBs  -0.0105   0.1000                                    
    7                           delBv  -0.0036   0.1000                                    
    8                           delCg  -0.0064   0.1000                                    
    9                           delCs  -0.0832   0.1000                                    
   10                           delCv   0.0036   0.1000                                    
   NO                            NAME    VALUE     STEP    LIM L    LIM H    SHIFT   REDUCT
    2                              As   9.4656   0.1000                                    
    5                           delBg   0.0019   0.1000                                    
    6                           delBs  -0.0105   0.1000                                    
    7                           delBv  -0.0036   0.1000                                    
    8                           delCg  -0.0226   0.1000                                    
    9                           delCs  -0.0832   0.1000                                    
   10                           delCv   0.0036   0.1000                                    
   NO                            NAME    VALUE     STEP    LIM L    LIM H    SHIFT   REDUCT
    2                              As   9.4656   0.1000                                    
    5                           delBg   0.0019   0.1000                                    
    6                           delBs  -0.0105   0.1000                                    
    7                           delBv  -0.0036   0.1000                                    
    8                           delCg  -0.0145   0.1000                                    
    9                           delCs  -0.0806   0.1000                                    
   10                           delCv   0.0036   0.1000                                    
   NO                            NAME    VALUE     STEP    LIM L    LIM H    SHIFT   REDUCT
    2                              As   9.4656   0.1000                                    
    5                           delBg   0.0019   0.1000                                    
    6                           delBs  -0.0105   0.1000                                    
    7                           delBv  -0.0036   0.1000                                    
    8                           delCg  -0.0145   0.1000                                    
    9                           delCs  -0.0859   0.1000                                    
   10                           delCv   0.0036   0.1000                                    
   NO                            NAME    VALUE     STEP    LIM L    LIM H    SHIFT   REDUCT
    2                              As   9.4656   0.1000                                    
    5                           delBg   0.0019   0.1000                                    
    6                           delBs  -0.0105   0.1000                                    
    7                           delBv  -0.0036   0.1000                                    
    8                           delCg  -0.0145   0.1000                                    
    9                           delCs  -0.0832   0.1000                                    
   10                           delCv   0.0038   0.1000                                    

 Fantomas output card created successfully... 

   NO                            NAME    VALUE     STEP    LIM L    LIM H    SHIFT   REDUCT
    2                              As   9.4656   0.1000                                    
    5                           delBg   0.0019   0.1000                                    
    6                           delBs  -0.0105   0.1000                                    
    7                           delBv  -0.0036   0.1000                                    
    8                           delCg  -0.0145   0.1000                                    
    9                           delCs  -0.0832   0.1000                                    
   10                           delCv   0.0035   0.1000                                    
  
 NDiag=         408 NCovar=           0
cpu_time     14.17     14.17      0.01
                         1      453.94   401        1.13
cpu_time     15.62     15.62      0.00
                         2      453.93   401        1.13
cpu_time     17.07     17.07      0.00
                         3      453.94   401        1.13
cpu_time     18.50     18.50      0.00
                         4      453.91   401        1.13
cpu_time     19.95     19.95      0.00
                         5      453.96   401        1.13
cpu_time     21.38     21.38      0.00
                         6      453.93   401        1.13
cpu_time     22.79     22.79      0.00
                         7      453.94   401        1.13
cpu_time     24.16     24.16      0.00
                         8      454.01   401        1.13
cpu_time     25.61     25.61      0.00
                         9      453.87   401        1.13
cpu_time     27.08     27.08      0.00
                        10      453.96   401        1.13
cpu_time     28.56     28.56      0.00
                        11      453.91   401        1.13
cpu_time     30.06     30.06      0.00
                        12      454.26   401        1.13
cpu_time     31.49     31.49      0.00
                        13      453.64   401        1.13
cpu_time     32.93     32.93      0.00
                        14      453.97   401        1.13
cpu_time     34.35     34.35      0.00
                        15      453.90   401        1.13
cpu_time     35.78     35.78      0.00
                        16      453.94   401        1.13
cpu_time     37.20     37.20      0.00
                        17      453.94   401        1.13
cpu_time     38.64     38.64      0.00
                        18      453.94   401        1.13
cpu_time     39.99     39.99      0.00
                        19      453.93   401        1.13
cpu_time     41.30     41.30      0.00
                        20      453.95   401        1.13
cpu_time     42.71     42.71      0.00
                        21      453.92   401        1.13
cpu_time     44.07     44.07      0.00
                        22      453.97   401        1.13
cpu_time     45.49     45.49      0.00
                        23      453.91   401        1.13
cpu_time     46.91     46.91      0.00
                        24      453.67   401        1.13
cpu_time     48.33     48.33      0.00
                        25      454.22   401        1.13
cpu_time     49.76     49.76      0.00
                        26      453.91   401        1.13
cpu_time     51.11     51.11      0.00
                        27      453.97   401        1.13
cpu_time     52.52     52.52      0.00
                        28      479.50   401        1.20
cpu_time     53.95     53.95      0.00
                        29      451.50   401        1.13
cpu_time     55.40     55.41      0.00
                        30      451.50   401        1.13
cpu_time     56.83     56.84      0.00
                        31      451.50   401        1.13
cpu_time     58.29     58.29      0.00
                        32      451.51   401        1.13
cpu_time     59.72     59.72      0.00
                        33      451.50   401        1.13
cpu_time     61.17     61.17      0.00
                        34      451.50   401        1.13
cpu_time     62.60     62.60      0.00
                        35      451.50   401        1.13
cpu_time     63.98     63.98      0.00
                        36      451.51   401        1.13
cpu_time     65.36     65.36      0.00
                        37      451.50   401        1.13
cpu_time     66.80     66.80      0.00
                        38      451.50   401        1.13
cpu_time     68.23     68.23      0.00
                        39      451.51   401        1.13
cpu_time     69.66     69.66      0.00
                        40      451.51   401        1.13
cpu_time     71.08     71.08      0.00
                        41      451.50   401        1.13
cpu_time     72.50     72.50      0.00
                        42      451.50   401        1.13
cpu_time     73.95     73.95      0.00
   NO                            NAME    VALUE     STEP    LIM L    LIM H    SHIFT   REDUCT
    2                              As   9.4217   0.1000                                    
    5                           delBg  -0.0173   0.1000                                    
    6                           delBs  -0.0067   0.1000                                    
    7                           delBv  -0.0051   0.1000                                    
    8                           delCg   0.1239   0.1000                                    
    9                           delCs  -0.0830   0.1000                                    
   10                           delCv   0.0065   0.1000                                    

 Fantomas output card created successfully... 

   NO                            NAME    VALUE     STEP    LIM L    LIM H    SHIFT   REDUCT
    2                              As   9.4314   0.1000                                    
    5                           delBg  -0.0131   0.1000                                    
    6                           delBs  -0.0076   0.1000                                    
    7                           delBv  -0.0047   0.1000                                    
    8                           delCg   0.0934   0.1000                                    
    9                           delCs  -0.0830   0.1000                                    
   10                           delCv   0.0058   0.1000                                    

 Fantomas output card created successfully... 

   NO                            NAME    VALUE     STEP    LIM L    LIM H    SHIFT   REDUCT
    2                              As   9.4372   0.1000                                    
    5                           delBg  -0.0131   0.1000                                    
    6                           delBs  -0.0076   0.1000                                    
    7                           delBv  -0.0047   0.1000                                    
    8                           delCg   0.0934   0.1000                                    
    9                           delCs  -0.0830   0.1000                                    
   10                           delCv   0.0058   0.1000                                    
   NO                            NAME    VALUE     STEP    LIM L    LIM H    SHIFT   REDUCT
    2                              As   9.4256   0.1000                                    
    5                           delBg  -0.0131   0.1000                                    
    6                           delBs  -0.0076   0.1000                                    
    7                           delBv  -0.0047   0.1000                                    
    8                           delCg   0.0934   0.1000                                    
    9                           delCs  -0.0830   0.1000                                    
   10                           delCv   0.0058   0.1000                                    

 Fantomas output card created successfully... 

   NO                            NAME    VALUE     STEP    LIM L    LIM H    SHIFT   REDUCT
    2                              As   9.4314   0.1000                                    
    5                           delBg  -0.0120   0.1000                                    
    6                           delBs  -0.0076   0.1000                                    
    7                           delBv  -0.0047   0.1000                                    
    8                           delCg   0.0934   0.1000                                    
    9                           delCs  -0.0830   0.1000                                    
   10                           delCv   0.0058   0.1000                                    

 Fantomas output card created successfully... 

   NO                            NAME    VALUE     STEP    LIM L    LIM H    SHIFT   REDUCT
    2                              As   9.4314   0.1000                                    
    5                           delBg  -0.0141   0.1000                                    
    6                           delBs  -0.0076   0.1000                                    
    7                           delBv  -0.0047   0.1000                                    
    8                           delCg   0.0934   0.1000                                    
    9                           delCs  -0.0830   0.1000                                    
   10                           delCv   0.0058   0.1000                                    
   NO                            NAME    VALUE     STEP    LIM L    LIM H    SHIFT   REDUCT
    2                              As   9.4314   0.1000                                    
    5                           delBg  -0.0131   0.1000                                    
    6                           delBs  -0.0072   0.1000                                    
    7                           delBv  -0.0047   0.1000                                    
    8                           delCg   0.0934   0.1000                                    
    9                           delCs  -0.0830   0.1000                                    
   10                           delCv   0.0058   0.1000                                    
   NO                            NAME    VALUE     STEP    LIM L    LIM H    SHIFT   REDUCT
    2                              As   9.4314   0.1000                                    
    5                           delBg  -0.0131   0.1000                                    
    6                           delBs  -0.0079   0.1000                                    
    7                           delBv  -0.0047   0.1000                                    
    8                           delCg   0.0934   0.1000                                    
    9                           delCs  -0.0830   0.1000                                    
   10                           delCv   0.0058   0.1000                                    
   NO                            NAME    VALUE     STEP    LIM L    LIM H    SHIFT   REDUCT
    2                              As   9.4314   0.1000                                    
    5                           delBg  -0.0131   0.1000                                    
    6                           delBs  -0.0076   0.1000                                    
    7                           delBv  -0.0046   0.1000                                    
    8                           delCg   0.0934   0.1000                                    
    9                           delCs  -0.0830   0.1000                                    
   10                           delCv   0.0058   0.1000                                    
   NO                            NAME    VALUE     STEP    LIM L    LIM H    SHIFT   REDUCT
    2                              As   9.4314   0.1000                                    
    5                           delBg  -0.0131   0.1000                                    
    6                           delBs  -0.0076   0.1000                                    
    7                           delBv  -0.0048   0.1000                                    
    8                           delCg   0.0934   0.1000                                    
    9                           delCs  -0.0830   0.1000                                    
   10                           delCv   0.0058   0.1000                                    
   NO                            NAME    VALUE     STEP    LIM L    LIM H    SHIFT   REDUCT
    2                              As   9.4314   0.1000                                    
    5                           delBg  -0.0131   0.1000                                    
    6                           delBs  -0.0076   0.1000                                    
    7                           delBv  -0.0047   0.1000                                    
    8                           delCg   0.1014   0.1000                                    
    9                           delCs  -0.0830   0.1000                                    
   10                           delCv   0.0058   0.1000                                    
   NO                            NAME    VALUE     STEP    LIM L    LIM H    SHIFT   REDUCT
    2                              As   9.4314   0.1000                                    
    5                           delBg  -0.0131   0.1000                                    
    6                           delBs  -0.0076   0.1000                                    
    7                           delBv  -0.0047   0.1000                                    
    8                           delCg   0.0853   0.1000                                    
    9                           delCs  -0.0830   0.1000                                    
   10                           delCv   0.0058   0.1000                                    
   NO                            NAME    VALUE     STEP    LIM L    LIM H    SHIFT   REDUCT
    2                              As   9.4314   0.1000                                    
    5                           delBg  -0.0131   0.1000                                    
    6                           delBs  -0.0076   0.1000                                    
    7                           delBv  -0.0047   0.1000                                    
    8                           delCg   0.0934   0.1000                                    
    9                           delCs  -0.0806   0.1000                                    
   10                           delCv   0.0058   0.1000                                    
   NO                            NAME    VALUE     STEP    LIM L    LIM H    SHIFT   REDUCT
    2                              As   9.4314   0.1000                                    
    5                           delBg  -0.0131   0.1000                                    
    6                           delBs  -0.0076   0.1000                                    
    7                           delBv  -0.0047   0.1000                                    
    8                           delCg   0.0934   0.1000                                    
    9                           delCs  -0.0855   0.1000                                    
   10                           delCv   0.0058   0.1000                                    
   NO                            NAME    VALUE     STEP    LIM L    LIM H    SHIFT   REDUCT
    2                              As   9.4314   0.1000                                    
    5                           delBg  -0.0131   0.1000                                    
    6                           delBs  -0.0076   0.1000                                    
    7                           delBv  -0.0047   0.1000                                    
    8                           delCg   0.0934   0.1000                                    
    9                           delCs  -0.0830   0.1000                                    
   10                           delCv   0.0060   0.1000                                    

 Fantomas output card created successfully... 

   NO                            NAME    VALUE     STEP    LIM L    LIM H    SHIFT   REDUCT
    2                              As   9.4314   0.1000                                    
    5                           delBg  -0.0131   0.1000                                    
    6                           delBs  -0.0076   0.1000                                    
    7                           delBv  -0.0047   0.1000                                    
    8                           delCg   0.0934   0.1000                                    
    9                           delCs  -0.0830   0.1000                                    
   10                           delCv   0.0057   0.1000                                    
   NO                            NAME    VALUE     STEP    LIM L    LIM H    SHIFT   REDUCT
    2                              As   9.4104   0.1000                                    
    5                           delBg  -0.0077   0.1000                                    
    6                           delBs  -0.0052   0.1000                                    
    7                           delBv  -0.0050   0.1000                                    
    8                           delCg   0.0595   0.1000                                    
    9                           delCs  -0.0846   0.1000                                    
   10                           delCv   0.0070   0.1000                                    

 Fantomas output card created successfully... 

   NO                            NAME    VALUE     STEP    LIM L    LIM H    SHIFT   REDUCT
    2                              As   9.4043   0.1000                                    
    5                           delBg  -0.0061   0.1000                                    
    6                           delBs  -0.0046   0.1000                                    
    7                           delBv  -0.0050   0.1000                                    
    8                           delCg   0.0496   0.1000                                    
    9                           delCs  -0.0851   0.1000                                    
   10                           delCv   0.0073   0.1000                                    

 Fantomas output card created successfully... 

   NO                            NAME    VALUE     STEP    LIM L    LIM H    SHIFT   REDUCT
    2                              As   9.4100   0.1000                                    
    5                           delBg  -0.0061   0.1000                                    
    6                           delBs  -0.0046   0.1000                                    
    7                           delBv  -0.0050   0.1000                                    
    8                           delCg   0.0496   0.1000                                    
    9                           delCs  -0.0851   0.1000                                    
   10                           delCv   0.0073   0.1000                                    
   NO                            NAME    VALUE     STEP    LIM L    LIM H    SHIFT   REDUCT
    2                              As   9.3985   0.1000                                    
    5                           delBg  -0.0061   0.1000                                    
    6                           delBs  -0.0046   0.1000                                    
    7                           delBv  -0.0050   0.1000                                    
    8                           delCg   0.0496   0.1000                                    
    9                           delCs  -0.0851   0.1000                                    
   10                           delCv   0.0073   0.1000                                    

 Fantomas output card created successfully... 

   NO                            NAME    VALUE     STEP    LIM L    LIM H    SHIFT   REDUCT
    2                              As   9.4043   0.1000                                    
    5                           delBg  -0.0050   0.1000                                    
    6                           delBs  -0.0046   0.1000                                    
    7                           delBv  -0.0050   0.1000                                    
    8                           delCg   0.0496   0.1000                                    
    9                           delCs  -0.0851   0.1000                                    
   10                           delCv   0.0073   0.1000                                    
   NO                            NAME    VALUE     STEP    LIM L    LIM H    SHIFT   REDUCT
    2                              As   9.4043   0.1000                                    
    5                           delBg  -0.0072   0.1000                                    
    6                           delBs  -0.0046   0.1000                                    
    7                           delBv  -0.0050   0.1000                                    
    8                           delCg   0.0496   0.1000                                    
    9                           delCs  -0.0851   0.1000                                    
   10                           delCv   0.0073   0.1000                                    
   NO                            NAME    VALUE     STEP    LIM L    LIM H    SHIFT   REDUCT
    2                              As   9.4043   0.1000                                    
    5                           delBg  -0.0061   0.1000                                    
    6                           delBs  -0.0042   0.1000                                    
    7                           delBv  -0.0050   0.1000                                    
    8                           delCg   0.0496   0.1000                                    
    9                           delCs  -0.0851   0.1000                                    
   10                           delCv   0.0073   0.1000                                    
   NO                            NAME    VALUE     STEP    LIM L    LIM H    SHIFT   REDUCT
    2                              As   9.4043   0.1000                                    
    5                           delBg  -0.0061   0.1000                                    
    6                           delBs  -0.0049   0.1000                                    
    7                           delBv  -0.0050   0.1000                                    
    8                           delCg   0.0496   0.1000                                    
    9                           delCs  -0.0851   0.1000                                    
   10                           delCv   0.0073   0.1000                                    
   NO                            NAME    VALUE     STEP    LIM L    LIM H    SHIFT   REDUCT
    2                              As   9.4043   0.1000                                    
    5                           delBg  -0.0061   0.1000                                    
    6                           delBs  -0.0046   0.1000                                    
    7                           delBv  -0.0049   0.1000                                    
    8                           delCg   0.0496   0.1000                                    
    9                           delCs  -0.0851   0.1000                                    
   10                           delCv   0.0073   0.1000                                    

 Fantomas output card created successfully... 

   NO                            NAME    VALUE     STEP    LIM L    LIM H    SHIFT   REDUCT
    2                              As   9.4043   0.1000                                    
    5                           delBg  -0.0061   0.1000                                    
    6                           delBs  -0.0046   0.1000                                    
    7                           delBv  -0.0051   0.1000                                    
    8                           delCg   0.0496   0.1000                                    
    9                           delCs  -0.0851   0.1000                                    
   10                           delCv   0.0073   0.1000                                    
   NO                            NAME    VALUE     STEP    LIM L    LIM H    SHIFT   REDUCT
    2                              As   9.4043   0.1000                                    
    5                           delBg  -0.0061   0.1000                                    
    6                           delBs  -0.0046   0.1000                                    
    7                           delBv  -0.0050   0.1000                                    
    8                           delCg   0.0583   0.1000                                    
    9                           delCs  -0.0851   0.1000                                    
   10                           delCv   0.0073   0.1000                                    
   NO                            NAME    VALUE     STEP    LIM L    LIM H    SHIFT   REDUCT
    2                              As   9.4043   0.1000                                    
    5                           delBg  -0.0061   0.1000                                    
    6                           delBs  -0.0046   0.1000                                    
    7                           delBv  -0.0050   0.1000                                    
    8                           delCg   0.0408   0.1000                                    
    9                           delCs  -0.0851   0.1000                                    
   10                           delCv   0.0073   0.1000                                    
   NO                            NAME    VALUE     STEP    LIM L    LIM H    SHIFT   REDUCT
    2                              As   9.4043   0.1000                                    
    5                           delBg  -0.0061   0.1000                                    
    6                           delBs  -0.0046   0.1000                                    
    7                           delBv  -0.0050   0.1000                                    
    8                           delCg   0.0496   0.1000                                    
    9                           delCs  -0.0826   0.1000                                    
   10                           delCv   0.0073   0.1000                                    
   NO                            NAME    VALUE     STEP    LIM L    LIM H    SHIFT   REDUCT
    2                              As   9.4043   0.1000                                    
    5                           delBg  -0.0061   0.1000                                    
    6                           delBs  -0.0046   0.1000                                    
    7                           delBv  -0.0050   0.1000                                    
    8                           delCg   0.0496   0.1000                                    
    9                           delCs  -0.0875   0.1000                                    
   10                           delCv   0.0073   0.1000                                    
   NO                            NAME    VALUE     STEP    LIM L    LIM H    SHIFT   REDUCT
    2                              As   9.4043   0.1000                                    
    5                           delBg  -0.0061   0.1000                                    
    6                           delBs  -0.0046   0.1000                                    
    7                           delBv  -0.0050   0.1000                                    
    8                           delCg   0.0496   0.1000                                    
    9                           delCs  -0.0851   0.1000                                    
   10                           delCv   0.0074   0.1000                                    
   NO                            NAME    VALUE     STEP    LIM L    LIM H    SHIFT   REDUCT
    2                              As   9.4043   0.1000                                    
    5                           delBg  -0.0061   0.1000                                    
    6                           delBs  -0.0046   0.1000                                    
    7                           delBv  -0.0050   0.1000                                    
    8                           delCg   0.0496   0.1000                                    
    9                           delCs  -0.0851   0.1000                                    
   10                           delCv   0.0072   0.1000                                    
   NO                            NAME    VALUE     STEP    LIM L    LIM H    SHIFT   REDUCT
    2                              As   9.4009   0.1000                                    
    5                           delBg  -0.0047   0.1000                                    
    6                           delBs  -0.0044   0.1000                                    
    7                           delBv  -0.0049   0.1000                                    
    8                           delCg   0.0615   0.1000                                    
    9                           delCs  -0.0840   0.1000                                    
   10                           delCv   0.0074   0.1000                                    

 Fantomas output card created successfully... 

   NO                            NAME    VALUE     STEP    LIM L    LIM H    SHIFT   REDUCT
    2                              As   9.3967   0.1000                                    
    5                           delBg  -0.0030   0.1000                                    
    6                           delBs  -0.0043   0.1000                                    
    7                           delBv  -0.0047   0.1000                                    
    8                           delCg   0.0766   0.1000                                    
    9                           delCs  -0.0827   0.1000                                    
   10                           delCv   0.0076   0.1000                                    

 Fantomas output card created successfully... 

   NO                            NAME    VALUE     STEP    LIM L    LIM H    SHIFT   REDUCT
    2                              As   9.4025   0.1000                                    
    5                           delBg  -0.0030   0.1000                                    
    6                           delBs  -0.0043   0.1000                                    
    7                           delBv  -0.0047   0.1000                                    
    8                           delCg   0.0766   0.1000                                    
    9                           delCs  -0.0827   0.1000                                    
   10                           delCv   0.0076   0.1000                                    

 Fantomas output card created successfully... 

   NO                            NAME    VALUE     STEP    LIM L    LIM H    SHIFT   REDUCT
    2                              As   9.3909   0.1000                                    
    5                           delBg  -0.0030   0.1000                                    
    6                           delBs  -0.0043   0.1000                                    
    7                           delBv  -0.0047   0.1000                                    
    8                           delCg   0.0766   0.1000                                    
    9                           delCs  -0.0827   0.1000                                    
   10                           delCv   0.0076   0.1000                                    
slurmstepd: error: *** JOB 13968074 ON c015 CANCELLED AT 2024-08-07T16:37:23 ***
