# steering_fantomas.txt
# 2024-11-08 15:00:47
# improved chi2 during fitting process
454.3382373
454.316343
454.150571
454.0058944
451.8969401
451.8944506
451.8911901
451.8901423
451.6339049
451.6185995
451.6179666
451.6160259
451.6153929
451.5440002
451.5297832
451.5292846
451.5292661
451.5285325
451.5276349
451.5058935
451.4629518
451.4609835
451.4605042
451.4435222
451.4420103
451.4419787
451.4418866
451.4418333
451.4412305
451.4405712
451.4404484
451.4403944
451.4402647
451.4394386
451.4388056
451.4387595
451.4387548
451.4387352
451.4387151
