# steering_fantomas.txt
# 2024-08-16 17:30:40
# improved chi2 during fitting process
444.303
444.302
444.302
444.302
444.302
444.301
444.301
444.3
444.298
444.298
444.297
444.296
444.294
444.294
444.294
444.294
444.294
444.293
444.292
444.291
444.285
444.283
444.283
444.282
444.282
444.265
444.217
444.21
444.207
444.205
444.204
444.172
444.156
444.154
444.154
444.153
444.153
444.153
444.121
444.061
444.06
444.06
444.058
444.056
443.972
443.865
443.858
443.858
443.855
443.855
443.85
443.842
443.841
443.841
443.835
443.835
443.811
443.806
443.804
443.804
443.796
443.791
443.754
443.75
443.749
443.748
443.736
443.724
443.708
443.707
443.707
443.706
443.705
443.692
443.688
443.686
443.685
443.685
443.671
443.659
443.658
443.656
443.643
443.637
443.636
443.635
443.622
443.593
443.533
443.532
443.532
443.531
443.527
443.527
443.461
443.458
443.457
443.395
443.372
443.371
443.37
443.369
443.367
443.327
443.287
443.283
443.283
443.282
443.281
443.281
443.269
443.25
443.246
443.244
443.231
443.231
443.231
443.23
443.216
443.204
443.18
443.178
443.177
443.176
443.176
443.163
443.139
443.116
443.115
443.114
443.114
443.1
443.094
443.091
443.09
443.089
443.078
443.078
443.065
443.045
443.041
443.041
443.04
443.04
443.035
443.03
443.021
443.019
443.018
443.018
443.018
443.018
443.018
443.016
443.016
443.016
443.014
443.013
443.013
443.013
443.013
443.013
443.011
443.011
443.011
443.007
443
443
443
442.998
442.998
442.989
442.989
442.976
442.97
442.97
442.968
442.967
442.965
442.955
442.948
442.948
442.948
442.948
442.948
442.948
442.934
442.933
442.933
442.927
442.927
442.926
442.913
442.911
442.911
442.898
442.888
442.884
442.881
442.88
442.871
442.871
442.871
442.87
442.869
442.869
442.843
442.842
442.842
442.836
442.835
442.834
442.834
442.829
442.828
442.828
442.828
442.827
442.826
442.826
442.825
442.825
442.824
442.823
442.823
442.823
442.822
442.822
442.822
442.821
442.821
442.821
442.821
442.821
442.821
442.821
442.821
442.821
442.821
442.821
442.821
