flagcheck = FIX

Special value detected for control point x = 0.1
Using metamorph::f(x) = Carrier(x) for control point.
flagcheck = FIX

Special value detected for control point x = 0.05
Using metamorph::f(x) = Carrier(x) for control point.
flagcheck = FIX

Special value detected for control point x = 0.35
Using metamorph::f(x) = Carrier(x) for control point.
flagcheck = CALC
Flag detected to calculate metamorph PDF for x = 0.7
Metamorph value will be calculated in 'output/steering_fantomas_out.txt'
Fantomas intput card read successfully... 


Condition number for matrix T in metamorph for ifl= 1 is: 1

Caution: A higher condition number may result in a poor metamorph.
Note: Condition number will increase with more control points added.
      The condition number may be improved by selecting different control points.

Condition number for matrix T in metamorph for ifl= 0 is: 1

Caution: A higher condition number may result in a poor metamorph.
Note: Condition number will increase with more control points added.
      The condition number may be improved by selecting different control points.

Condition number for matrix T in metamorph for ifl= 2 is: 1

Caution: A higher condition number may result in a poor metamorph.
Note: Condition number will increase with more control points added.
      The condition number may be improved by selecting different control points.
Set evolution order 2
xGrid[0]: 9.9e-07
Requested (actual) number of x  grid points: 200(199)
Requested (actual) number of Q2 grid points: 120(120)
Variable Flavour Number Scheme set with nf=5
LHAPDF 6.5.4 loading /users/lkotz/share/lhapdf/6.5.4_gcc11.2/share/LHAPDF/nCTEQ15FullNuc_1_1/nCTEQ15FullNuc_1_1_0000.dat
nCTEQ15FullNuc_1_1 PDF set, member #0, version 1; LHAPDF ID = 102000
LHAPDF 6.5.4 loading /users/lkotz/share/lhapdf/6.5.4_gcc11.2/share/LHAPDF/nCTEQ15FullNuc_184_74/nCTEQ15FullNuc_184_74_0000.dat
nCTEQ15FullNuc_184_74 PDF set, member #0, version 1; LHAPDF ID = 102900
appl::grid() version 1.6.9 compiled Jun 27 2023
appl::grid() reading grid from file datafiles/fixedTarget/NA10/gridNA10_194-0.root	:  applgrid version 1.4.70 (transformed to 1.6.9)
appl::grid() read grid, size 0.28204 MB	in 316.151 ms	trim in 0.076 ms
appl::grid() reading grid from file datafiles/fixedTarget/NA10/gridNA10_194-1.root	:  applgrid version 1.4.70 (transformed to 1.6.9)
appl::grid() read grid, size 0.271591 MB	in 55.446 ms	trim in 0.077 ms
appl::grid() reading grid from file datafiles/fixedTarget/NA10/gridNA10_194-2.root	:  applgrid version 1.4.70 (transformed to 1.6.9)
appl::grid() read grid, size 0.310833 MB	in 58.732 ms	trim in 0.083 ms
appl::grid() reading grid from file datafiles/fixedTarget/NA10/gridNA10_194-3.root	:  applgrid version 1.4.70 (transformed to 1.6.9)
appl::grid() read grid, size 0.310089 MB	in 57.131 ms	trim in 0.081 ms
appl::grid() reading grid from file datafiles/fixedTarget/NA10/gridNA10_194-4.root	:  applgrid version 1.4.70 (transformed to 1.6.9)
appl::grid() read grid, size 0.339478 MB	in 64.328 ms	trim in 0.093 ms
appl::grid() reading grid from file datafiles/fixedTarget/NA10/gridNA10_194-5.root	:  applgrid version 1.4.70 (transformed to 1.6.9)
appl::grid() read grid, size 0.324944 MB	in 63.897 ms	trim in 0.092 ms
appl::grid() reading grid from file datafiles/fixedTarget/NA10/gridNA10_194-6.root	:  applgrid version 1.4.70 (transformed to 1.6.9)
appl::grid() read grid, size 0.340405 MB	in 71.125 ms	trim in 0.1 ms
  +---------------------------------------------------------------------+   
  |                                                                     |   
  |    If you use QCDNUM, please refer to:                              |   
  |                                                                     |   
  |    M. Botje, Comput. Phys. Commun. 182(2011)490, arXiV:1005.1481    |   
  |                                                                     |   
  +---------------------------------------------------------------------+   
  
  

 READWT: open file unpolarised.wgt

 FILLWT: start unpolarised weight calculations
 Subgrids    5 Subgrid points   38   48   62   62   94
 Pij LO
 Pij NLO
 Pij NNLO
 Aij LO
 Aij NLO
 Aij NNLO
 FILLWT: weight calculations completed


 DMPWGT: dump unpolarised weight tables
         weights written to unpolarised.wgt

Will read   49 data files
Read    0 correlation files
 RANLUX LUXURY LEVEL SET BY RLUXGO : 3     P= 223
 RANLUX INITIALIZED BY RLUXGO FROM SEEDS      123456           0           0
 initialize smearing with a seed isdrn =       123456
 Reading data file datafiles/fixedTarget/NA10/thexp-0.dat
 Dataset index set to =      2677071
 First time in FailSelectionCuts. Read the cut definitions
 Read   0 cut rules
Read       6 data points for NA10-194-0                                                                      
Printing first    3 data points
xf_low        xf_high                sigma
   -0.1000E+00    0.0000E+00    0.3720E+01
    0.0000E+00    0.1000E+00    0.4360E+01
    0.1000E+00    0.2000E+00    0.4450E+01
 Reading data file datafiles/fixedTarget/NA10/thexp-1.dat
 Dataset index set to =      7291600
Read       6 data points for NA10-194-1                                                                      
Printing first    3 data points
xf_low        xf_high                sigma
   -0.1000E+00    0.0000E+00    0.1860E+01
    0.0000E+00    0.1000E+00    0.2330E+01
    0.1000E+00    0.2000E+00    0.2330E+01
 Reading data file datafiles/fixedTarget/NA10/thexp-2.dat
 Dataset index set to =      1906129
Read       7 data points for NA10-194-2                                                                      
Printing first    3 data points
xf_low        xf_high                sigma
   -0.1000E+00    0.0000E+00    0.1010E+01
    0.0000E+00    0.1000E+00    0.1270E+01
    0.1000E+00    0.2000E+00    0.1350E+01
 Reading data file datafiles/fixedTarget/NA10/thexp-3.dat
 Dataset index set to =      6520658
Read       7 data points for NA10-194-3                                                                      
Printing first    3 data points
xf_low        xf_high                sigma
   -0.1000E+00    0.0000E+00    0.6010E+00
    0.0000E+00    0.1000E+00    0.7460E+00
    0.1000E+00    0.2000E+00    0.7950E+00
 Reading data file datafiles/fixedTarget/NA10/thexp-4.dat
 Dataset index set to =      1135187
Read       8 data points for NA10-194-4                                                                      
Printing first    3 data points
xf_low        xf_high                sigma
   -0.1000E+00    0.0000E+00    0.3560E+00
    0.0000E+00    0.1000E+00    0.4340E+00
    0.1000E+00    0.2000E+00    0.4750E+00
 Reading data file datafiles/fixedTarget/NA10/thexp-5.dat
 Dataset index set to =      5749716
Read       8 data points for NA10-194-5                                                                      
Printing first    3 data points
xf_low        xf_high                sigma
   -0.1000E+00    0.0000E+00    0.1940E+00
    0.0000E+00    0.1000E+00    0.2550E+00
    0.1000E+00    0.2000E+00    0.3000E+00
 Reading data file datafiles/fixedTarget/NA10/thexp-6.dat
 Dataset index set to =       364245
Read       9 data points for NA10-194-6                                                                      
Printing first    3 data points
xf_low        xf_high                sigma
   -0.1000E+00    0.0000E+00    0.1180E+00
    0.0000E+00    0.1000E+00    0.1500E+00
    0.1000E+00    0.2000E+00    0.1940E+00
 Reading data file datafiles/fixedTarget/NA10/thexp-7.dat
appl::grid() reading grid from file datafiles/fixedTarget/NA10/gridNA10_194-7.root	:  applgrid version 1.4.70 (transformed to 1.6.9)
appl::grid() read grid, size 0.268078 MB	in 62.024 ms	trim in 0.081 ms
appl::grid() reading grid from file datafiles/fixedTarget/NA10/gridNA10_194-8.root	:  applgrid version 1.4.70 (transformed to 1.6.9)
appl::grid() read grid, size 0.23925 MB	in 63.082 ms	trim in 0.085 ms
appl::grid() reading grid from file datafiles/fixedTarget/WA70/grid-WA70-0.root	:  applgrid version 1.4.70 (transformed to 1.6.9)
appl::grid() read grid, size 4.29711 MB	in 809.908 ms	trim in 3.564 ms
appl::grid() reading grid from file datafiles/fixedTarget/WA70/grid-WA70-1.root	:  applgrid version 1.4.70 (transformed to 1.6.9)
appl::grid() read grid, size 4.20779 MB	in 808.126 ms	trim in 3.649 ms
appl::grid() reading grid from file datafiles/fixedTarget/WA70/grid-WA70-2.root	:  applgrid version 1.4.70 (transformed to 1.6.9)
appl::grid() read grid, size 4.24684 MB	in 817.912 ms	trim in 3.725 ms
appl::grid() reading grid from file datafiles/fixedTarget/WA70/grid-WA70-3.root	:  applgrid version 1.4.70 (transformed to 1.6.9)
appl::grid() read grid, size 4.07009 MB	in 812.291 ms	trim in 3.833 ms
appl::grid() reading grid from file datafiles/fixedTarget/WA70/grid-WA70-4.root	:  applgrid version 1.4.70 (transformed to 1.6.9)
appl::grid() read grid, size 4.03455 MB	in 815.376 ms	trim in 4.053 ms
appl::grid() reading grid from file datafiles/fixedTarget/WA70/grid-WA70-5.root	:  applgrid version 1.4.70 (transformed to 1.6.9)
appl::grid() read grid, size 3.87847 MB	in 807.602 ms	trim in 3.811 ms
appl::grid() reading grid from file datafiles/fixedTarget/WA70/grid-WA70-6.root	:  applgrid version 1.4.70 (transformed to 1.6.9)
appl::grid() read grid, size 3.06103 MB	in 649.759 ms	trim in 2.842 ms
appl::grid() reading grid from file datafiles/fixedTarget/WA70positive/grid-WA70plus-0.root	:  applgrid version 1.4.70 (transformed to 1.6.9)
appl::grid() read grid, size 2.19099 MB	in 460.151 ms	trim in 1.709 ms
 Dataset index set to =      4978774
Read       8 data points for NA10-194-7                                                                      
Printing first    3 data points
xf_low        xf_high                sigma
   -0.1000E+00    0.0000E+00    0.5000E-02
    0.0000E+00    0.1000E+00    0.7400E-02
    0.1000E+00    0.2000E+00    0.1000E-01
 Reading data file datafiles/fixedTarget/NA10/thexp-8.dat
 Dataset index set to =      9593303
Read       8 data points for NA10-194-8                                                                      
Printing first    3 data points
xf_low        xf_high                sigma
   -0.2000E+00   -0.1000E+00    0.5000E-03
   -0.1000E+00    0.0000E+00    0.7000E-03
    0.0000E+00    0.1000E+00    0.1300E-02
 Reading data file datafiles/fixedTarget/WA70/thexp-0.dat
 Dataset index set to =      1922014
Read      10 data points for WA70-0                                                                          
Printing first    3 data points
xf_low        xf_high                sigma
   -0.4500E+00   -0.3500E+00    0.1070E+02
   -0.3500E+00   -0.2500E+00    0.4710E+02
   -0.2500E+00   -0.1500E+00    0.7570E+02
 Reading data file datafiles/fixedTarget/WA70/thexp-1.dat
 Dataset index set to =      6536543
Read      10 data points for WA70-1                                                                          
Printing first    3 data points
xf_low        xf_high                sigma
   -0.4500E+00   -0.3500E+00    0.2790E+02
   -0.3500E+00   -0.2500E+00    0.3500E+02
   -0.2500E+00   -0.1500E+00    0.4530E+02
 Reading data file datafiles/fixedTarget/WA70/thexp-2.dat
 Dataset index set to =      1151072
Read      10 data points for WA70-2                                                                          
Printing first    3 data points
xf_low        xf_high                sigma
   -0.4500E+00   -0.3500E+00    0.8000E+01
   -0.3500E+00   -0.2500E+00    0.1990E+02
   -0.2500E+00   -0.1500E+00    0.3390E+02
 Reading data file datafiles/fixedTarget/WA70/thexp-3.dat
 Dataset index set to =      5765601
Read      10 data points for WA70-3                                                                          
Printing first    3 data points
xf_low        xf_high                sigma
   -0.4500E+00   -0.3500E+00    0.7700E+01
   -0.3500E+00   -0.2500E+00    0.1670E+02
   -0.2500E+00   -0.1500E+00    0.1980E+02
 Reading data file datafiles/fixedTarget/WA70/thexp-4.dat
 Dataset index set to =       380130
Read      10 data points for WA70-4                                                                          
Printing first    3 data points
xf_low        xf_high                sigma
   -0.4500E+00   -0.3500E+00    0.1700E+01
   -0.3500E+00   -0.2500E+00    0.4300E+01
   -0.2500E+00   -0.1500E+00    0.9700E+01
 Reading data file datafiles/fixedTarget/WA70/thexp-5.dat
 Dataset index set to =      4994659
Read      10 data points for WA70-5                                                                          
Printing first    3 data points
xf_low        xf_high                sigma
   -0.4500E+00   -0.3500E+00    0.2000E+01
   -0.3500E+00   -0.2500E+00    0.2100E+01
   -0.2500E+00   -0.1500E+00    0.6200E+01
 Reading data file datafiles/fixedTarget/WA70/thexp-6.dat
 Dataset index set to =      9609188
Read       8 data points for WA70-6                                                                          
Printing first    3 data points
xf_low        xf_high                sigma
   -0.2500E+00   -0.1500E+00    0.1190E+01
   -0.1500E+00   -0.5000E-01    0.1350E+01
   -0.5000E-01    0.5000E-01    0.1510E+01
 Reading data file datafiles/fixedTarget/WA70positive/thexp-0.dat
 Dataset index set to =      2856401
Read       5 data points for WA70plus-0                                                                      
Printing first    3 data points
xf_low        xf_high                sigma
   -0.4500E+00   -0.2500E+00    0.1930E+02
   -0.2500E+00   -0.5000E-01    0.4730E+02
   -0.5000E-01    0.1500E+00    0.4400E+02
 Reading data file datafiles/fixedTarget/WA70positive/thexp-1.dat
appl::grid() reading grid from file datafiles/fixedTarget/WA70positive/grid-WA70plus-1.root	:  applgrid version 1.4.70 (transformed to 1.6.9)
appl::grid() read grid, size 2.13609 MB	in 458.225 ms	trim in 1.734 ms
appl::grid() reading grid from file datafiles/fixedTarget/WA70positive/grid-WA70plus-2.root	:  applgrid version 1.4.70 (transformed to 1.6.9)
appl::grid() read grid, size 2.1689 MB	in 461.096 ms	trim in 1.567 ms
appl::grid() reading grid from file datafiles/fixedTarget/WA70positive/grid-WA70plus-3.root	:  applgrid version 1.4.70 (transformed to 1.6.9)
appl::grid() read grid, size 2.07666 MB	in 458.359 ms	trim in 1.473 ms
appl::grid() reading grid from file datafiles/fixedTarget/WA70positive/grid-WA70plus-4.root	:  applgrid version 1.4.70 (transformed to 1.6.9)
appl::grid() read grid, size 2.0679 MB	in 456.306 ms	trim in 1.558 ms
appl::grid() reading grid from file datafiles/fixedTarget/WA70positive/grid-WA70plus-5.root	:  applgrid version 1.4.70 (transformed to 1.6.9)
appl::grid() read grid, size 1.1996 MB	in 273.397 ms	trim in 0.744 ms
appl::grid() reading grid from file datafiles/fixedTarget/WA70positive/grid-WA70plus-6.root	:  applgrid version 1.4.70 (transformed to 1.6.9)
appl::grid() read grid, size 1.16052 MB	in 276.659 ms	trim in 0.705 ms
appl::grid() reading grid from file datafiles/fixedTarget/NA10-286/gridNA10_286-0.root	:  applgrid version 1.4.70 (transformed to 1.6.9)
appl::grid() read grid, size 0.189674 MB	in 38.363 ms	trim in 0.07 ms
appl::grid() reading grid from file datafiles/fixedTarget/NA10-286/gridNA10_286-1.root	:  applgrid version 1.4.70 (transformed to 1.6.9)
appl::grid() read grid, size 0.23687 MB	in 47.511 ms	trim in 0.094 ms
appl::grid() reading grid from file datafiles/fixedTarget/NA10-286/gridNA10_286-2.root	:  applgrid version 1.4.70 (transformed to 1.6.9)
appl::grid() read grid, size 0.228916 MB	in 47.162 ms	trim in 0.09 ms
appl::grid() reading grid from file datafiles/fixedTarget/NA10-286/gridNA10_286-3.root	:  applgrid version 1.4.70 (transformed to 1.6.9)
appl::grid() read grid, size 0.273388 MB	in 56.474 ms	trim in 0.11 ms
 Dataset index set to =      6946642
Read       5 data points for WA70plus-1                                                                      
Printing first    3 data points
xf_low        xf_high                sigma
   -0.4500E+00   -0.2500E+00    0.1140E+02
   -0.2500E+00   -0.5000E-01    0.4070E+02
   -0.5000E-01    0.1500E+00    0.3570E+02
 Reading data file datafiles/fixedTarget/WA70positive/thexp-2.dat
 Dataset index set to =      1036883
Read       5 data points for WA70plus-2                                                                      
Printing first    3 data points
xf_low        xf_high                sigma
   -0.4500E+00   -0.2500E+00    0.1100E+02
   -0.2500E+00   -0.5000E-01    0.1880E+02
   -0.5000E-01    0.1500E+00    0.1850E+02
 Reading data file datafiles/fixedTarget/WA70positive/thexp-3.dat
 Dataset index set to =      5127124
Read       5 data points for WA70plus-3                                                                      
Printing first    3 data points
xf_low        xf_high                sigma
   -0.4500E+00   -0.2500E+00    0.6600E+01
   -0.2500E+00   -0.5000E-01    0.9800E+01
   -0.5000E-01    0.1500E+00    0.1780E+02
 Reading data file datafiles/fixedTarget/WA70positive/thexp-4.dat
 Dataset index set to =      9217365
Read       5 data points for WA70plus-4                                                                      
Printing first    3 data points
xf_low        xf_high                sigma
   -0.4500E+00   -0.2500E+00    0.1800E+01
   -0.2500E+00   -0.5000E-01    0.5500E+01
   -0.5000E-01    0.1500E+00    0.8000E+01
 Reading data file datafiles/fixedTarget/WA70positive/thexp-5.dat
 Dataset index set to =      3307606
Read       3 data points for WA70plus-5                                                                      
Printing first    3 data points
xf_low        xf_high                sigma
   -0.2500E+00   -0.5000E-01    0.2200E+01
   -0.5000E-01    0.1500E+00    0.2300E+01
    0.1500E+00    0.3500E+00    0.6000E+00
 Reading data file datafiles/fixedTarget/WA70positive/thexp-6.dat
 Dataset index set to =      7397847
Read       3 data points for WA70plus-6                                                                      
Printing first    3 data points
xf_low        xf_high                sigma
   -0.2500E+00   -0.5000E-01    0.8000E+00
   -0.5000E-01    0.1500E+00    0.4000E+00
    0.1500E+00    0.3500E+00    0.5000E+00
 Reading data file datafiles/fixedTarget/NA10-286/thexp-0.dat
 Dataset index set to =      5410532
Read       4 data points for NA10-286-0                                                                      
Printing first    3 data points
xf_low        xf_high                sigma
   -0.1000E+00    0.0000E+00    0.5650E+01
    0.0000E+00    0.1000E+00    0.6210E+01
    0.1000E+00    0.2000E+00    0.5850E+01
 Reading data file datafiles/fixedTarget/NA10-286/thexp-1.dat
 Dataset index set to =      1058147
Read       5 data points for NA10-286-1                                                                      
Printing first    3 data points
xf_low        xf_high                sigma
   -0.1000E+00    0.0000E+00    0.2760E+01
    0.0000E+00    0.1000E+00    0.3050E+01
    0.1000E+00    0.2000E+00    0.2980E+01
 Reading data file datafiles/fixedTarget/NA10-286/thexp-2.dat
 Dataset index set to =      6705762
Read       5 data points for NA10-286-2                                                                      
Printing first    3 data points
xf_low        xf_high                sigma
   -0.1000E+00    0.0000E+00    0.1350E+01
    0.0000E+00    0.1000E+00    0.1530E+01
    0.1000E+00    0.2000E+00    0.1600E+01
 Reading data file datafiles/fixedTarget/NA10-286/thexp-3.dat
 Dataset index set to =      2353377
Read       6 data points for NA10-286-3                                                                      
Printing first    3 data points
xf_low        xf_high                sigma
   -0.2000E+00   -0.1000E+00    0.5370E+00
   -0.1000E+00    0.0000E+00    0.7840E+00
    0.0000E+00    0.1000E+00    0.8810E+00
 Reading data file datafiles/fixedTarget/NA10-286/thexp-4.dat
appl::grid() reading grid from file datafiles/fixedTarget/NA10-286/gridNA10_286-4.root	:  applgrid version 1.4.70 (transformed to 1.6.9)
appl::grid() read grid, size 0.317986 MB	in 66.192 ms	trim in 0.126 ms
appl::grid() reading grid from file datafiles/fixedTarget/NA10-286/gridNA10_286-5.root	:  applgrid version 1.4.70 (transformed to 1.6.9)
appl::grid() read grid, size 0.34964 MB	in 74.863 ms	trim in 0.144 ms
appl::grid() reading grid from file datafiles/fixedTarget/NA10-286/gridNA10_286-6.root	:  applgrid version 1.4.70 (transformed to 1.6.9)
appl::grid() read grid, size 0.314209 MB	in 74.481 ms	trim in 0.129 ms
appl::grid() reading grid from file datafiles/fixedTarget/NA10-286/gridNA10_286-7.root	:  applgrid version 1.4.70 (transformed to 1.6.9)
appl::grid() read grid, size 0.325207 MB	in 77.289 ms	trim in 0.14 ms
appl::grid() reading grid from file datafiles/fixedTarget/NA10-286/gridNA10_286-8.root	:  applgrid version 1.4.70 (transformed to 1.6.9)
appl::grid() read grid, size 0.288746 MB	in 69.751 ms	trim in 0.126 ms
appl::grid() reading grid from file datafiles/fixedTarget/NA10-286/gridNA10_286-9.root	:  applgrid version 1.4.70 (transformed to 1.6.9)
appl::grid() read grid, size 0.307011 MB	in 77.243 ms	trim in 0.151 ms
appl::grid() reading grid from file datafiles/fixedTarget/NA10-286/gridNA10_286-10.root	:  applgrid version 1.4.70 (transformed to 1.6.9)
appl::grid() read grid, size 0.130966 MB	in 39.633 ms	trim in 0.057 ms
appl::grid() reading grid from file datafiles/fixedTarget/E615/grid_mumu-0.root	:  applgrid version 1.4.70 (transformed to 1.6.9)
appl::grid() read grid, size 0.490482 MB	in 177.711 ms	trim in 0.205 ms
appl::grid() reading grid from file datafiles/fixedTarget/E615/grid_mumu-1.root	:  applgrid version 1.4.70 (transformed to 1.6.9)
appl::grid() read grid, size 0.493229 MB	in 130.599 ms	trim in 0.201 ms
appl::grid() reading grid from file datafiles/fixedTarget/E615/grid_mumu-2.root	:  applgrid version 1.4.70 (transformed to 1.6.9)
appl::grid() read grid, size 0.475491 MB	in 135.501 ms	trim in 0.204 ms
 Dataset index set to =      8000992
Read       7 data points for NA10-286-4                                                                      
Printing first    3 data points
xf_low        xf_high                sigma
   -0.2000E+00   -0.1000E+00    0.2780E+00
   -0.1000E+00    0.0000E+00    0.4370E+00
    0.0000E+00    0.1000E+00    0.5040E+00
 Reading data file datafiles/fixedTarget/NA10-286/thexp-5.dat
 Dataset index set to =      3648607
Read       8 data points for NA10-286-5                                                                      
Printing first    3 data points
xf_low        xf_high                sigma
   -0.2000E+00   -0.1000E+00    0.1170E+00
   -0.1000E+00    0.0000E+00    0.2600E+00
    0.0000E+00    0.1000E+00    0.3240E+00
 Reading data file datafiles/fixedTarget/NA10-286/thexp-6.dat
 Dataset index set to =      9296222
Read       8 data points for NA10-286-6                                                                      
Printing first    3 data points
xf_low        xf_high                sigma
   -0.2000E+00   -0.1000E+00    0.2800E-01
   -0.1000E+00    0.0000E+00    0.3600E-01
    0.0000E+00    0.1000E+00    0.4800E-01
 Reading data file datafiles/fixedTarget/NA10-286/thexp-7.dat
 Dataset index set to =      4943837
Read       9 data points for NA10-286-7                                                                      
Printing first    3 data points
xf_low        xf_high                sigma
   -0.2000E+00   -0.1000E+00    0.1000E-01
   -0.1000E+00    0.0000E+00    0.1800E-01
    0.0000E+00    0.1000E+00    0.1800E-01
 Reading data file datafiles/fixedTarget/NA10-286/thexp-8.dat
 Dataset index set to =       591452
Read       8 data points for NA10-286-8                                                                      
Printing first    3 data points
xf_low        xf_high                sigma
   -0.2000E+00   -0.1000E+00    0.7000E-02
   -0.1000E+00    0.0000E+00    0.6000E-02
    0.0000E+00    0.1000E+00    0.9000E-02
 Reading data file datafiles/fixedTarget/NA10-286/thexp-9.dat
 Dataset index set to =      6239067
Read       9 data points for NA10-286-9                                                                      
Printing first    3 data points
xf_low        xf_high                sigma
   -0.2000E+00   -0.1000E+00    0.1900E-02
   -0.1000E+00    0.0000E+00    0.2800E-02
    0.0000E+00    0.1000E+00    0.3000E-02
 Reading data file datafiles/fixedTarget/NA10-286/thexp-10.dat
 Dataset index set to =      7607379
Read       4 data points for NA10-286-10                                                                     
Printing first    3 data points
xf_low        xf_high                sigma
    0.0000E+00    0.1000E+00    0.3000E-03
    0.1000E+00    0.2000E+00    0.8000E-03
    0.2000E+00    0.3000E+00    0.1000E-02
 Reading data file datafiles/fixedTarget/E615/thexp-0.dat
 Dataset index set to =      2383552
Read      12 data points for E615-0                                                                          
Printing first    3 data points
xf_low        xf_high                sigma
   -0.2000E+00   -0.1000E+00   -0.1000E+01
   -0.1000E+00    0.0000E+00   -0.1000E+01
    0.0000E+00    0.1000E+00    0.4660E+01
 Reading data file datafiles/fixedTarget/E615/thexp-1.dat
 Dataset index set to =      6998081
Read      12 data points for E615-1                                                                          
Printing first    3 data points
xf_low        xf_high                sigma
   -0.2000E+00   -0.1000E+00   -0.1000E+01
   -0.1000E+00    0.0000E+00    0.2400E+01
    0.0000E+00    0.1000E+00    0.2860E+01
 Reading data file datafiles/fixedTarget/E615/thexp-2.dat
 Dataset index set to =      1612610
Read      12 data points for E615-2                                                                          
Printing first    3 data points
xf_low        xf_high                sigma
   -0.2000E+00   -0.1000E+00   -0.1000E+01
   -0.1000E+00    0.0000E+00    0.1642E+01
    0.0000E+00    0.1000E+00    0.1787E+01
 Reading data file datafiles/fixedTarget/E615/thexp-3.dat
appl::grid() reading grid from file datafiles/fixedTarget/E615/grid_mumu-3.root	:  applgrid version 1.4.70 (transformed to 1.6.9)
appl::grid() read grid, size 0.464184 MB	in 121.8 ms	trim in 0.208 ms
appl::grid() reading grid from file datafiles/fixedTarget/E615/grid_mumu-4.root	:  applgrid version 1.4.70 (transformed to 1.6.9)
appl::grid() read grid, size 0.458508 MB	in 118.762 ms	trim in 0.209 ms
appl::grid() reading grid from file datafiles/fixedTarget/E615/grid_mumu-5.root	:  applgrid version 1.4.70 (transformed to 1.6.9)
appl::grid() read grid, size 0.457706 MB	in 131.384 ms	trim in 0.212 ms
appl::grid() reading grid from file datafiles/fixedTarget/E615/grid_mumu-6.root	:  applgrid version 1.4.70 (transformed to 1.6.9)
appl::grid() read grid, size 0.427334 MB	in 125.541 ms	trim in 0.182 ms
appl::grid() reading grid from file datafiles/fixedTarget/E615/grid_mumu-7.root	:  applgrid version 1.4.70 (transformed to 1.6.9)
appl::grid() read grid, size 0.41914 MB	in 139.265 ms	trim in 0.189 ms
appl::grid() reading grid from file datafiles/fixedTarget/E615/grid_mumu-8.root	:  applgrid version 1.4.70 (transformed to 1.6.9)
appl::grid() read grid, size 0.409859 MB	in 119.972 ms	trim in 0.19 ms
appl::grid() reading grid from file datafiles/fixedTarget/E615/grid_mumu-9.root	:  applgrid version 1.4.70 (transformed to 1.6.9)
appl::grid() read grid, size 0.388241 MB	in 133.335 ms	trim in 0.165 ms
appl::grid() reading grid from file datafiles/fixedTarget/E615/grid_mumu-13.root	:  applgrid version 1.4.70 (transformed to 1.6.9)
appl::grid() read grid, size 0.34156 MB	in 125.328 ms	trim in 0.154 ms
appl::grid() reading grid from file datafiles/fixedTarget/E615/grid_mumu-14.root	:  applgrid version 1.4.70 (transformed to 1.6.9)
appl::grid() read grid, size 0.320034 MB	in 131.152 ms	trim in 0.141 ms
appl::grid() reading grid from file datafiles/fixedTarget/E615/grid_mumu-15.root	:  applgrid version 1.4.70 (transformed to 1.6.9)
appl::grid() read grid, size 0.3162 MB	in 114.134 ms	trim in 0.133 ms
 Dataset index set to =      6227139
Read      12 data points for E615-3                                                                          
Printing first    3 data points
xf_low        xf_high                sigma
   -0.2000E+00   -0.1000E+00    0.7630E+00
   -0.1000E+00    0.0000E+00    0.1075E+01
    0.0000E+00    0.1000E+00    0.1011E+01
 Reading data file datafiles/fixedTarget/E615/thexp-4.dat
 Dataset index set to =       841668
Read      12 data points for E615-4                                                                          
Printing first    3 data points
xf_low        xf_high                sigma
   -0.2000E+00   -0.1000E+00   -0.1000E+01
   -0.1000E+00    0.0000E+00    0.7220E+00
    0.0000E+00    0.1000E+00    0.8630E+00
 Reading data file datafiles/fixedTarget/E615/thexp-5.dat
 Dataset index set to =      5456197
Read      12 data points for E615-5                                                                          
Printing first    3 data points
xf_low        xf_high                sigma
   -0.2000E+00   -0.1000E+00    0.3100E+00
   -0.1000E+00    0.0000E+00    0.4290E+00
    0.0000E+00    0.1000E+00    0.6080E+00
 Reading data file datafiles/fixedTarget/E615/thexp-6.dat
 Dataset index set to =        70726
Read      12 data points for E615-6                                                                          
Printing first    3 data points
xf_low        xf_high                sigma
   -0.2000E+00   -0.1000E+00    0.3880E+00
   -0.1000E+00    0.0000E+00    0.2810E+00
    0.0000E+00    0.1000E+00    0.3660E+00
 Reading data file datafiles/fixedTarget/E615/thexp-7.dat
 Dataset index set to =      4685255
Read      12 data points for E615-7                                                                          
Printing first    3 data points
xf_low        xf_high                sigma
   -0.2000E+00   -0.1000E+00    0.1810E+00
   -0.1000E+00    0.0000E+00    0.2000E+00
    0.0000E+00    0.1000E+00    0.2120E+00
 Reading data file datafiles/fixedTarget/E615/thexp-8.dat
 Dataset index set to =      9299784
Read      12 data points for E615-8                                                                          
Printing first    3 data points
xf_low        xf_high                sigma
   -0.2000E+00   -0.1000E+00    0.7300E-01
   -0.1000E+00    0.0000E+00    0.1640E+00
    0.0000E+00    0.1000E+00    0.1910E+00
 Reading data file datafiles/fixedTarget/E615/thexp-9.dat
 Dataset index set to =      3914313
Read      12 data points for E615-9                                                                          
Printing first    3 data points
xf_low        xf_high                sigma
   -0.2000E+00   -0.1000E+00   -0.1000E+01
   -0.1000E+00    0.0000E+00    0.6900E-01
    0.0000E+00    0.1000E+00    0.1310E+00
 Reading data file datafiles/fixedTarget/E615/thexp-13.dat
 Dataset index set to =      8290132
Read      12 data points for E615-13                                                                         
Printing first    3 data points
xf_low        xf_high                sigma
   -0.2000E+00   -0.1000E+00   -0.1000E+01
   -0.1000E+00    0.0000E+00    0.1140E-01
    0.0000E+00    0.1000E+00    0.2890E-01
 Reading data file datafiles/fixedTarget/E615/thexp-14.dat
 Dataset index set to =      2839125
Read      12 data points for E615-14                                                                         
Printing first    3 data points
xf_low        xf_high                sigma
   -0.2000E+00   -0.1000E+00   -0.1000E+01
   -0.1000E+00    0.0000E+00   -0.1000E+01
    0.0000E+00    0.1000E+00    0.3080E-01
 Reading data file datafiles/fixedTarget/E615/thexp-15.dat
 Dataset index set to =      7388118
Read      12 data points for E615-15                                                                         
Printing first    3 data points
xf_low        xf_high                sigma
   -0.2000E+00   -0.1000E+00   -0.1000E+01
   -0.1000E+00    0.0000E+00    0.1420E-01
    0.0000E+00    0.1000E+00    0.1090E-01
 Reading data file datafiles/fixedTarget/E615/thexp-16.dat
 Dataset index set to =      1937111
appl::grid() reading grid from file datafiles/fixedTarget/E615/grid_mumu-16.root	:  applgrid version 1.4.70 (transformed to 1.6.9)
appl::grid() read grid, size 0.282063 MB	in 109.891 ms	trim in 0.122 ms
appl::grid() reading grid from file datafiles/fixedTarget/E615/grid_mumu-17.root	:  applgrid version 1.4.70 (transformed to 1.6.9)
appl::grid() read grid, size 0.279327 MB	in 113.653 ms	trim in 0.124 ms
Read      12 data points for E615-16                                                                         
Printing first    3 data points
xf_low        xf_high                sigma
   -0.2000E+00   -0.1000E+00   -0.1000E+01
   -0.1000E+00    0.0000E+00   -0.1000E+01
    0.0000E+00    0.1000E+00    0.3070E-01
 Reading data file datafiles/fixedTarget/E615/thexp-17.dat
 Dataset index set to =      6486104
Read      12 data points for E615-17                                                                         
Printing first    3 data points
xf_low        xf_high                sigma
   -0.2000E+00   -0.1000E+00   -0.1000E+01
   -0.1000E+00    0.0000E+00   -0.1000E+01
    0.0000E+00    0.1000E+00    0.1410E-01
 number of points         379
   NO                            NAME    VALUE     STEP    LIM L    LIM H    SHIFT   REDUCT
    2                              As   6.0000   0.5000                                    
    7                           delBv   0.0000   0.0300                                    
    8                           delCg   0.0000   1.0000                                    
    9                           delCs   0.0000   3.0000                                    
   10                           delCv   0.0000   0.0400                                    

 Fantomas output card created successfully... 

   NO                            NAME    VALUE     STEP    LIM L    LIM H    SHIFT   REDUCT
    2                              As   6.0180   0.5000                                    
    7                           delBv   0.0000   0.0300                                    
    8                           delCg   0.0000   1.0000                                    
    9                           delCs   0.0000   3.0000                                    
   10                           delCv   0.0000   0.0400                                    
   NO                            NAME    VALUE     STEP    LIM L    LIM H    SHIFT   REDUCT
    2                              As   5.9820   0.5000                                    
    7                           delBv   0.0000   0.0300                                    
    8                           delCg   0.0000   1.0000                                    
    9                           delCs   0.0000   3.0000                                    
   10                           delCv   0.0000   0.0400                                    

 Fantomas output card created successfully... 

   NO                            NAME    VALUE     STEP    LIM L    LIM H    SHIFT   REDUCT
    2                              As   6.0052   0.5000                                    
    7                           delBv   0.0000   0.0300                                    
    8                           delCg   0.0000   1.0000                                    
    9                           delCs   0.0000   3.0000                                    
   10                           delCv   0.0000   0.0400                                    
   NO                            NAME    VALUE     STEP    LIM L    LIM H    SHIFT   REDUCT
    2                              As   5.9948   0.5000                                    
    7                           delBv   0.0000   0.0300                                    
    8                           delCg   0.0000   1.0000                                    
    9                           delCs   0.0000   3.0000                                    
   10                           delCv   0.0000   0.0400                                    
slurmstepd: error: *** JOB 2180792 ON c105 CANCELLED AT 2023-07-05T13:26:47 ***
