# steering_fantomas.txt
# 2024-08-20 15:05:39
# improved chi2 during fitting process
587.989
587.872
587.866
587.828
587.102
582.483
568.104
565.52
565.514
565.456
565.034
563.365
561.109
560.959
560.864
560.659
560.641
553.165
527.889
499.815
497.365
496.591
496.584
496.52
496.479
496.273
496.272
496.18
496.096
496.033
496.019
495.923
495.9
495.797
495.796
495.737
495.638
495.629
495.628
495.628
495.628
495.619
494.261
494.162
492.449
492.011
491.044
490.849
490.838
490.738
489.932
487.744
487.316
487.094
487.024
487.001
486.847
479.31
469.894
469.599
468.093
468.001
467.692
466.446
466.438
466.427
466.144
466.141
466.128
465.998
465.993
465.992
465.987
465.978
465.972
465.89
465.514
464.809
464.421
464.413
464.404
463.556
463.279
463.271
463.268
463.267
463.109
463.096
463.096
463.093
463.091
463.083
463.081
463.081
463.08
463.079
463.076
463.064
463.051
463.049
463.047
463.042
462.998
462.796
462.343
462.032
462.029
462.026
461.941
461.929
461.926
461.922
461.852
461.8
461.8
461.8
461.797
461.795
461.769
461.756
461.695
461.693
461.692
461.69
461.687
461.594
461.566
461.544
461.542
461.541
461.537
461.446
461.445
461.444
461.442
461.438
461.433
461.422
461.42
461.417
461.413
461.408
461.407
461.406
461.404
461.404
461.403
461.403
461.403
461.402
461.402
461.402
461.401
461.399
461.394
461.389
461.385
461.383
461.383
461.383
461.383
461.383
461.383
461.383
461.383
461.383
461.383
