# steering_fantomas.txt
# 2024-09-16 16:11:56
# improved chi2 during fitting process
451.548
451.543
451.54
451.538
451.538
451.537
451.537
451.537
451.533
451.518
451.511
451.51
451.51
451.509
451.493
451.452
451.45
451.449
451.449
451.449
451.448
451.435
451.43
451.43
451.43
451.428
451.418
451.379
451.336
451.335
451.335
451.335
451.335
451.334
451.3
451.297
451.297
451.296
451.294
451.292
451.292
451.292
451.291
451.29
451.288
451.285
451.285
451.284
451.284
451.284
451.284
451.284
451.284
451.283
451.283
451.283
451.283
451.282
451.282
451.282
451.282
451.282
451.282
451.282
451.282
451.282
451.282
451.282
451.282
451.282
451.282
451.282
451.282
451.282
451.282
451.282
451.282
451.282
451.282
451.281
451.281
451.281
451.281
451.281
451.281
