# steering_fantomas.txt
# 2024-08-14 12:09:48
# improved chi2 during fitting process
435.202
435.202
435.202
435.202
435.202
435.202
435.201
435.201
435.2
435.2
435.196
435.184
435.184
435.183
435.183
435.183
435.183
435.172
435.139
435.123
435.123
435.122
435.122
435.121
435.12
435.113
435.085
435.077
435.076
435.076
435.076
435.075
435.06
435.045
435.045
435.044
435.043
435.019
434.953
434.947
434.946
434.945
434.945
434.892
434.892
434.891
434.89
434.874
434.874
434.874
434.874
434.874
434.873
434.864
434.855
434.854
434.854
434.854
434.831
434.786
434.784
434.784
434.769
434.765
434.765
434.765
434.764
434.763
434.75
434.695
434.676
434.671
434.67
434.667
434.667
434.658
434.655
434.653
434.649
434.648
434.64
434.591
434.481
434.249
434.155
434.152
434.151
434.151
434.149
433.968
433.775
433.77
433.769
433.769
433.769
433.768
433.018
433.014
433.014
433.013
433.012
433.012
433.009
433.008
433.006
433.005
433.003
432.989
432.986
432.985
432.985
432.955
432.953
432.952
432.952
432.952
432.952
432.915
432.913
432.912
432.912
432.911
432.893
432.891
432.89
432.889
432.889
432.801
432.801
432.8
432.8
432.799
432.795
432.794
432.794
432.794
432.793
432.793
432.793
432.791
432.791
432.791
432.79
432.758
432.757
432.756
432.756
432.755
432.755
432.681
432.675
432.674
432.674
432.674
432.674
432.643
432.632
432.631
432.631
432.63
432.63
432.63
432.61
432.588
432.588
432.587
432.586
432.586
432.574
432.573
432.573
432.572
432.572
432.562
432.556
432.556
432.556
432.556
432.556
432.547
432.547
432.543
432.543
432.543
432.543
432.542
432.542
432.536
432.536
432.535
432.535
432.535
432.535
432.535
432.533
432.533
432.533
432.533
432.532
432.532
432.531
432.531
432.531
432.531
432.531
432.531
432.531
432.531
432.531
432.531
432.53
432.529
432.529
432.529
432.529
432.529
432.529
432.527
432.527
432.524
432.524
432.524
432.524
432.523
432.522
432.521
432.521
432.521
432.521
432.52
432.515
432.515
432.514
432.513
432.513
432.513
432.513
432.506
432.491
432.484
432.484
432.483
432.483
432.483
432.482
432.48
432.479
432.479
432.479
432.478
432.476
432.475
432.475
432.475
432.474
432.474
432.474
432.467
432.453
432.45
432.441
432.439
432.439
432.436
432.436
432.436
432.433
432.43
432.428
432.426
432.426
