# steering_fantomas.txt
# 2024-09-16 17:30:38
# improved chi2 during fitting process
451.298
451.295
451.204
451.163
451.151
451.145
451.144
450.725
450.287
450.287
450.286
450.285
450.283
450.153
449.948
449.948
449.944
449.942
449.564
448.389
448.234
448.123
448.113
448.113
448.108
448.107
448.094
446.255
445.926
445.907
445.907
445.903
445.878
445.84
445.209
445.202
445.191
445.184
445.177
445.175
444.246
443.894
443.868
443.859
443.847
443.846
443.843
443.822
443.809
443.336
443.11
443.106
443.105
443.104
443.1
443.096
443.089
442.682
442.318
442.027
442.026
442.022
442.011
442.001
441.989
441.691
440.81
440.584
440.571
440.567
440.566
440.566
440.559
440.553
440.55
440.233
440.231
440.225
440.225
440.224
440.224
440.223
440.04
440.035
440.034
440.034
440.03
440.027
439.951
439.878
439.875
439.874
439.869
439.78
439.689
439.688
439.687
439.686
439.686
439.678
439.574
439.478
439.475
439.475
439.474
439.473
439.471
439.469
439.464
439.409
439.407
439.407
439.407
439.406
439.402
439.398
439.392
439.391
439.389
439.388
439.385
439.375
439.367
439.367
439.367
439.365
439.361
439.353
439.352
439.352
439.351
439.35
439.349
439.349
439.345
439.339
439.339
439.339
439.338
439.338
439.338
439.335
439.329
439.314
439.305
439.303
439.303
439.303
439.302
439.296
439.267
439.205
439.194
439.187
439.184
439.184
439.181
439.172
439.144
439.143
439.143
439.143
439.143
439.133
439.128
439.122
439.121
439.109
439.095
439.095
439.094
439.094
439.082
439.072
439.072
439.071
439.069
439.066
439.053
439.05
439.048
439.048
439.047
439.047
439.046
439.045
439.045
439.044
439.043
439.03
439.018
438.994
438.993
438.992
438.977
438.969
438.958
438.957
438.955
438.946
438.944
438.941
438.941
438.94
438.925
438.92
438.918
438.918
438.917
438.904
438.902
438.901
438.901
438.901
438.887
438.879
438.878
438.874
438.873
438.87
438.867
438.857
438.847
438.783
438.765
438.765
438.765
438.764
438.763
438.762
438.759
438.758
438.758
438.757
438.757
438.756
438.756
438.755
438.755
438.745
438.715
438.707
438.707
438.706
438.706
438.706
438.7
438.697
438.684
438.683
438.682
438.682
438.676
438.673
438.672
438.67
438.669
438.666
438.666
438.666
438.664
438.664
438.661
438.658
438.658
438.658
438.658
438.658
438.653
438.651
438.65
438.65
438.65
438.65
438.649
438.644
438.641
438.639
438.615
438.614
438.614
438.612
438.61
438.608
438.607
438.606
438.606
438.606
438.605
438.605
438.605
438.605
438.603
438.603
438.603
438.603
438.602
438.602
438.602
438.602
438.602
438.602
438.602
438.602
438.602
438.602
438.601
438.601
438.601
438.601
438.601
438.601
438.601
438.601
438.601
438.601
438.601
438.601
438.601
438.601
438.601
438.601
438.601
438.601
438.601
438.601
438.601
438.601
438.6
438.6
438.6
438.599
438.598
438.596
438.596
438.595
438.593
438.591
438.591
438.591
438.588
438.588
438.587
438.587
438.587
438.587
438.587
438.587
438.587
438.587
438.586
438.586
438.586
438.586
438.586
438.586
438.586
438.586
438.586
438.586
438.586
