# steering_fantomas.txt
# 2024-09-06 16:18:08
# improved chi2 during fitting process
454.338
454.316
454.151
454.006
453.666
453.511
451.922
451.92
451.917
451.915
451.656
451.641
451.641
451.639
451.638
451.637
451.561
451.545
451.545
451.545
451.545
451.544
451.544
451.543
451.54
451.517
451.509
451.503
451.502
451.502
451.502
451.498
451.471
451.455
451.455
451.455
451.454
451.452
451.45
451.441
451.44
451.44
451.44
451.44
451.438
451.438
451.438
451.438
451.438
451.437
451.437
451.437
451.437
451.436
451.435
451.435
451.435
451.435
451.435
451.435
451.434
451.434
451.434
451.434
451.431
451.431
451.431
451.431
451.431
451.431
451.431
451.431
451.431
451.429
451.429
451.428
451.428
451.428
451.427
451.427
451.426
451.426
451.426
451.426
451.426
451.426
451.426
451.424
451.418
451.415
451.414
451.414
451.413
451.413
451.413
451.404
451.391
451.39
451.39
451.389
451.37
451.32
451.319
451.318
451.317
451.313
451.311
451.247
451.212
451.172
451.169
451.163
451.161
451.126
451.105
451.104
451.104
451.103
451.103
451.099
451.096
451.096
451.092
451.089
451.086
451.084
451.084
451.083
451.079
451.077
451.071
451.047
451.012
451.011
451.011
451.011
451.01
451.005
451.002
450.899
450.879
450.868
450.863
450.863
450.863
450.858
450.808
450.789
450.784
450.781
450.781
450.779
450.778
450.772
450.737
450.732
450.717
450.696
450.63
450.629
450.628
450.628
450.626
450.625
450.618
450.604
450.593
450.561
450.542
450.537
450.537
450.517
450.511
450.43
450.412
450.41
450.409
450.391
450.344
450.339
450.338
450.338
450.332
450.332
450.317
450.263
450.226
450.225
450.222
450.203
450.165
450.021
450.016
450.01
450.01
449.993
449.969
449.923
449.923
449.922
449.902
449.873
449.69
449.641
449.635
449.635
449.635
449.617
449.615
449.607
449.588
449.579
449.482
449.458
449.458
449.457
449.433
449.425
449.309
449.168
449.163
449.162
449.162
449.146
449.137
449.052
449.05
449.049
449.045
449.044
449.025
449.021
448.942
448.939
448.93
448.928
448.925
448.904
448.902
448.809
448.686
448.679
448.678
448.678
448.678
448.678
448.657
448.654
448.586
448.584
448.578
448.575
448.574
448.556
448.554
448.48
448.459
448.449
448.447
448.446
448.425
448.353
448.343
448.343
448.342
448.341
448.34
448.319
448.29
448.29
448.288
448.287
448.267
448.259
448.254
448.253
448.252
448.252
448.252
448.25
448.23
448.228
448.181
448.181
448.179
448.177
448.176
448.158
448.12
448.077
448.077
448.075
448.072
448.055
448.025
448.018
448.012
448.01
448.008
448.006
447.987
447.962
447.803
447.704
447.699
447.695
447.691
447.673
447.652
447.525
447.483
447.481
447.48
447.476
447.469
447.458
447.435
447.268
446.983
446.904
446.901
446.895
446.891
446.89
446.885
446.858
446.765
446.762
446.759
446.753
446.746
446.744
446.718
446.584
446.497
446.495
446.492
446.486
446.477
446.455
446.3
445.995
445.776
445.772
445.763
445.75
445.731
445.579
445.303
445.262
445.225
445.224
445.222
445.218
445.203
444.883
444.834
444.831
444.826
444.824
444.823
444.81
444.597
444.545
444.523
444.52
444.519
444.517
444.503
444.431
444.43
444.429
444.427
444.409
444.408
444.408
444.408
444.406
444.404
444.387
444.385
444.385
444.383
444.382
444.38
444.363
444.347
444.346
444.345
444.344
444.324
444.308
444.298
444.266
444.249
444.247
444.243
444.243
444.224
444.164
444.036
444.034
444.033
444.032
443.991
443.988
443.983
443.983
443.977
443.976
443.937
443.807
443.806
443.788
443.78
443.778
443.765
443.614
443.609
443.608
443.605
443.603
443.602
443.587
443.542
443.541
443.538
443.537
443.521
443.465
443.319
443.318
443.313
443.312
443.297
443.177
443.173
443.172
443.17
443.168
443.167
443.152
443.068
443.056
443.054
443.053
443.052
443.034
443.034
442.99
442.953
442.949
442.948
442.947
442.931
442.885
442.884
442.88
442.88
442.863
442.839
442.77
442.765
442.749
442.731
442.641
442.628
442.624
442.621
442.621
442.603
442.572
442.569
442.569
442.569
442.569
442.569
442.548
442.528
442.519
442.513
442.509
442.509
442.508
442.487
442.47
442.466
442.463
442.456
442.445
442.431
442.427
442.402
442.401
442.4
442.4
442.399
442.399
442.399
442.377
442.373
442.321
442.178
441.85
441.595
441.587
441.587
441.57
441.563
441.555
441.542
441.507
441.507
441.505
441.501
441.496
441.496
441.485
441.48
441.474
441.474
441.474
441.474
441.464
441.462
441.454
441.449
441.414
441.414
441.412
441.407
441.405
441.393
441.39
441.319
441.282
441.282
441.273
441.272
441.263
441.215
441.155
441.098
441.097
441.096
441.094
441.092
441.076
441.069
441.067
441.067
441.066
441.049
441.046
441.045
441.044
441.043
441.025
441.01
441
440.999
440.998
440.997
440.997
440.997
440.995
440.994
440.991
440.974
440.973
440.97
440.969
440.967
440.966
440.965
440.962
440.961
440.952
440.952
440.951
440.948
440.947
440.945
440.944
440.942
440.941
440.938
440.935
440.935
440.933
440.932
440.931
440.924
440.923
440.922
440.922
440.921
440.92
440.92
440.919
440.918
440.917
440.916
440.916
440.915
440.914
440.911
440.91
440.909
440.908
440.908
440.907
440.907
440.906
440.906
440.906
440.906
440.884
440.882
440.881
440.881
440.881
440.877
440.869
440.869
440.869
440.868
440.868
440.868
440.86
440.832
440.815
440.811
440.809
440.807
440.807
440.784
440.782
440.78
440.779
440.779
440.778
440.778
440.77
440.77
440.769
440.768
440.768
440.767
440.767
440.766
440.766
440.766
440.765
440.764
440.764
440.762
440.76
440.76
440.76
440.758
440.758
440.758
440.755
440.755
440.755
440.755
440.755
440.754
440.753
440.748
440.748
440.747
440.747
440.747
440.747
440.747
440.746
440.737
440.7
440.643
440.634
440.633
440.632
440.632
440.632
440.629
440.629
440.628
440.628
440.624
440.623
440.622
440.622
440.622
440.622
440.621
440.621
440.617
440.617
440.617
440.617
440.617
440.616
440.616
440.616
440.616
440.613
440.608
440.607
440.607
440.607
440.606
440.606
440.605
440.604
440.602
440.602
440.601
440.601
440.601
440.601
440.598
440.597
440.593
440.593
440.592
440.592
440.592
440.591
440.59
440.588
440.588
440.587
440.587
440.587
440.586
440.586
440.586
440.586
440.585
440.585
440.585
440.584
440.584
440.583
440.583
440.578
440.573
440.566
440.565
440.565
440.565
440.564
440.564
440.564
440.556
440.527
440.512
440.51
440.51
440.508
440.508
440.496
440.495
440.495
440.495
440.494
440.494
440.493
440.493
440.489
440.489
440.489
440.489
440.488
440.488
440.488
440.487
440.486
440.486
440.486
440.485
440.485
440.484
440.483
440.483
440.481
440.481
440.481
440.481
440.481
440.48
440.478
440.475
440.474
440.474
440.474
440.474
440.473
440.473
440.472
440.471
440.471
440.471
440.471
440.471
440.471
440.471
440.47
440.469
440.469
440.469
440.469
440.469
440.469
440.468
440.468
440.468
440.468
440.468
