# steering_fantomas.txt
# 2025-01-09 12:03:01
# improved chi2 during fitting process
448.8399211
448.8399206
448.8395498
448.8394051
448.746521
448.7021508
448.6987963
448.5497645
448.5413738
448.5404793
448.5401227
448.0719767
447.9913333
447.9900279
447.9886647
447.9880798
447.9875791
447.9870638
447.7473122
447.7090597
447.708752
447.7043393
447.7040464
447.703594
447.522529
447.2990489
447.296683
447.2946599
447.2919055
447.2907037
447.1307407
446.559532
445.7747841
445.6931805
445.6872022
445.6812068
445.6760678
444.4336237
444.3815646
444.3438543
444.3407418
444.3338511
443.6388266
443.2827228
443.2763347
443.2722882
443.2716722
443.2640278
442.7788782
442.3273347
442.3257014
442.3201374
442.3169862
442.3158845
441.8452235
440.4167794
440.3154006
440.3008894
440.2990716
439.9435043
439.861659
439.8129059
439.7997933
439.7954143
439.7939008
439.477883
438.9507699
438.9489258
438.9444141
438.9398346
438.9389677
438.6601515
437.8370567
437.485237
437.4727447
437.4645062
437.4626736
437.462573
436.8208124
436.4972953
436.4968578
436.4862916
435.9026209
435.5976904
435.4653226
435.4498812
435.4405652
435.4374986
435.4369246
435.0142415
434.6556436
434.6275171
434.6261472
434.6181279
434.6146161
434.292306
433.9537204
433.9523891
433.950348
433.9487754
433.9443388
433.8072639
433.7386781
433.73292
433.7309569
433.5499637
433.5193869
433.5165037
433.5140813
433.5131076
433.5104966
433.3970473
433.1537376
433.152572
433.1515364
433.1477733
432.9801383
432.9779058
432.9767128
432.9746963
432.9094833
432.8962153
432.8953153
432.8933048
432.8928676
432.8639135
432.8459407
432.8452257
432.8446764
432.8431846
432.8315265
432.8314471
432.8310559
432.8306658
432.830028
432.8275741
432.8220473
432.8206728
432.8202514
432.8197337
432.8173623
432.8129795
432.7865287
432.7543547
432.7542446
432.753347
432.7513534
432.7491045
432.6800101
432.6776447
432.6770351
432.6763403
432.6756579
432.6727613
432.6531654
432.6392467
432.6379194
432.6373668
432.6328933
432.6195353
432.6141576
432.6126196
432.6113849
432.6103918
432.6047877
432.5984197
432.5945999
432.5940232
432.5930448
432.5849063
432.583652
432.5796037
432.5704776
432.5700612
432.5688053
432.5595243
432.5297395
432.5209217
432.5207953
432.5205227
432.5194858
432.5190002
432.51834
432.5111523
432.5108123
432.5049457
432.5022997
432.5015724
432.500805
432.5005023
432.5002262
432.3980082
432.3934986
432.3933383
432.2615292
432.2612929
432.2604262
432.259974
432.2598755
432.2195859
432.2066993
432.2065335
432.2060057
432.2053155
432.2032856
432.2029477
432.2028197
432.2027849
432.202414
432.2019284
432.193097
432.1910278
432.1903666
432.1903323
432.1897442
432.1897086
432.1897086
432.1878767
432.1876889
432.1876435
432.1874799
432.1870419
432.1869658
432.1869183
432.1867422
432.1863222
432.1863222
432.1862502
432.185614
432.1850754
432.1850263
432.1850142
432.184909
432.1844436
432.1842248
432.1841966
432.1839278
432.1838822
432.1838808
432.1838271
432.1833889
432.1833889
432.1831145
432.1828898
432.1828898
432.1828855
432.1823311
432.1820364
432.1820364
432.1820026
432.1819972
432.1819972
432.1819893
