# steering_fantomas.txt
# 2024-10-30 13:04:16
# improved chi2 during fitting process
809.3775288
808.2494724
794.9552258
782.0122492
735.9500492
715.7556245
715.5949315
715.3672519
715.3672518
715.3672518
545.7788885
545.7214827
545.7014871
531.4013006
530.0720505
530.0509382
530.0482751
530.0381015
530.0253753
530.0229553
519.9280694
513.8578407
513.8037099
513.7827788
506.2174451
495.5165155
492.76962
492.5250609
492.5177685
492.4920577
486.4530949
484.160036
484.1400998
484.1247706
484.1133731
480.0430729
470.4288823
470.0105811
469.9335085
469.9311437
469.9263134
469.9171624
469.9168518
469.2708594
469.2521377
469.2479857
469.2465258
469.1727057
469.134928
469.133881
469.1317521
469.074371
468.9908423
468.7716142
468.7232499
468.6808271
468.6693008
468.6664662
468.6109196
468.3411657
467.7355304
466.7734721
466.7496692
466.7335618
466.7117126
466.7115353
466.6603192
466.5031218
466.4993806
466.4749893
466.4737661
466.4395483
466.2914417
465.9732716
465.7993753
465.778414
465.7486322
465.7479415
465.7116364
465.4715043
465.0437323
464.8037385
464.7855446
464.7819683
464.7744853
464.7741338
464.7682288
463.7469457
462.9881038
462.1506764
462.0602661
462.0521235
462.0481942
461.0128467
460.8305443
460.8082395
460.8081751
459.6516166
459.5879608
459.5651642
459.5588893
459.5512798
458.952379
458.8147579
458.8058942
458.8034581
458.7848596
458.7828863
458.5702201
458.5661963
458.5435986
458.143496
457.6495503
457.6432217
457.6421597
457.641871
457.6414803
456.6683825
456.1254859
455.5552582
455.21972
455.2066886
455.2031556
454.0116365
453.5496511
453.5387893
453.5332694
453.5283463
452.6413997
452.583734
452.5571584
452.5539498
452.5366505
452.089865
452.0685638
451.3579599
451.3467139
451.3428771
451.3375609
449.3105454
448.9596634
448.6712489
448.5720892
448.5670237
448.4877684
448.2036863
448.2012352
448.1987303
448.1574019
448.1049464
448.1043149
448.1034104
448.102907
448.0962334
448.0818394
448.0780822
448.0776331
448.0767601
448.0756537
448.0746093
448.0575988
447.9800724
447.8030539
447.3923616
447.1301436
447.1231632
447.118707
446.6144892
446.4645506
446.4597419
446.456985
446.4555813
446.1013661
446.0629861
446.0442077
446.0392246
446.0365119
446.032899
445.8116491
445.6722446
445.6362308
445.6257303
445.6257129
445.6246182
445.467546
445.3781429
445.3769888
445.3766538
445.3748312
445.3743638
445.256682
445.2456182
445.2451038
445.2429403
445.2421476
445.2418313
445.2412831
445.2410356
445.1826998
445.0414907
445.0387444
445.033416
445.0319329
444.9841466
444.8098609
444.7361766
444.7361289
444.7266865
444.7225686
444.644011
444.6421471
444.641929
444.6398806
444.6366615
444.4709798
444.4475676
444.4443053
444.442336
444.441893
444.3505675
444.3047704
444.3011386
444.3005741
444.2066838
443.8870787
443.8834151
443.8807204
443.8291489
443.8222893
443.814906
443.8126405
443.7517585
443.5112988
443.1706591
443.1242909
443.1198389
443.1188368
443.1171942
443.1145816
442.9048752
442.6990512
442.6905158
442.6888732
442.2951236
442.2249013
442.2100546
441.905776
441.7996419
441.7976553
441.7962479
441.7953772
441.6035648
441.3956598
440.9977948
440.9949927
440.9946873
440.9941173
440.9919398
440.8278556
440.8007528
440.7984822
440.7981695
440.7975721
440.7584611
440.7552096
440.7550746
440.7546309
440.7291413
440.7287156
440.7285744
440.7280745
440.7275257
440.7266897
440.7165824
440.7161376
440.7160081
440.7159948
440.7155118
440.713939
440.6997365
440.6832104
440.678188
440.6750015
440.6744879
440.6649713
440.6205588
440.5688703
440.568375
440.5664037
440.5661288
440.5649131
440.3803573
440.361531
440.2716014
440.2622428
440.2571459
440.2552624
440.1194946
439.7558998
439.7309862
439.7268449
439.7252097
439.7247054
439.724373
439.5865193
439.5839549
439.5837565
439.5824848
439.5820875
439.3914491
439.3416432
439.3392169
439.3385499
439.3338765
439.2498429
439.2236516
439.2214567
439.2213011
439.2210721
439.2198307
439.1581663
439.0382366
439.0028313
438.9996099
438.9984606
438.9954102
438.9405546
438.8924425
438.8896155
438.8889227
438.8883114
438.8877942
438.6651159
438.5253239
438.5223254
438.5214788
438.4548172
438.4488532
438.4423636
438.3657602
438.3519944
438.3374727
438.3320241
438.3304892
438.21957
438.1807606
438.149541
438.1479648
438.1464843
438.1445276
438.1432217
438.052438
438.0394011
438.0380812
438.0348038
438.0341728
438.0340522
437.999282
437.9987325
437.998599
437.9984127
437.99658
437.9951298
437.9935294
437.9930322
437.9922329
437.9906779
437.9888707
437.9628566
437.9611019
437.9598217
437.9590807
437.8680006
437.8678334
437.8677851
437.8676315
437.8674212
437.8643828
437.8640668
437.8630324
437.8410869
437.8410151
437.8404205
437.8076033
437.8063337
437.806052
437.7912727
437.7893129
437.7892946
437.7291063
437.7253356
437.6126155
437.6077489
437.6048623
437.4884299
437.4674389
437.4660428
437.4638444
437.4638345
437.4635475
437.3788077
437.3690892
437.3155786
437.2512384
437.2480471
437.2302825
437.2273676
437.2272221
437.2125128
437.2096673
437.2094285
437.2082913
437.2080512
437.2068592
437.2066155
437.2050403
437.2047929
437.2008181
437.1987189
437.1972719
437.1970683
437.1910392
437.1842066
437.1840482
437.1840026
437.1839471
437.1836284
437.1835687
437.1782705
437.1780905
437.178027
437.1770063
437.176987
437.1768634
437.1768199
437.1767783
437.1767587
437.1766781
437.1766477
437.1765865
437.1765295
437.1764717
437.1763653
437.1763577
437.1752542
437.1750697
437.173901
437.1733289
437.1733268
437.1727424
437.1721729
437.1721152
437.1712159
437.1704877
437.1701661
437.1701003
437.1691715
437.1691664
437.1682562
437.1678503
437.165603
437.1615905
437.1598531
437.1592501
437.1590213
437.1581994
437.1566765
437.1561231
437.1560095
437.1546041
437.1541692
437.1535688
437.1477305
437.1471296
437.1470383
437.1407127
437.1403623
437.1396702
437.139292
437.137923
437.1378311
437.1307804
437.1182469
437.1174098
437.1154075
437.1144308
437.1094867
437.1078343
437.1066959
437.1038619
437.1026882
437.0978972
437.0965533
437.0956888
437.0943089
437.0926436
437.0923647
437.0914646
437.0901977
437.0888153
437.0883404
437.0785919
437.0722403
437.0696734
437.068629
437.0685681
437.0680303
437.0662566
437.0649922
437.0645989
437.0636888
437.0624284
437.0572564
437.0520664
437.0508201
437.0502164
437.0475366
437.046692
437.046335
437.044924
437.0441304
437.0437299
437.0432814
437.0432335
437.0429826
437.0429338
437.0425426
437.042538
437.0421738
437.0416982
437.0416669
437.0412801
437.040402
437.0403885
437.0399382
437.0396159
437.039403
437.0389849
437.0388133
437.038504
437.0384521
437.0381233
437.0370758
437.0354894
437.0323016
437.0318696
437.0316448
437.031199
437.0311368
437.0310811
437.0306905
437.0303599
437.0300338
437.0299559
437.0297773
437.0295487
437.0293944
437.029312
437.0291098
437.0286982
437.0278611
437.0272394
437.0228617
437.0226464
437.0221298
437.0216048
437.0213545
437.0212172
437.0203597
437.0195551
437.0134077
437.0085786
436.9967726
436.9954024
436.9953907
436.9951153
436.9945309
436.994319
436.994283
436.9942087
436.9907896
436.9893146
436.9890713
436.9890394
436.9888702
436.9882737
436.9873042
436.9872032
436.9871222
436.9871021
436.9869223
436.9866913
436.9861846
436.9861602
436.9857679
436.9849009
436.9846794
436.9837156
436.98328
436.9830708
436.9812226
436.9808087
436.9793707
436.9791933
436.9789126
436.9772753
436.9742752
436.970617
436.9689179
436.9688141
436.9622337
436.9579434
436.9578796
436.9577183
436.956985
436.9559814
436.9511949
436.9502655
436.9472724
436.9465682
436.9465533
436.9463659
436.9458692
436.9424245
436.9415974
436.9415277
436.9412376
436.9410423
436.9409162
436.9402733
436.9401435
436.9392974
436.939162
436.9388799
436.9327122
436.9285968
436.9282166
436.9280555
436.9270362
436.9269981
436.9246034
436.924387
436.9240283
436.9234388
436.921995
436.920561
436.9149169
436.9143456
436.9141152
436.9139511
436.9137129
436.9040409
436.8969462
436.8966898
436.8954521
436.8953138
436.8953012
436.8910862
436.8903848
436.8901715
436.8883938
436.8882273
436.8783599
436.865692
436.8630194
436.8626149
436.8625113
436.8621678
436.8618641
436.8608121
436.8600571
436.8596816
436.8595966
436.8593647
436.85813
436.8513518
436.8473355
436.8463095
436.8455981
436.8426624
436.841069
436.8410278
436.8409646
436.8409611
436.840866
436.8401627
436.8400631
436.8399857
436.8394102
436.8381686
436.8368667
436.8366206
436.83657
436.836449
436.8358157
