The Fantomas steering card version matches: 0.2
flagcheck = FIX

Special value detected for control point x = 0.001
Using metamorph::f(x) = Carrier(x) for control point.
flagcheck = -0.499001
flagcheck = FIX

Special value detected for control point x = 0.8
Using metamorph::f(x) = Carrier(x) for control point.
flagcheck = FIX

Special value detected for control point x = 0.001
Using metamorph::f(x) = Carrier(x) for control point.
flagcheck = 3.8158
flagcheck = 2.98857
flagcheck = FIX

Special value detected for control point x = 0.8
Using metamorph::f(x) = Carrier(x) for control point.
flagcheck = FIX

Special value detected for control point x = 0.001
Using metamorph::f(x) = Carrier(x) for control point.
flagcheck = -0.145209
flagcheck = 0.134676
flagcheck = FIX

Special value detected for control point x = 0.8
Using metamorph::f(x) = Carrier(x) for control point.
Fantomas intput card read successfully... 

Set evolution order 2
xGrid[0]: 9.9e-07
Requested (actual) number of x  grid points: 100(98)
Requested (actual) number of Q2 grid points: 60(62)
Variable Flavour Number Scheme set with nf=5
LHAPDF 6.5.4 loading /users/lkotz/share/lhapdf/6.5.4_gcc11.2/share/LHAPDF/nCTEQ15FullNuc_1_1/nCTEQ15FullNuc_1_1_0000.dat
nCTEQ15FullNuc_1_1 PDF set, member #0, version 1; LHAPDF ID = 102000
LHAPDF 6.5.4 loading /users/lkotz/share/lhapdf/6.5.4_gcc11.2/share/LHAPDF/nCTEQ15FullNuc_184_74/nCTEQ15FullNuc_184_74_0000.dat
nCTEQ15FullNuc_184_74 PDF set, member #0, version 1; LHAPDF ID = 102900
appl::grid() version 1.6.9 compiled Jun 27 2023
appl::grid() reading grid from file datafiles/fixedTarget/NA10/gridNA10_194-0.root	:  applgrid version 1.4.70 (transformed to 1.6.9)
appl::grid() read grid, size 0.28204 MB	in 1824.01 ms	trim in 0.069 ms
appl::grid() reading grid from file datafiles/fixedTarget/NA10/gridNA10_194-1.root	:  applgrid version 1.4.70 (transformed to 1.6.9)
appl::grid() read grid, size 0.271591 MB	in 103.425 ms	trim in 0.07 ms
appl::grid() reading grid from file datafiles/fixedTarget/NA10/gridNA10_194-2.root	:  applgrid version 1.4.70 (transformed to 1.6.9)
appl::grid() read grid, size 0.310833 MB	in 92.581 ms	trim in 0.083 ms
appl::grid() reading grid from file datafiles/fixedTarget/NA10/gridNA10_194-3.root	:  applgrid version 1.4.70 (transformed to 1.6.9)
appl::grid() read grid, size 0.310089 MB	in 85.56 ms	trim in 0.08 ms
appl::grid() reading grid from file datafiles/fixedTarget/NA10/gridNA10_194-4.root	:  applgrid version 1.4.70 (transformed to 1.6.9)
appl::grid() read grid, size 0.339478 MB	in 88.137 ms	trim in 0.088 ms
appl::grid() reading grid from file datafiles/fixedTarget/NA10/gridNA10_194-5.root	:  applgrid version 1.4.70 (transformed to 1.6.9)
appl::grid() read grid, size 0.324944 MB	in 94.978 ms	trim in 0.089 ms
appl::grid() reading grid from file datafiles/fixedTarget/NA10/gridNA10_194-6.root	:  applgrid version 1.4.70 (transformed to 1.6.9)
appl::grid() read grid, size 0.340405 MB	in 101.102 ms	trim in 0.097 ms
appl::grid() reading grid from file datafiles/fixedTarget/NA10/gridNA10_194-7.root	:  applgrid version 1.4.70 (transformed to 1.6.9)
appl::grid() read grid, size 0.268078 MB	in 104.89 ms	trim in 0.084 ms
  +---------------------------------------------------------------------+   
  |                                                                     |   
  |    If you use QCDNUM, please refer to:                              |   
  |                                                                     |   
  |    M. Botje, Comput. Phys. Commun. 182(2011)490, arXiV:1005.1481    |   
  |                                                                     |   
  +---------------------------------------------------------------------+   
  
  

 READWT: open file unpolarised.wgt
         read unpolarised weight tables


Will read   50 data files
Will read    0 correlation files
Read    0 correlation files
 RANLUX LUXURY LEVEL SET BY RLUXGO : 3     P= 223
 RANLUX INITIALIZED BY RLUXGO FROM SEEDS      123456           0           0
 initialize smearing with a seed isdrn =       123456
 Reading data file datafiles/fixedTarget/NA10/thexp-0.dat
 Dataset index set to =      2677071
 First time in FailSelectionCuts. Read the cut definitions
 Read   0 cut rules
Read       6 data points for NA10-194-0                                                                      
Printing first    3 data points
xf_low        xf_high                sigma
   -0.1000E+00    0.0000E+00    0.3720E+01
    0.0000E+00    0.1000E+00    0.4360E+01
    0.1000E+00    0.2000E+00    0.4450E+01
 Reading data file datafiles/fixedTarget/NA10/thexp-1.dat
 Dataset index set to =      7291600
Read       6 data points for NA10-194-1                                                                      
Printing first    3 data points
xf_low        xf_high                sigma
   -0.1000E+00    0.0000E+00    0.1860E+01
    0.0000E+00    0.1000E+00    0.2330E+01
    0.1000E+00    0.2000E+00    0.2330E+01
 Reading data file datafiles/fixedTarget/NA10/thexp-2.dat
 Dataset index set to =      1906129
Read       7 data points for NA10-194-2                                                                      
Printing first    3 data points
xf_low        xf_high                sigma
   -0.1000E+00    0.0000E+00    0.1010E+01
    0.0000E+00    0.1000E+00    0.1270E+01
    0.1000E+00    0.2000E+00    0.1350E+01
 Reading data file datafiles/fixedTarget/NA10/thexp-3.dat
 Dataset index set to =      6520658
Read       7 data points for NA10-194-3                                                                      
Printing first    3 data points
xf_low        xf_high                sigma
   -0.1000E+00    0.0000E+00    0.6010E+00
    0.0000E+00    0.1000E+00    0.7460E+00
    0.1000E+00    0.2000E+00    0.7950E+00
 Reading data file datafiles/fixedTarget/NA10/thexp-4.dat
 Dataset index set to =      1135187
Read       8 data points for NA10-194-4                                                                      
Printing first    3 data points
xf_low        xf_high                sigma
   -0.1000E+00    0.0000E+00    0.3560E+00
    0.0000E+00    0.1000E+00    0.4340E+00
    0.1000E+00    0.2000E+00    0.4750E+00
 Reading data file datafiles/fixedTarget/NA10/thexp-5.dat
 Dataset index set to =      5749716
Read       8 data points for NA10-194-5                                                                      
Printing first    3 data points
xf_low        xf_high                sigma
   -0.1000E+00    0.0000E+00    0.1940E+00
    0.0000E+00    0.1000E+00    0.2550E+00
    0.1000E+00    0.2000E+00    0.3000E+00
 Reading data file datafiles/fixedTarget/NA10/thexp-6.dat
 Dataset index set to =       364245
Read       9 data points for NA10-194-6                                                                      
Printing first    3 data points
xf_low        xf_high                sigma
   -0.1000E+00    0.0000E+00    0.1180E+00
    0.0000E+00    0.1000E+00    0.1500E+00
    0.1000E+00    0.2000E+00    0.1940E+00
 Reading data file datafiles/fixedTarget/NA10/thexp-7.dat
 Dataset index set to =      4978774
Read       8 data points for NA10-194-7                                                                      
Printing first    3 data points
xf_low        xf_high                sigma
appl::grid() reading grid from file datafiles/fixedTarget/NA10/gridNA10_194-8.root	:  applgrid version 1.4.70 (transformed to 1.6.9)
appl::grid() read grid, size 0.23925 MB	in 78.207 ms	trim in 0.086 ms
appl::grid() reading grid from file datafiles/fixedTarget/WA70/grid-WA70-0.root	:  applgrid version 1.4.70 (transformed to 1.6.9)
appl::grid() read grid, size 4.29711 MB	in 923.284 ms	trim in 3.745 ms
appl::grid() reading grid from file datafiles/fixedTarget/WA70/grid-WA70-1.root	:  applgrid version 1.4.70 (transformed to 1.6.9)
appl::grid() read grid, size 4.20779 MB	in 910.365 ms	trim in 3.984 ms
appl::grid() reading grid from file datafiles/fixedTarget/WA70/grid-WA70-2.root	:  applgrid version 1.4.70 (transformed to 1.6.9)
appl::grid() read grid, size 4.24684 MB	in 918.219 ms	trim in 4 ms
appl::grid() reading grid from file datafiles/fixedTarget/WA70/grid-WA70-3.root	:  applgrid version 1.4.70 (transformed to 1.6.9)
appl::grid() read grid, size 4.07009 MB	in 910.137 ms	trim in 3.969 ms
appl::grid() reading grid from file datafiles/fixedTarget/WA70/grid-WA70-4.root	:  applgrid version 1.4.70 (transformed to 1.6.9)
appl::grid() read grid, size 4.03455 MB	in 908.922 ms	trim in 3.91 ms
appl::grid() reading grid from file datafiles/fixedTarget/WA70/grid-WA70-5.root	:  applgrid version 1.4.70 (transformed to 1.6.9)
appl::grid() read grid, size 3.87847 MB	in 908.587 ms	trim in 4.118 ms
appl::grid() reading grid from file datafiles/fixedTarget/WA70/grid-WA70-6.root	:  applgrid version 1.4.70 (transformed to 1.6.9)
appl::grid() read grid, size 3.06103 MB	in 725.199 ms	trim in 2.934 ms
appl::grid() reading grid from file datafiles/fixedTarget/WA70positive/grid-WA70plus-0.root	:  applgrid version 1.4.70 (transformed to 1.6.9)
appl::grid() read grid, size 2.19099 MB	in 473.466 ms	trim in 1.518 ms
appl::grid() reading grid from file datafiles/fixedTarget/WA70positive/grid-WA70plus-1.root	:  applgrid version 1.4.70 (transformed to 1.6.9)
appl::grid() read grid, size 2.13609 MB	in 477.807 ms	trim in 1.464 ms
   -0.1000E+00    0.0000E+00    0.5000E-02
    0.0000E+00    0.1000E+00    0.7400E-02
    0.1000E+00    0.2000E+00    0.1000E-01
 Reading data file datafiles/fixedTarget/NA10/thexp-8.dat
 Dataset index set to =      9593303
Read       8 data points for NA10-194-8                                                                      
Printing first    3 data points
xf_low        xf_high                sigma
   -0.2000E+00   -0.1000E+00    0.5000E-03
   -0.1000E+00    0.0000E+00    0.7000E-03
    0.0000E+00    0.1000E+00    0.1300E-02
 Reading data file datafiles/fixedTarget/WA70/thexp-0.dat
 Dataset index set to =      1922014
Read      10 data points for WA70-0                                                                          
Printing first    3 data points
xf_low        xf_high                sigma
   -0.4500E+00   -0.3500E+00    0.1070E+02
   -0.3500E+00   -0.2500E+00    0.4710E+02
   -0.2500E+00   -0.1500E+00    0.7570E+02
 Reading data file datafiles/fixedTarget/WA70/thexp-1.dat
 Dataset index set to =      6536543
Read      10 data points for WA70-1                                                                          
Printing first    3 data points
xf_low        xf_high                sigma
   -0.4500E+00   -0.3500E+00    0.2790E+02
   -0.3500E+00   -0.2500E+00    0.3500E+02
   -0.2500E+00   -0.1500E+00    0.4530E+02
 Reading data file datafiles/fixedTarget/WA70/thexp-2.dat
 Dataset index set to =      1151072
Read      10 data points for WA70-2                                                                          
Printing first    3 data points
xf_low        xf_high                sigma
   -0.4500E+00   -0.3500E+00    0.8000E+01
   -0.3500E+00   -0.2500E+00    0.1990E+02
   -0.2500E+00   -0.1500E+00    0.3390E+02
 Reading data file datafiles/fixedTarget/WA70/thexp-3.dat
 Dataset index set to =      5765601
Read      10 data points for WA70-3                                                                          
Printing first    3 data points
xf_low        xf_high                sigma
   -0.4500E+00   -0.3500E+00    0.7700E+01
   -0.3500E+00   -0.2500E+00    0.1670E+02
   -0.2500E+00   -0.1500E+00    0.1980E+02
 Reading data file datafiles/fixedTarget/WA70/thexp-4.dat
 Dataset index set to =       380130
Read      10 data points for WA70-4                                                                          
Printing first    3 data points
xf_low        xf_high                sigma
   -0.4500E+00   -0.3500E+00    0.1700E+01
   -0.3500E+00   -0.2500E+00    0.4300E+01
   -0.2500E+00   -0.1500E+00    0.9700E+01
 Reading data file datafiles/fixedTarget/WA70/thexp-5.dat
 Dataset index set to =      4994659
Read      10 data points for WA70-5                                                                          
Printing first    3 data points
xf_low        xf_high                sigma
   -0.4500E+00   -0.3500E+00    0.2000E+01
   -0.3500E+00   -0.2500E+00    0.2100E+01
   -0.2500E+00   -0.1500E+00    0.6200E+01
 Reading data file datafiles/fixedTarget/WA70/thexp-6.dat
 Dataset index set to =      9609188
Read       8 data points for WA70-6                                                                          
Printing first    3 data points
xf_low        xf_high                sigma
   -0.2500E+00   -0.1500E+00    0.1190E+01
   -0.1500E+00   -0.5000E-01    0.1350E+01
   -0.5000E-01    0.5000E-01    0.1510E+01
 Reading data file datafiles/fixedTarget/WA70positive/thexp-0.dat
 Dataset index set to =      2856401
Read       5 data points for WA70plus-0                                                                      
Printing first    3 data points
xf_low        xf_high                sigma
   -0.4500E+00   -0.2500E+00    0.1930E+02
   -0.2500E+00   -0.5000E-01    0.4730E+02
   -0.5000E-01    0.1500E+00    0.4400E+02
 Reading data file datafiles/fixedTarget/WA70positive/thexp-1.dat
 Dataset index set to =      6946642
Read       5 data points for WA70plus-1                                                                      
Printing first    3 data points
xf_low        xf_high                sigma
appl::grid() reading grid from file datafiles/fixedTarget/WA70positive/grid-WA70plus-2.root	:  applgrid version 1.4.70 (transformed to 1.6.9)
appl::grid() read grid, size 2.1689 MB	in 467.821 ms	trim in 1.745 ms
appl::grid() reading grid from file datafiles/fixedTarget/WA70positive/grid-WA70plus-3.root	:  applgrid version 1.4.70 (transformed to 1.6.9)
appl::grid() read grid, size 2.07666 MB	in 458.768 ms	trim in 1.472 ms
appl::grid() reading grid from file datafiles/fixedTarget/WA70positive/grid-WA70plus-4.root	:  applgrid version 1.4.70 (transformed to 1.6.9)
appl::grid() read grid, size 2.0679 MB	in 487.998 ms	trim in 1.549 ms
appl::grid() reading grid from file datafiles/fixedTarget/WA70positive/grid-WA70plus-5.root	:  applgrid version 1.4.70 (transformed to 1.6.9)
appl::grid() read grid, size 1.1996 MB	in 286.194 ms	trim in 0.678 ms
appl::grid() reading grid from file datafiles/fixedTarget/WA70positive/grid-WA70plus-6.root	:  applgrid version 1.4.70 (transformed to 1.6.9)
appl::grid() read grid, size 1.16052 MB	in 280.401 ms	trim in 0.636 ms
appl::grid() reading grid from file datafiles/fixedTarget/NA10-286/gridNA10_286-0.root	:  applgrid version 1.4.70 (transformed to 1.6.9)
appl::grid() read grid, size 0.189674 MB	in 62.161 ms	trim in 0.061 ms
appl::grid() reading grid from file datafiles/fixedTarget/NA10-286/gridNA10_286-1.root	:  applgrid version 1.4.70 (transformed to 1.6.9)
appl::grid() read grid, size 0.23687 MB	in 63.652 ms	trim in 0.073 ms
appl::grid() reading grid from file datafiles/fixedTarget/NA10-286/gridNA10_286-2.root	:  applgrid version 1.4.70 (transformed to 1.6.9)
appl::grid() read grid, size 0.228916 MB	in 62.458 ms	trim in 0.075 ms
appl::grid() reading grid from file datafiles/fixedTarget/NA10-286/gridNA10_286-3.root	:  applgrid version 1.4.70 (transformed to 1.6.9)
appl::grid() read grid, size 0.273388 MB	in 91.452 ms	trim in 0.087 ms
appl::grid() reading grid from file datafiles/fixedTarget/NA10-286/gridNA10_286-4.root	:  applgrid version 1.4.70 (transformed to 1.6.9)
appl::grid() read grid, size 0.317986 MB	in 102.915 ms	trim in 0.103 ms
   -0.4500E+00   -0.2500E+00    0.1140E+02
   -0.2500E+00   -0.5000E-01    0.4070E+02
   -0.5000E-01    0.1500E+00    0.3570E+02
 Reading data file datafiles/fixedTarget/WA70positive/thexp-2.dat
 Dataset index set to =      1036883
Read       5 data points for WA70plus-2                                                                      
Printing first    3 data points
xf_low        xf_high                sigma
   -0.4500E+00   -0.2500E+00    0.1100E+02
   -0.2500E+00   -0.5000E-01    0.1880E+02
   -0.5000E-01    0.1500E+00    0.1850E+02
 Reading data file datafiles/fixedTarget/WA70positive/thexp-3.dat
 Dataset index set to =      5127124
Read       5 data points for WA70plus-3                                                                      
Printing first    3 data points
xf_low        xf_high                sigma
   -0.4500E+00   -0.2500E+00    0.6600E+01
   -0.2500E+00   -0.5000E-01    0.9800E+01
   -0.5000E-01    0.1500E+00    0.1780E+02
 Reading data file datafiles/fixedTarget/WA70positive/thexp-4.dat
 Dataset index set to =      9217365
Read       5 data points for WA70plus-4                                                                      
Printing first    3 data points
xf_low        xf_high                sigma
   -0.4500E+00   -0.2500E+00    0.1800E+01
   -0.2500E+00   -0.5000E-01    0.5500E+01
   -0.5000E-01    0.1500E+00    0.8000E+01
 Reading data file datafiles/fixedTarget/WA70positive/thexp-5.dat
 Dataset index set to =      3307606
Read       3 data points for WA70plus-5                                                                      
Printing first    3 data points
xf_low        xf_high                sigma
   -0.2500E+00   -0.5000E-01    0.2200E+01
   -0.5000E-01    0.1500E+00    0.2300E+01
    0.1500E+00    0.3500E+00    0.6000E+00
 Reading data file datafiles/fixedTarget/WA70positive/thexp-6.dat
 Dataset index set to =      7397847
Read       3 data points for WA70plus-6                                                                      
Printing first    3 data points
xf_low        xf_high                sigma
   -0.2500E+00   -0.5000E-01    0.8000E+00
   -0.5000E-01    0.1500E+00    0.4000E+00
    0.1500E+00    0.3500E+00    0.5000E+00
 Reading data file datafiles/fixedTarget/NA10-286/thexp-0.dat
 Dataset index set to =      5410532
Read       4 data points for NA10-286-0                                                                      
Printing first    3 data points
xf_low        xf_high                sigma
   -0.1000E+00    0.0000E+00    0.5650E+01
    0.0000E+00    0.1000E+00    0.6210E+01
    0.1000E+00    0.2000E+00    0.5850E+01
 Reading data file datafiles/fixedTarget/NA10-286/thexp-1.dat
 Dataset index set to =      1058147
Read       5 data points for NA10-286-1                                                                      
Printing first    3 data points
xf_low        xf_high                sigma
   -0.1000E+00    0.0000E+00    0.2760E+01
    0.0000E+00    0.1000E+00    0.3050E+01
    0.1000E+00    0.2000E+00    0.2980E+01
 Reading data file datafiles/fixedTarget/NA10-286/thexp-2.dat
 Dataset index set to =      6705762
Read       5 data points for NA10-286-2                                                                      
Printing first    3 data points
xf_low        xf_high                sigma
   -0.1000E+00    0.0000E+00    0.1350E+01
    0.0000E+00    0.1000E+00    0.1530E+01
    0.1000E+00    0.2000E+00    0.1600E+01
 Reading data file datafiles/fixedTarget/NA10-286/thexp-3.dat
 Dataset index set to =      2353377
Read       6 data points for NA10-286-3                                                                      
Printing first    3 data points
xf_low        xf_high                sigma
   -0.2000E+00   -0.1000E+00    0.5370E+00
   -0.1000E+00    0.0000E+00    0.7840E+00
    0.0000E+00    0.1000E+00    0.8810E+00
 Reading data file datafiles/fixedTarget/NA10-286/thexp-4.dat
 Dataset index set to =      8000992
Read       7 data points for NA10-286-4                                                                      
Printing first    3 data points
appl::grid() reading grid from file datafiles/fixedTarget/NA10-286/gridNA10_286-5.root	:  applgrid version 1.4.70 (transformed to 1.6.9)
appl::grid() read grid, size 0.34964 MB	in 116.553 ms	trim in 0.121 ms
appl::grid() reading grid from file datafiles/fixedTarget/NA10-286/gridNA10_286-6.root	:  applgrid version 1.4.70 (transformed to 1.6.9)
appl::grid() read grid, size 0.314209 MB	in 82.486 ms	trim in 0.118 ms
appl::grid() reading grid from file datafiles/fixedTarget/NA10-286/gridNA10_286-7.root	:  applgrid version 1.4.70 (transformed to 1.6.9)
appl::grid() read grid, size 0.325207 MB	in 104.681 ms	trim in 0.116 ms
appl::grid() reading grid from file datafiles/fixedTarget/NA10-286/gridNA10_286-8.root	:  applgrid version 1.4.70 (transformed to 1.6.9)
appl::grid() read grid, size 0.288746 MB	in 105.757 ms	trim in 0.109 ms
appl::grid() reading grid from file datafiles/fixedTarget/NA10-286/gridNA10_286-9.root	:  applgrid version 1.4.70 (transformed to 1.6.9)
appl::grid() read grid, size 0.307011 MB	in 88.326 ms	trim in 0.122 ms
appl::grid() reading grid from file datafiles/fixedTarget/NA10-286/gridNA10_286-10.root	:  applgrid version 1.4.70 (transformed to 1.6.9)
appl::grid() read grid, size 0.130966 MB	in 43.046 ms	trim in 0.05 ms
appl::grid() reading grid from file datafiles/fixedTarget/E615/grid_mumu-0.root	:  applgrid version 1.4.70 (transformed to 1.6.9)
appl::grid() read grid, size 0.490482 MB	in 116.887 ms	trim in 0.172 ms
appl::grid() reading grid from file datafiles/fixedTarget/E615/grid_mumu-1.root	:  applgrid version 1.4.70 (transformed to 1.6.9)
appl::grid() read grid, size 0.493229 MB	in 115.071 ms	trim in 0.219 ms
appl::grid() reading grid from file datafiles/fixedTarget/E615/grid_mumu-2.root	:  applgrid version 1.4.70 (transformed to 1.6.9)
appl::grid() read grid, size 0.475491 MB	in 131.959 ms	trim in 0.189 ms
appl::grid() reading grid from file datafiles/fixedTarget/E615/grid_mumu-3.root	:  applgrid version 1.4.70 (transformed to 1.6.9)
appl::grid() read grid, size 0.464184 MB	in 111.499 ms	trim in 0.171 ms
xf_low        xf_high                sigma
   -0.2000E+00   -0.1000E+00    0.2780E+00
   -0.1000E+00    0.0000E+00    0.4370E+00
    0.0000E+00    0.1000E+00    0.5040E+00
 Reading data file datafiles/fixedTarget/NA10-286/thexp-5.dat
 Dataset index set to =      3648607
Read       8 data points for NA10-286-5                                                                      
Printing first    3 data points
xf_low        xf_high                sigma
   -0.2000E+00   -0.1000E+00    0.1170E+00
   -0.1000E+00    0.0000E+00    0.2600E+00
    0.0000E+00    0.1000E+00    0.3240E+00
 Reading data file datafiles/fixedTarget/NA10-286/thexp-6.dat
 Dataset index set to =      9296222
Read       8 data points for NA10-286-6                                                                      
Printing first    3 data points
xf_low        xf_high                sigma
   -0.2000E+00   -0.1000E+00    0.2800E-01
   -0.1000E+00    0.0000E+00    0.3600E-01
    0.0000E+00    0.1000E+00    0.4800E-01
 Reading data file datafiles/fixedTarget/NA10-286/thexp-7.dat
 Dataset index set to =      4943837
Read       9 data points for NA10-286-7                                                                      
Printing first    3 data points
xf_low        xf_high                sigma
   -0.2000E+00   -0.1000E+00    0.1000E-01
   -0.1000E+00    0.0000E+00    0.1800E-01
    0.0000E+00    0.1000E+00    0.1800E-01
 Reading data file datafiles/fixedTarget/NA10-286/thexp-8.dat
 Dataset index set to =       591452
Read       8 data points for NA10-286-8                                                                      
Printing first    3 data points
xf_low        xf_high                sigma
   -0.2000E+00   -0.1000E+00    0.7000E-02
   -0.1000E+00    0.0000E+00    0.6000E-02
    0.0000E+00    0.1000E+00    0.9000E-02
 Reading data file datafiles/fixedTarget/NA10-286/thexp-9.dat
 Dataset index set to =      6239067
Read       9 data points for NA10-286-9                                                                      
Printing first    3 data points
xf_low        xf_high                sigma
   -0.2000E+00   -0.1000E+00    0.1900E-02
   -0.1000E+00    0.0000E+00    0.2800E-02
    0.0000E+00    0.1000E+00    0.3000E-02
 Reading data file datafiles/fixedTarget/NA10-286/thexp-10.dat
 Dataset index set to =      7607379
Read       4 data points for NA10-286-10                                                                     
Printing first    3 data points
xf_low        xf_high                sigma
    0.0000E+00    0.1000E+00    0.3000E-03
    0.1000E+00    0.2000E+00    0.8000E-03
    0.2000E+00    0.3000E+00    0.1000E-02
 Reading data file datafiles/fixedTarget/E615/thexp-0.dat
 Dataset index set to =      2383552
Read      12 data points for E615-0                                                                          
Printing first    3 data points
xf_low        xf_high                sigma
   -0.2000E+00   -0.1000E+00   -0.1000E+01
   -0.1000E+00    0.0000E+00   -0.1000E+01
    0.0000E+00    0.1000E+00    0.4660E+01
 Reading data file datafiles/fixedTarget/E615/thexp-1.dat
 Dataset index set to =      6998081
Read      12 data points for E615-1                                                                          
Printing first    3 data points
xf_low        xf_high                sigma
   -0.2000E+00   -0.1000E+00   -0.1000E+01
   -0.1000E+00    0.0000E+00    0.2400E+01
    0.0000E+00    0.1000E+00    0.2860E+01
 Reading data file datafiles/fixedTarget/E615/thexp-2.dat
 Dataset index set to =      1612610
Read      12 data points for E615-2                                                                          
Printing first    3 data points
xf_low        xf_high                sigma
   -0.2000E+00   -0.1000E+00   -0.1000E+01
   -0.1000E+00    0.0000E+00    0.1642E+01
    0.0000E+00    0.1000E+00    0.1787E+01
 Reading data file datafiles/fixedTarget/E615/thexp-3.dat
 Dataset index set to =      6227139
Read      12 data points for E615-3                                                                          
Printing first    3 data points
appl::grid() reading grid from file datafiles/fixedTarget/E615/grid_mumu-4.root	:  applgrid version 1.4.70 (transformed to 1.6.9)
appl::grid() read grid, size 0.458508 MB	in 125.095 ms	trim in 0.183 ms
appl::grid() reading grid from file datafiles/fixedTarget/E615/grid_mumu-5.root	:  applgrid version 1.4.70 (transformed to 1.6.9)
appl::grid() read grid, size 0.457706 MB	in 120.316 ms	trim in 0.176 ms
appl::grid() reading grid from file datafiles/fixedTarget/E615/grid_mumu-6.root	:  applgrid version 1.4.70 (transformed to 1.6.9)
appl::grid() read grid, size 0.427334 MB	in 145.124 ms	trim in 0.173 ms
appl::grid() reading grid from file datafiles/fixedTarget/E615/grid_mumu-7.root	:  applgrid version 1.4.70 (transformed to 1.6.9)
appl::grid() read grid, size 0.41914 MB	in 110.023 ms	trim in 0.165 ms
appl::grid() reading grid from file datafiles/fixedTarget/E615/grid_mumu-8.root	:  applgrid version 1.4.70 (transformed to 1.6.9)
appl::grid() read grid, size 0.409859 MB	in 141.886 ms	trim in 0.156 ms
appl::grid() reading grid from file datafiles/fixedTarget/E615/grid_mumu-9.root	:  applgrid version 1.4.70 (transformed to 1.6.9)
appl::grid() read grid, size 0.388241 MB	in 129.999 ms	trim in 0.151 ms
appl::grid() reading grid from file datafiles/fixedTarget/E615/grid_mumu-13.root	:  applgrid version 1.4.70 (transformed to 1.6.9)
appl::grid() read grid, size 0.34156 MB	in 112.892 ms	trim in 0.128 ms
appl::grid() reading grid from file datafiles/fixedTarget/E615/grid_mumu-14.root	:  applgrid version 1.4.70 (transformed to 1.6.9)
appl::grid() read grid, size 0.320034 MB	in 108.551 ms	trim in 0.123 ms
appl::grid() reading grid from file datafiles/fixedTarget/E615/grid_mumu-15.root	:  applgrid version 1.4.70 (transformed to 1.6.9)
appl::grid() read grid, size 0.3162 MB	in 120.186 ms	trim in 0.125 ms
appl::grid() reading grid from file datafiles/fixedTarget/E615/grid_mumu-16.root	:  applgrid version 1.4.70 (transformed to 1.6.9)
appl::grid() read grid, size 0.282063 MB	in 108.827 ms	trim in 0.121 ms
xf_low        xf_high                sigma
   -0.2000E+00   -0.1000E+00    0.7630E+00
   -0.1000E+00    0.0000E+00    0.1075E+01
    0.0000E+00    0.1000E+00    0.1011E+01
 Reading data file datafiles/fixedTarget/E615/thexp-4.dat
 Dataset index set to =       841668
Read      12 data points for E615-4                                                                          
Printing first    3 data points
xf_low        xf_high                sigma
   -0.2000E+00   -0.1000E+00   -0.1000E+01
   -0.1000E+00    0.0000E+00    0.7220E+00
    0.0000E+00    0.1000E+00    0.8630E+00
 Reading data file datafiles/fixedTarget/E615/thexp-5.dat
 Dataset index set to =      5456197
Read      12 data points for E615-5                                                                          
Printing first    3 data points
xf_low        xf_high                sigma
   -0.2000E+00   -0.1000E+00    0.3100E+00
   -0.1000E+00    0.0000E+00    0.4290E+00
    0.0000E+00    0.1000E+00    0.6080E+00
 Reading data file datafiles/fixedTarget/E615/thexp-6.dat
 Dataset index set to =        70726
Read      12 data points for E615-6                                                                          
Printing first    3 data points
xf_low        xf_high                sigma
   -0.2000E+00   -0.1000E+00    0.3880E+00
   -0.1000E+00    0.0000E+00    0.2810E+00
    0.0000E+00    0.1000E+00    0.3660E+00
 Reading data file datafiles/fixedTarget/E615/thexp-7.dat
 Dataset index set to =      4685255
Read      12 data points for E615-7                                                                          
Printing first    3 data points
xf_low        xf_high                sigma
   -0.2000E+00   -0.1000E+00    0.1810E+00
   -0.1000E+00    0.0000E+00    0.2000E+00
    0.0000E+00    0.1000E+00    0.2120E+00
 Reading data file datafiles/fixedTarget/E615/thexp-8.dat
 Dataset index set to =      9299784
Read      12 data points for E615-8                                                                          
Printing first    3 data points
xf_low        xf_high                sigma
   -0.2000E+00   -0.1000E+00    0.7300E-01
   -0.1000E+00    0.0000E+00    0.1640E+00
    0.0000E+00    0.1000E+00    0.1910E+00
 Reading data file datafiles/fixedTarget/E615/thexp-9.dat
 Dataset index set to =      3914313
Read      12 data points for E615-9                                                                          
Printing first    3 data points
xf_low        xf_high                sigma
   -0.2000E+00   -0.1000E+00   -0.1000E+01
   -0.1000E+00    0.0000E+00    0.6900E-01
    0.0000E+00    0.1000E+00    0.1310E+00
 Reading data file datafiles/fixedTarget/E615/thexp-13.dat
 Dataset index set to =      8290132
Read      12 data points for E615-13                                                                         
Printing first    3 data points
xf_low        xf_high                sigma
   -0.2000E+00   -0.1000E+00   -0.1000E+01
   -0.1000E+00    0.0000E+00    0.1140E-01
    0.0000E+00    0.1000E+00    0.2890E-01
 Reading data file datafiles/fixedTarget/E615/thexp-14.dat
 Dataset index set to =      2839125
Read      12 data points for E615-14                                                                         
Printing first    3 data points
xf_low        xf_high                sigma
   -0.2000E+00   -0.1000E+00   -0.1000E+01
   -0.1000E+00    0.0000E+00   -0.1000E+01
    0.0000E+00    0.1000E+00    0.3080E-01
 Reading data file datafiles/fixedTarget/E615/thexp-15.dat
 Dataset index set to =      7388118
Read      12 data points for E615-15                                                                         
Printing first    3 data points
xf_low        xf_high                sigma
   -0.2000E+00   -0.1000E+00   -0.1000E+01
   -0.1000E+00    0.0000E+00    0.1420E-01
    0.0000E+00    0.1000E+00    0.1090E-01
 Reading data file datafiles/fixedTarget/E615/thexp-16.dat
 Dataset index set to =      1937111
Read      12 data points for E615-16                                                                         
Printing first    3 data points
xf_low        xf_high                sigma
appl::grid() reading grid from file datafiles/fixedTarget/E615/grid_mumu-17.root	:  applgrid version 1.4.70 (transformed to 1.6.9)
appl::grid() read grid, size 0.279327 MB	in 118.426 ms	trim in 0.114 ms
   -0.2000E+00   -0.1000E+00   -0.1000E+01
   -0.1000E+00    0.0000E+00   -0.1000E+01
    0.0000E+00    0.1000E+00    0.3070E-01
 Reading data file datafiles/fixedTarget/E615/thexp-17.dat
 Dataset index set to =      6486104
Read      12 data points for E615-17                                                                         
Printing first    3 data points
xf_low        xf_high                sigma
   -0.2000E+00   -0.1000E+00   -0.1000E+01
   -0.1000E+00    0.0000E+00   -0.1000E+01
    0.0000E+00    0.1000E+00    0.1410E-01
 Reading data file datafiles/hera/F2pionEff/h1LeadingNeutronPN221111.dat
 Dataset index set to =      8884129

 ZMFILLW: start weight calculations   4  38   0   0
 ZMFILLW: calculations completed
Read      29 data points for F2pi effective data                                                             
Printing first    3 data points
Q2            x             y                      sigma
    0.7300E+01    0.8160E-03    0.0000E+00    0.4190E+00
    0.7300E+01    0.1740E-02    0.0000E+00    0.3780E+00
    0.7300E+01    0.3710E-02    0.0000E+00    0.3100E+00
 number of points         408
   NO                            NAME    VALUE     STEP    LIM L    LIM H    SHIFT   REDUCT
    2                              As   0.8917   0.5000                                    
    5                           delBg   0.0000   0.2000                                    
    6                           delBs   0.0000   0.3000                                    
    7                           delBv   0.0000   0.0300                                    
    9                           delCs   0.0000   3.0000                                    
   10                           delCv   0.0000   0.0400                                    
   14                           delEg   0.0000   0.1000                                    
   15                           delEs   0.0000   0.1000                                    
   16                           delEv   0.0000   0.1000                                    
   18                           delFs   0.0000   0.1000                                    
   19                           delFv   0.0000   0.1000                                    
----- Parameters in YAML format (can copy-paste into parameters.yaml):
  Ag : [ 1.00000000, 0.00000000 ]
  As : [ 0.89169000, 0.50000000 ]
  Av : [ 1.00000000, 0.00000000 ]
  ZERO : [ 0.00000000, 0.00000000 ]
  delBg : [ 0.00000000, 0.20000000 ]
  delBs : [ 0.00000000, 0.30000000 ]
  delBv : [ 0.00000000, 0.03000000 ]
  delCg : [ 0.00000000, 0.00000000 ]
  delCs : [ 0.00000000, 3.00000000 ]
  delCv : [ 0.00000000, 0.04000000 ]
  delDg : [ 0.00000000, 0.00000000 ]
  delDs : [ 0.00000000, 0.00000000 ]
  delDv : [ 0.00000000, 0.00000000 ]
  delEg : [ 0.00000000, 0.10000000 ]
  delEs : [ 0.00000000, 0.10000000 ]
  delEv : [ 0.00000000, 0.10000000 ]
  delFg : [ 0.00000000, 0.00000000 ]
  delFs : [ 0.00000000, 0.10000000 ]
  delFv : [ 0.00000000, 0.10000000 ]
  delGs : [ 0.00000000, 0.00000000 ]
  delGv : [ 0.00000000, 0.00000000 ]
  gifl : [ 0.00000000, 0.00000000 ]
  sifl : [ 1.00000000, 0.00000000 ]
  vifl : [ 2.00000000, 0.00000000 ]
----- End of parameters in YAML format
WARNING: problem with calculating the Mellin moment at x->0
ifl, MellinPower: 2, -1
WARNING: problem with calculating the Mellin moment at x->1
ifl, MellinPower: 2, -1
WARNING: problem with calculating the Mellin moment at x->0
ifl, MellinPower: 0, 0
  
 NDiag=         408 NCovar=           0
cpu_time     14.15     14.16      0.01
                         1      433.44   397        1.09

After minimisation     433.44   397     1.092

Dataset    1      4.88( -0.23)     6  NA10-194-0                                      
Dataset    2      6.19( -0.05)     6  NA10-194-1                                      
Dataset    3      6.55( -0.07)     7  NA10-194-2                                      
Dataset    4      6.23( -0.05)     7  NA10-194-3                                      
Dataset    5      1.59( -0.17)     8  NA10-194-4                                      
Dataset    6      4.90( -0.20)     8  NA10-194-5                                      
Dataset    7     21.87( -0.64)     9  NA10-194-6                                      
Dataset    8     40.85( -2.30)     8  NA10-194-7                                      
Dataset    9     10.63( -0.97)     8  NA10-194-8                                      
Dataset   10      3.85( -3.35)    10  WA70-0                                          
Dataset   11      6.57( -5.18)    10  WA70-1                                          
Dataset   12      5.01( -4.44)    10  WA70-2                                          
Dataset   13      9.69( -4.11)    10  WA70-3                                          
Dataset   14      8.52( -1.90)    10  WA70-4                                          
Dataset   15      9.79( -4.53)    10  WA70-5                                          
Dataset   16      3.01( -0.70)     8  WA70-6                                          
Dataset   17      1.93( -1.44)     5  WA70plus-0                                      
Dataset   18      3.87( -3.03)     5  WA70plus-1                                      
Dataset   19      2.09( -2.56)     5  WA70plus-2                                      
Dataset   20      3.57( -1.68)     5  WA70plus-3                                      
Dataset   21      0.80( -2.97)     5  WA70plus-4                                      
Dataset   22      2.03( -0.46)     3  WA70plus-5                                      
Dataset   23      2.90( -1.86)     3  WA70plus-6                                      
Dataset   24      5.83( -0.53)     4  NA10-286-0                                      
Dataset   25      2.31( -0.52)     5  NA10-286-1                                      
Dataset   26      3.05( -0.37)     5  NA10-286-2                                      
Dataset   27      1.83( -0.55)     6  NA10-286-3                                      
Dataset   28      3.98( -0.61)     7  NA10-286-4                                      
Dataset   29     16.40( -0.67)     8  NA10-286-5                                      
Dataset   30     10.56( -0.82)     8  NA10-286-6                                      
Dataset   31      5.60( +0.22)     9  NA10-286-7                                      
Dataset   32     19.49( +1.37)     8  NA10-286-8                                      
Dataset   33     12.76( +1.24)     9  NA10-286-9                                      
Dataset   34     13.81( +0.34)     4  NA10-286-10                                     
Dataset   35     10.07( +0.62)     7  E615-0                                          
Dataset   36     11.91( +1.64)    10  E615-1                                          
Dataset   37     12.87( +2.50)    11  E615-2                                          
Dataset   38     10.54( +1.83)    12  E615-3                                          
Dataset   39      8.70( +2.17)    11  E615-4                                          
Dataset   40      9.17( +1.44)    11  E615-5                                          
Dataset   41     13.58( +0.89)    11  E615-6                                          
Dataset   42     17.08( -0.59)    11  E615-7                                          
Dataset   43     18.12( -0.62)    11  E615-8                                          
Dataset   44     18.34( -1.63)    10  E615-9                                          
Dataset   45     32.87( -2.46)     8  E615-13                                         
  Av=1.29657
  As=0.89169
  Ag=0.0959187
 <v>=WARNING: problem with calculating the Mellin moment at x->0
ifl, MellinPower: 2, -1
WARNING: problem with calculating the Mellin moment at x->1
ifl, MellinPower: 2, -1
2
<xv>=0.442153
<xS>=0.427583
<xg>=WARNING: problem with calculating the Mellin moment at x->0
ifl, MellinPower: 0, 0
0.130264

 Fantomas output card created successfully... 

WARNING: problem with calculating the Mellin moment at x->0
ifl, MellinPower: 0, 0
Thanks for using LHAPDF 6.5.4. Please make sure to cite the paper:
  Eur.Phys.J. C75 (2015) 3, 132  (http://arxiv.org/abs/1412.7420)
malloc_consolidate(): unaligned fastbin chunk detected
/cm/local/apps/slurm/var/spool/job17311700/slurm_script: line 24: 4004535 Aborted                 (core dumped) nice ./xfitter
