# steering_fantomas.txt
# 2024-10-30 13:04:16
# improved chi2 during fitting process
1548.567878
1544.957628
1540.92871
1516.260953
1446.125871
989.4354987
948.9071445
948.8732674
948.6744987
948.6554347
948.5772217
896.0698847
747.2411965
693.258039
693.2107765
693.0398483
692.9146557
656.8889684
586.1662556
585.8940136
585.8647507
585.6250642
554.2554398
545.8490261
545.5851942
545.5161543
545.4775685
545.4680882
532.1260061
512.3212972
512.3071473
512.2674599
511.8806361
511.7372233
511.7336227
511.6978613
511.2591704
509.7650255
508.7825369
508.7776215
508.7727763
508.7641424
508.7509141
508.7506254
506.4023419
506.2589013
506.1890477
506.1802701
506.1783837
506.1504317
505.9480776
505.9203956
505.9108002
505.9074429
505.8779952
505.7893883
505.2865101
504.1737916
502.3021287
502.1450473
502.1421347
502.133628
502.1165167
501.558865
501.5087761
501.502047
501.4892266
501.427167
501.2744117
501.2742463
501.2529676
501.2495634
500.9484922
499.6843943
496.8026953
490.9502475
490.4728831
490.0246184
490.0191342
490.001056
489.9750228
478.5741442
476.3604162
476.2063074
476.1655729
476.1489512
476.1401752
476.1283439
476.119309
471.5338123
470.2996517
470.296941
470.2862609
470.2856205
468.8246743
468.7886506
468.7878079
468.7872931
468.7856767
468.7778415
468.5742034
468.5702828
468.5664305
468.5057488
468.4584964
468.453183
468.448445
468.3683906
468.3249087
468.3230162
468.3229943
468.3184504
468.3154181
468.2940026
468.1978905
468.1378585
468.1365436
468.1363118
468.1341377
468.1292366
468.125025
468.1082882
467.9930041
467.7258251
467.1059579
466.6901605
466.6820507
466.678687
466.6758297
466.6747959
464.3469469
459.8773759
459.8577461
459.6840352
459.6517988
459.6462733
456.4551575
456.429051
456.4221077
454.8364635
454.7766701
454.7680419
454.7647403
454.7608506
454.7591124
454.7574057
453.5940598
453.5669207
453.5542759
453.5489392
453.5402707
452.8958932
452.2803656
452.2628345
452.2612246
452.2592158
452.2586256
452.2474554
451.9247692
451.8901919
451.8901448
451.8867058
451.884061
451.7814172
451.781086
451.7773888
451.7754502
451.7725464
451.7044594
451.6235364
451.620006
451.6181847
451.6141827
451.6127906
451.6117411
451.6089448
451.606371
451.6027524
451.5966948
451.5928832
451.5917582
451.5891536
451.5676796
451.5201829
451.4616179
451.4582672
451.4556158
451.450706
451.2841598
450.729052
450.2578697
450.2550221
450.2403661
450.2182681
450.2182681
450.2077037
449.8686836
449.8182927
449.8167048
449.8048247
449.5690376
448.8669628
448.5647852
448.5537544
448.5444375
448.544369
448.4895879
448.3933706
447.8307363
447.7352701
447.7321641
447.7265067
447.5893943
447.5758436
447.5707786
447.5680734
447.5582412
447.456926
447.4565903
447.428558
447.4274729
447.4198377
447.3873251
447.3871927
447.3861482
447.384571
447.3770189
447.3765541
447.3750173
447.3743277
447.3725105
447.3648993
447.3562513
447.2906316
447.1728591
447.1215625
447.1204286
447.1139954
446.8079677
446.4515493
446.4501942
446.444283
446.4434323
446.4422834
446.4400995
446.4387738
446.4386207
446.2183526
446.1136728
446.1113941
446.1103927
446.1097663
446.1066715
446.1027059
445.9345819
445.5330886
445.5027316
445.50191
445.5012049
445.4974946
444.7603344
444.7111834
444.6410704
444.6352514
444.6341595
444.6318079
444.6310504
444.342279
444.2170779
444.2112874
444.2105073
444.2100887
444.2088262
444.0816098
444.0815291
444.0809389
444.0799734
444.0787902
444.0777932
444.0773029
443.9511585
443.8386531
443.8361947
443.8350481
443.8316481
443.7772216
443.747958
443.7476435
443.7472594
443.7466974
443.7448283
443.7158894
443.6962324
443.6956189
443.693545
443.6935343
443.6931906
443.6928264
443.6692868
443.6691206
443.668496
443.6683891
443.6682661
443.6674985
443.6563169
443.6452203
443.6451302
443.6447477
443.6446918
443.6427748
443.6340157
443.6029288
443.5935484
443.5924476
443.5911874
443.5482287
443.5285837
443.5252406
443.5243199
443.5240416
443.5232756
443.5141883
443.5139325
443.5138328
443.5127318
443.5078806
443.5078613
443.5072221
443.5066082
443.5064478
443.5059596
443.5052786
443.5051527
443.5049459
443.5048415
443.5039058
443.503864
443.5035022
443.5031188
443.5030415
443.5024473
443.5004376
443.496917
443.4965452
443.496331
443.4958148
443.4957594
443.4957523
443.4956395
443.4946227
443.4939105
443.493898
443.4935532
443.4932758
443.4932321
443.4927219
443.4906295
443.4793102
443.4627831
443.4606468
443.4597619
443.4594407
443.4579387
443.4574571
443.4338649
443.3527547
443.3282398
443.3144744
443.3141443
443.3088513
443.2966337
443.2839317
443.1846071
443.0885822
443.0866093
443.0865067
443.0854806
443.0661691
442.9134671
442.8465005
442.789394
442.7882641
442.7881102
442.7861885
442.6170335
442.5409912
442.3575508
442.2889571
442.2587513
442.256356
442.2540183
442.0671067
441.9240042
441.7913582
441.7659296
441.7378178
441.7231804
441.7105635
441.6733512
441.5949199
441.5315496
441.4426817
441.3484272
441.241077
441.2366677
441.2365124
441.0568854
440.9325388
440.8983426
440.8896091
440.8808325
440.8756294
440.8742812
440.8734793
440.8276595
440.8260235
440.8258565
440.8246294
440.8245951
440.8156072
440.8131273
440.8129265
440.8116857
440.7864548
440.7715011
440.7608714
440.7585783
440.7583972
440.7577951
440.7331099
440.7062673
440.7045934
440.7045713
440.7038052
440.6995514
440.6938087
440.6891957
440.6880737
440.6870518
440.636842
440.6343051
440.6328477
440.6047091
440.5761138
440.5749286
440.5746656
440.5741869
440.5741869
440.5691151
440.5687384
440.56834
440.5372283
440.5334385
440.523131
440.5220877
440.5217224
440.511434
440.5075714
440.5074648
440.5073483
440.5072742
440.5070482
