# steering_fantomas.txt
# 2024-08-14 12:30:59
# improved chi2 during fitting process
1922.24
1922.19
1922.13
1920.43
1912.55
1188.24
1188.2
1188.18
1188.13
1186.91
1158.83
1158.79
1158.78
1158.72
1157.46
1143.17
1143.05
1143.03
1142.93
1142.56
1141.44
1141.11
1140.23
1128.73
1117.06
1117.05
1117.04
1117
1116.82
1116.6
1116.41
896.911
896.822
896.69
896.243
867.271
867.208
867.197
867.039
866.726
778.369
778.333
778.218
778.116
739.82
739.796
739.762
739.558
739.163
738.39
729.933
729.88
729.801
728.509
674.626
674.537
674.354
674.134
674.087
667.402
667.294
667.117
664.816
622.198
622.01
621.981
