# steering_fantomas.txt
# 2024-10-18 09:35:39
# improved chi2 during fitting process
1013.69
1013.37
1013.19
1010.51
1009.17
1003.67
983.29
919.763
720.039
657.36
637.169
629.533
629.368
629.229
628.373
628.312
628.128
546.776
546.733
546.725
546.687
514.366
513.699
513.689
513.686
513.664
513.656
501.707
490.174
485.593
485.534
485.51
485.488
477.816
475.499
475.376
475.314
469.541
466.772
466.243
466.241
466.215
466.181
466.073
463.251
462.955
462.948
462.941
462.933
462.875
459.065
458.27
458.156
458.144
458.115
455.712
455.339
455.322
455.318
454.284
454.269
454.267
454.266
453.568
453.37
453.369
453.364
452.878
452.64
452.638
452.637
452.635
452.396
452.304
452.301
452.3
452.299
452.131
452.096
452.094
452.094
452.049
451.989
451.988
451.986
451.986
451.847
451.478
451.415
451.415
451.414
451.41
451.332
451.322
451.321
451.32
451.302
451.293
451.292
451.292
451.291
451.273
451.199
451.053
450.986
450.983
450.982
450.982
450.981
450.981
450.981
450.724
450.659
450.652
450.651
450.558
450.55
450.548
450.548
450.547
450.484
450.405
450.403
450.402
450.402
450.402
450.368
450.356
450.356
450.356
450.355
450.355
450.355
450.342
450.342
450.342
450.341
450.34
450.34
450.338
450.337
450.337
450.337
450.337
450.336
450.336
450.336
450.336
450.336
450.336
450.334
450.332
450.331
450.324
450.296
450.279
450.277
450.277
450.265
450.263
450.262
450.237
450.236
450.231
450.231
450.214
450.174
450.173
450.172
450.172
450.171
450.134
450.133
450.132
450.128
450.128
450.128
450.1
450.063
450.063
450.06
450.06
450.06
450.02
450.015
450.015
450.013
449.97
449.97
449.97
449.969
449.969
449.958
449.956
449.956
449.956
449.945
449.942
449.942
449.942
449.935
449.908
449.895
449.895
449.892
449.892
449.892
449.846
449.811
449.805
449.804
449.803
449.803
449.803
449.803
449.791
449.789
449.789
449.755
449.754
449.75
449.75
449.73
449.715
449.715
449.714
449.696
449.684
449.681
449.68
449.677
449.677
449.666
449.634
449.634
449.633
449.63
449.63
449.622
449.616
449.615
449.615
449.614
449.606
449.575
449.568
449.563
449.56
449.53
449.509
449.503
449.5
449.499
449.497
449.494
449.493
449.492
449.459
449.458
449.455
449.455
449.455
449.444
449.441
449.44
449.44
449.44
449.44
449.431
449.42
449.418
449.418
449.418
449.418
449.413
449.413
449.41
449.41
449.406
449.386
449.371
449.368
449.367
449.366
449.366
449.366
449.345
449.345
449.342
449.342
449.327
449.327
449.326
449.326
449.326
449.326
449.315
449.311
449.309
449.308
449.307
449.307
449.302
449.294
449.293
449.29
449.286
449.278
449.278
449.277
449.277
449.277
449.272
449.256
449.255
449.254
449.253
449.253
449.253
449.243
449.241
449.239
449.239
449.231
449.217
449.214
449.212
449.21
449.21
449.209
449.209
449.209
449.208
449.208
449.204
449.203
449.203
449.203
449.186
449.184
449.182
449.182
449.179
449.178
449.178
449.178
449.178
449.178
449.173
449.169
449.165
449.164
449.164
449.164
449.159
449.157
449.157
449.155
449.155
449.152
449.15
449.15
449.15
449.15
449.146
449.145
449.14
449.14
449.14
449.14
449.136
449.136
449.134
449.134
449.134
449.132
449.13
449.13
449.13
449.13
449.129
449.129
449.126
449.123
449.123
449.122
449.122
449.122
449.122
449.122
449.118
449.118
449.118
449.118
449.117
449.117
449.116
449.116
449.115
449.112
449.112
449.111
449.111
449.111
449.11
449.11
449.108
449.107
449.106
449.106
449.106
449.105
449.105
449.104
449.104
449.104
449.103
449.103
449.103
449.102
449.102
449.102
449.102
449.101
449.101
449.101
449.101
449.101
449.101
449.1
449.1
449.1
449.1
449.099
449.099
449.099
449.099
449.099
449.099
449.099
449.099
449.099
449.099
449.099
449.099
449.099
449.099
449.099
449.099
