# steering_fantomas.txt
# 2024-09-06 16:17:47
# improved chi2 during fitting process
451.44
451.44
451.44
451.439
451.438
451.438
451.438
451.438
451.438
451.438
451.438
451.436
451.436
451.435
451.435
451.434
451.434
451.434
451.434
451.43
451.419
451.419
451.418
451.418
451.418
451.417
451.411
451.411
451.411
451.41
451.41
451.41
451.409
451.407
451.401
451.4
451.4
451.398
451.393
451.39
451.388
451.388
451.388
451.388
451.388
451.387
451.387
451.386
451.386
451.386
451.386
451.386
451.386
451.385
451.384
451.383
451.382
451.382
451.381
451.381
451.38
451.38
451.38
451.38
451.38
451.379
451.378
451.378
451.378
451.378
451.378
451.378
451.378
451.377
451.377
451.377
451.377
451.377
451.377
451.377
451.376
451.375
451.375
451.375
451.375
451.374
451.372
451.367
451.367
451.367
451.367
451.366
451.365
451.36
451.354
451.354
451.353
451.353
451.352
451.34
451.333
451.333
451.333
451.332
451.332
451.329
451.321
451.316
451.314
451.314
451.314
451.314
451.314
451.304
451.286
451.283
451.283
451.281
451.276
451.27
451.27
451.27
451.269
451.268
451.268
451.26
451.227
451.224
451.222
451.221
451.219
451.217
451.193
451.185
451.182
451.181
451.179
451.161
451.149
451.148
451.148
451.146
451.146
451.145
451.13
451.129
451.128
451.128
451.126
451.124
451.123
451.113
451.084
451.083
451.083
451.082
451.081
451.08
451.026
451.022
451.022
451.018
451.015
450.97
450.892
450.883
450.881
450.88
450.875
450.874
450.873
450.83
450.646
450.302
450.226
450.215
450.212
450.208
450.204
450.202
450.165
450.117
450.115
450.114
450.113
450.108
450.107
450.066
449.995
449.991
449.991
449.985
449.984
449.983
449.983
449.942
449.761
449.404
449.282
449.191
449.178
449.178
449.177
449.143
448.967
448.627
448.432
448.418
448.418
448.417
448.413
448.411
448.372
448.256
448.232
448.231
448.23
448.228
448.228
448.189
448.077
448.061
448.059
448.052
448.051
448.05
448.018
447.881
447.728
447.726
447.724
447.716
447.674
447.673
447.672
447.669
447.656
447.649
447.621
447.62
447.619
447.609
447.576
447.576
447.576
447.575
447.574
447.574
447.572
447.569
447.557
447.548
447.548
447.546
447.544
447.537
447.536
447.536
447.535
447.534
447.532
447.532
447.532
447.532
447.532
447.529
447.529
447.529
447.527
447.525
447.524
447.524
447.524
447.522
447.52
447.52
447.518
447.517
447.517
447.516
447.516
447.515
447.515
447.515
447.514
447.514
447.513
447.513
447.513
447.513
447.513
447.513
447.513
447.513
447.513
447.512
447.512
447.512
447.512
447.512
447.512
447.512
447.512
447.512
447.512
447.512
447.512
447.512
447.512
