# steering_fantomas.txt
# 2024-10-18 12:47:15
# improved chi2 during fitting process
926.838
926.651
926.298
925.95
916.636
914.646
912.486
911.99
911.935
751.113
692.83
692.784
692.704
692.694
692.625
621.565
615.105
607.012
605.297
605.264
605.206
605.161
563.925
549.238
549.201
549.146
549.14
516.441
500.29
500.242
500.217
500.214
494.601
493.036
493.033
493.005
493.001
492.979
489.757
483.542
483.541
483.525
483.522
483.521
483.511
481.652
480.199
480.191
480.177
480.176
476.304
464.111
460.37
460.364
460.334
455.575
455.53
455.514
455.514
455.465
455.134
455.129
455.124
454.912
454.884
454.883
454.874
454.731
454.338
454.279
454.278
454.272
454.01
453.975
453.975
453.974
453.971
453.951
453.941
453.941
453.94
453.94
453.939
453.937
453.923
453.854
453.689
453.283
453.106
452.996
452.991
452.989
452.989
452.983
451.81
451.422
451.262
451.251
451.245
451.245
450.4
449.836
449.762
449.751
449.746
449.223
448.968
448.966
448.965
448.964
448.964
448.794
448.794
448.792
448.791
448.762
448.753
448.753
448.752
448.751
448.749
448.732
448.727
448.727
448.724
448.71
448.662
448.648
448.645
448.643
448.641
448.63
448.561
448.405
448.108
448.099
448.079
448.078
448.077
448.075
448.071
448.062
447.991
447.818
447.337
446.718
446.713
446.71
446.708
446.705
446.693
446.677
446.674
446.67
446.666
446.657
446.609
446.606
446.605
446.599
446.598
446.595
446.587
446.52
446.402
446.353
446.35
446.344
445.989
445.726
445.721
445.717
445.712
445.709
445.439
445.414
445.412
445.411
445.411
445.266
445.187
445.186
445.186
445.185
445.172
445.172
445.171
445.17
445.17
445.17
445.169
445.169
445.168
445.167
445.167
445.167
445.164
445.16
445.159
445.158
445.157
445.152
445.146
445.145
445.143
445.143
445.139
445.139
445.139
445.139
445.138
445.132
445.103
445.048
445.033
445.03
445.03
444.938
444.918
444.913
444.913
444.856
444.837
444.837
444.837
444.835
444.802
444.795
444.786
444.783
444.783
444.766
444.742
444.741
444.741
444.739
444.739
444.724
444.705
444.703
444.702
444.702
444.691
444.689
444.688
444.684
444.684
444.676
444.654
444.653
444.653
444.653
444.652
444.631
444.631
444.622
444.62
444.62
444.62
444.604
444.594
444.592
444.591
444.59
444.59
444.59
444.589
444.583
444.582
444.582
444.569
444.566
444.565
444.565
444.565
444.559
444.551
444.55
444.549
444.549
444.548
444.548
444.547
444.547
444.546
444.545
444.543
444.542
444.542
444.542
444.542
444.541
444.54
444.539
444.539
444.538
444.538
444.537
444.534
444.534
444.534
444.533
444.533
444.533
444.533
444.532
444.532
444.53
444.53
444.53
444.53
444.529
444.528
444.527
444.527
444.527
444.527
444.526
444.525
444.525
444.525
444.524
444.524
444.523
444.523
444.523
444.523
444.523
444.523
444.522
444.522
444.522
444.521
444.521
444.52
444.519
444.518
444.518
444.518
444.518
444.517
444.517
444.516
444.516
444.516
444.515
444.514
444.514
444.514
444.514
444.511
444.51
444.51
444.51
444.507
444.506
444.506
444.506
444.505
444.505
444.504
444.504
444.503
444.503
444.502
444.501
444.497
444.497
444.497
444.495
444.495
444.494
444.487
444.486
444.486
444.485
444.485
444.485
444.483
444.474
444.474
444.473
444.473
444.473
444.473
444.472
444.471
444.471
444.471
444.47
444.463
444.458
444.458
444.458
444.458
444.449
444.446
444.445
444.445
444.445
444.441
444.433
444.432
444.431
444.429
444.424
444.424
444.424
444.424
444.424
444.421
444.414
444.414
444.413
444.409
444.409
444.409
444.409
444.407
444.407
444.407
444.407
444.407
444.407
444.407
444.407
444.407
444.406
444.406
444.406
444.406
444.406
444.406
444.405
444.405
444.404
444.403
444.402
444.402
444.401
444.401
444.401
444.4
444.399
444.399
444.399
444.399
444.398
444.398
444.398
444.397
444.397
444.397
444.397
444.396
444.396
444.396
444.396
444.395
444.395
444.395
444.395
444.395
444.395
444.395
444.395
444.395
444.395
444.395
444.395
444.395
444.395
