# steering_fantomas.txt
# 2024-09-03 17:37:29
# improved chi2 during fitting process
454.338
454.316
454.151
454.006
451.933
451.93
451.927
451.926
451.922
451.608
451.602
451.601
451.599
451.598
451.597
451.594
451.488
451.442
451.442
451.441
451.44
451.439
451.435
451.435
451.35
451.086
450.995
450.988
450.986
450.754
450.674
450.673
450.672
450.671
450.669
450.669
450.669
450.668
450.514
450.013
449.634
449.629
449.618
449.613
448.268
447.683
447.623
446.994
446.99
446.987
446.985
446.981
445.817
445.774
445.769
445.766
445.76
445.758
445.752
445.116
445.108
445.106
445.104
444.238
443.709
443.66
443.651
443.647
443.645
443.116
442.695
442.568
442.555
442.554
442.554
442.55
442.101
441.369
441.365
441.362
441.361
441.359
440.98
440.33
440.322
440.316
440.025
439.869
439.868
439.867
439.865
439.673
439.621
439.589
439.584
439.581
439.431
439.071
439.041
439.038
439.038
439.035
439.033
438.957
438.955
438.951
438.916
438.908
438.908
438.908
438.907
438.906
438.9
438.878
438.846
438.846
438.845
438.844
438.838
438.819
438.737
438.691
438.69
438.688
438.688
438.554
438.482
438.481
438.479
438.477
438.406
438.199
438.14
438.137
438.136
438.136
438.132
437.935
437.779
437.778
437.771
437.77
437.765
437.638
437.596
437.595
437.592
437.591
437.59
437.576
437.493
437.363
437.349
437.346
437.342
437.342
437.325
437.204
437.05
437.043
437.041
437.039
437.039
437.039
437.02
436.944
436.928
436.927
436.926
436.907
436.901
436.868
436.868
436.867
436.866
436.847
436.826
436.795
436.793
436.79
436.776
436.758
436.69
436.688
436.688
436.687
436.67
436.656
436.572
436.556
436.555
436.553
436.552
436.552
436.535
436.482
436.462
436.457
436.456
436.456
436.455
436.437
436.424
436.409
436.408
436.406
436.406
436.405
436.388
436.364
436.341
436.34
436.339
436.338
436.338
436.319
436.283
436.275
436.255
436.253
436.235
436.205
436.192
436.19
436.172
436.17
436.164
436.163
436.16
436.15
436.145
436.12
436.12
436.12
436.12
436.117
436.117
436.114
436.076
436.072
436.07
436.07
436.068
436.066
436.047
436.042
436.032
436.031
436.031
436.029
436.027
435.997
435.991
435.988
435.987
435.987
435.979
435.966
435.957
435.955
435.954
435.953
435.946
435.944
435.944
435.944
435.944
435.94
435.94
435.936
435.935
435.934
435.934
435.934
435.934
435.932
435.921
435.916
435.915
435.914
435.913
435.913
435.913
435.913
435.912
435.912
435.912
435.911
435.909
435.909
435.909
435.909
435.909
435.909
435.909
435.909
435.909
435.909
435.908
435.908
435.908
435.908
435.908
435.908
435.908
435.907
435.907
435.907
435.907
435.907
435.907
435.907
435.907
435.907
435.906
435.906
435.906
435.906
435.906
435.906
435.905
435.905
435.905
435.905
435.905
435.905
435.904
435.903
435.903
435.903
435.902
435.902
435.902
435.902
435.902
435.901
435.901
435.901
435.9
435.9
435.9
435.899
435.899
435.899
435.899
435.899
435.899
435.898
435.898
435.898
435.898
435.897
435.897
435.897
435.897
435.896
435.896
435.895
435.894
435.894
435.894
435.893
435.893
435.892
435.892
435.891
435.891
435.89
435.89
435.89
435.866
435.866
435.865
435.865
435.852
435.852
435.852
435.852
435.852
435.851
435.848
435.848
435.848
435.848
435.847
435.846
435.846
435.846
435.846
435.846
435.846
435.846
435.846
435.846
435.846
435.846
435.846
435.846
435.845
435.845
435.845
435.845
435.845
435.845
435.845
435.845
435.845
435.845
435.845
