# steering_fantomas.txt
# 2024-09-06 10:58:39
# improved chi2 during fitting process
451.44
451.44
451.44
451.439
451.432
451.432
451.431
451.431
451.431
451.424
451.404
451.394
451.394
451.392
451.392
451.371
451.364
451.364
451.363
451.362
451.349
451.346
451.345
451.345
451.345
451.335
451.301
451.273
451.273
451.273
451.272
451.266
451.262
451.261
451.26
451.254
451.25
451.249
451.249
451.249
451.249
451.248
451.248
451.247
451.247
451.247
451.246
451.246
451.245
451.244
451.244
451.243
451.243
451.242
451.241
451.241
451.241
451.241
451.241
451.24
451.239
451.239
451.239
451.238
451.238
451.237
451.236
451.235
451.233
451.232
451.232
451.232
451.231
451.23
451.229
451.229
451.226
451.22
451.22
451.219
451.218
451.218
451.217
451.208
451.208
451.208
451.207
451.205
451.204
451.203
451.2
451.2
451.2
451.197
451.195
451.195
451.195
451.193
451.193
451.193
451.19
451.19
451.19
451.187
451.187
451.186
451.186
451.186
451.185
451.185
451.185
451.184
451.184
451.184
451.183
451.183
451.183
451.182
451.182
451.182
451.181
451.181
451.181
451.18
451.18
451.179
451.179
451.179
451.179
451.179
451.179
451.179
451.178
451.178
451.178
451.178
451.178
451.178
451.178
451.177
451.177
451.177
451.177
451.177
451.177
