# steering_fantomas.txt
# 2024-09-06 16:18:08
# improved chi2 during fitting process
456.246
456.022
455.729
454.996
454.509
452.024
452.021
452.021
452.018
451.753
451.657
451.657
451.655
451.654
451.646
451.606
451.595
451.594
451.594
451.594
451.593
451.592
451.57
451.557
451.535
451.534
451.534
451.53
451.53
451.507
451.502
451.501
451.501
451.501
451.501
451.483
451.473
451.473
451.473
451.473
451.473
451.453
451.448
451.447
451.447
451.447
451.447
451.447
451.446
451.438
451.434
451.434
451.434
451.434
451.434
451.433
451.433
451.433
451.364
451.159
451.155
451.153
451.142
451.141
451.133
451.123
451.116
451.115
451.084
451.068
450.866
450.476
450.332
450.302
450.282
450.28
450.249
450.247
450.057
449.799
449.783
449.781
449.78
449.779
449.757
449.729
449.513
449.085
449.066
449.044
449.041
449.032
449.029
448.988
448.848
448.811
448.807
448.807
448.804
448.804
448.804
448.794
448.794
448.752
448.552
448.213
448.181
448.179
448.179
448.178
448.174
448.158
448.137
448.137
448.135
448.134
448.13
448.117
448.085
448.022
448.022
448.018
448.017
448.013
448.008
447.995
447.97
447.776
447.4
447.364
447.322
447.321
447.32
447.318
447.316
447.315
447.304
447.272
447.089
446.747
446.655
446.614
446.604
446.599
446.598
446.565
446.374
446
445.932
445.931
445.927
445.926
445.887
445.829
445.824
445.817
445.815
445.814
445.781
445.661
445.622
445.621
445.617
445.617
445.615
445.614
445.579
445.431
445.234
445.23
445.228
445.225
445.223
445.216
445.215
444.789
444.735
444.732
444.732
444.732
444.73
444.73
444.729
444.631
444.627
444.625
444.624
444.534
444.529
444.527
444.527
444.526
444.519
444.519
444.464
444.434
444.433
444.433
444.432
444.431
444.431
444.43
444.427
444.426
444.386
444.353
444.35
444.348
444.344
444.342
444.342
444.313
444.254
444.247
444.246
444.246
444.246
444.246
444.246
444.243
444.239
444.239
444.167
444.139
444.139
444.137
444.136
444.135
444.128
444.127
444.112
444.103
444.102
444.101
444.097
444.095
444.095
444.054
444.025
444.023
444.017
443.988
443.934
443.934
443.933
443.929
443.926
443.926
443.893
443.893
443.892
443.892
443.892
443.891
443.887
443.885
443.879
443.878
443.878
443.877
443.877
443.872
443.831
443.822
443.814
443.814
443.813
443.813
443.813
443.812
443.812
443.807
443.806
443.805
443.758
443.704
443.703
443.702
443.701
443.7
443.698
443.698
443.697
443.676
443.675
443.675
443.674
443.672
443.667
443.658
443.658
443.658
443.653
443.643
443.643
443.642
443.642
443.641
443.637
443.631
443.63
443.626
443.625
443.625
443.621
443.62
443.617
443.617
443.616
443.616
443.615
443.613
443.612
443.604
443.604
443.603
443.603
443.602
443.602
443.6
443.597
443.597
443.597
443.596
443.593
443.592
443.591
443.591
443.59
443.59
443.59
443.589
443.588
443.587
443.587
443.586
443.586
443.586
443.586
443.586
443.586
443.585
443.584
443.584
443.583
443.583
443.582
443.582
443.582
443.582
443.581
443.58
443.579
443.573
443.57
443.57
443.57
443.57
443.57
443.569
443.568
443.561
443.55
443.548
443.548
443.546
443.546
443.546
443.542
443.539
443.535
443.533
443.533
443.533
443.533
443.532
443.529
443.528
443.525
443.525
443.525
443.524
443.524
443.524
443.52
443.512
443.509
443.508
443.508
443.508
443.507
443.507
443.506
443.492
443.438
443.392
443.379
443.375
443.374
443.372
443.372
443.368
443.368
443.341
443.34
443.34
443.339
443.338
443.336
443.241
443.2
443.198
443.197
443.196
443.176
443.175
443.175
443.174
443.174
443.17
443.111
443.094
443.092
443.084
443.068
443.068
443.067
443.058
443.048
443.035
443.035
443.034
443.025
443.024
443.023
443.014
443.005
442.999
442.996
442.989
442.985
442.984
442.975
442.968
442.956
442.936
442.934
442.931
442.914
442.912
442.91
442.91
442.91
442.909
442.908
442.908
442.906
442.905
442.905
442.903
442.902
442.902
442.902
442.902
442.902
442.902
442.902
442.9
442.898
442.89
442.89
442.889
442.888
442.887
442.873
442.844
442.814
442.812
442.812
442.811
442.81
442.809
442.808
442.797
442.789
442.788
442.787
442.786
442.785
442.784
442.784
442.773
442.751
442.739
442.739
442.738
442.737
442.734
442.722
442.694
442.681
442.669
442.665
442.655
442.652
442.622
442.59
442.587
442.587
442.578
442.566
442.563
442.563
442.555
442.509
442.507
442.503
442.499
442.491
442.491
442.483
442.475
442.475
442.474
442.473
442.466
442.454
442.386
442.306
442.306
442.302
442.301
442.294
442.241
442.221
442.221
442.22
442.212
442.193
442.192
442.192
442.19
442.18
442.173
442.17
442.17
442.167
442.166
442.166
442.166
442.165
442.164
442.164
442.164
442.163
442.163
442.163
442.162
442.162
442.162
442.162
442.162
442.161
442.161
442.161
442.161
442.161
442.16
442.16
442.16
442.16
442.16
442.16
442.159
442.159
442.159
442.155
442.147
442.125
442.113
442.112
442.112
442.108
442.107
442.106
442.106
442.1
442.1
442.098
442.094
442.092
442.089
442.089
442.089
442.088
442.088
442.081
442.081
442.077
442.076
442.076
442.074
442.074
442.072
442.072
442.071
442.069
442.064
442.063
442.063
442.063
442.059
442.057
442.054
442.054
442.053
442.053
442.053
442.051
442.05
442.044
442.044
442.043
442.032
442.029
442.027
442.024
442.023
442.02
442.019
442.019
442.018
442.017
442.014
442.008
441.985
441.984
441.983
441.974
441.97
441.966
441.965
441.959
441.958
441.957
441.957
441.956
441.956
441.954
441.954
441.954
441.952
441.951
441.95
441.95
441.949
441.942
441.937
441.936
441.935
441.935
441.933
441.928
441.921
441.916
441.913
441.911
441.909
441.901
441.896
441.882
441.882
441.882
441.882
441.882
441.882
441.874
441.865
441.864
441.855
441.853
441.845
441.842
441.834
441.811
441.788
441.787
441.787
441.787
441.779
441.768
441.766
441.759
441.74
441.736
441.735
441.728
441.719
441.713
441.712
441.712
441.712
441.712
441.711
441.705
441.703
441.702
441.701
441.7
441.693
441.691
441.691
441.691
441.691
441.69
441.69
441.69
441.69
441.69
441.69
441.632
441.592
441.536
441.536
441.53
441.528
441.528
441.527
441.527
441.527
441.527
441.527
441.525
441.519
441.518
441.512
441.512
441.512
441.511
441.511
441.509
441.497
441.495
441.486
441.484
441.484
441.482
441.482
441.482
441.469
441.468
441.468
441.467
441.467
441.462
441.455
441.45
441.449
441.447
441.444
441.439
441.421
441.421
441.421
441.418
441.414
441.408
441.407
441.406
441.406
441.406
441.404
441.401
441.389
441.389
441.387
441.387
441.386
441.378
441.365
441.363
441.356
441.354
441.354
441.354
441.354
441.353
441.35
441.35
441.343
441.338
441.338
441.338
441.337
441.337
441.336
441.332
441.33
441.323
441.321
441.321
441.32
441.32
441.31
441.305
441.303
441.299
441.298
441.297
441.294
441.294
441.292
441.289
441.289
441.285
441.282
441.281
441.278
441.276
441.275
441.27
441.256
441.255
441.254
441.254
441.253
441.253
441.25
441.248
441.244
441.244
441.243
441.241
441.234
441.232
441.232
441.231
441.231
441.228
441.228
441.228
441.227
441.224
441.224
441.222
441.221
441.218
441.217
441.207
441.205
441.205
441.203
441.197
441.195
441.195
441.194
441.194
441.193
441.192
441.189
441.178
441.162
441.162
441.162
441.16
441.16
441.152
441.142
441.141
441.141
441.139
441.133
441.131
441.131
441.13
441.128
441.127
441.122
441.122
441.121
441.117
441.117
441.117
441.115
441.114
441.112
441.111
441.111
441.111
441.11
441.109
441.109
441.109
441.108
441.106
441.104
441.101
441.1
441.099
441.098
441.096
441.094
441.093
441.093
441.092
441.09
441.088
441.087
441.087
441.086
441.086
441.086
441.084
441.083
441.082
441.08
441.08
441.08
441.08
441.072
441.062
441.06
441.06
441.06
441.06
441.057
441.052
441.051
441.039
441.038
441.037
441.036
441.035
441.035
441.035
441.033
441.032
441.031
441.031
441.03
441.029
441.026
441.025
441.025
441.024
441.023
441.021
441.018
441.017
441.015
441.012
441.008
441.008
441.008
441.008
441.007
441.007
441.006
440.999
440.995
440.988
440.987
440.987
440.986
440.984
440.984
440.984
440.982
440.98
440.977
440.976
440.976
440.976
440.973
440.964
440.964
440.963
440.962
440.961
440.961
440.961
440.961
440.96
440.958
440.957
440.957
440.957
440.957
440.957
440.957
440.956
440.956
440.955
440.951
440.951
440.951
440.951
440.951
440.951
440.95
440.95
440.949
440.948
440.947
440.946
440.944
440.939
440.939
440.938
440.937
440.934
440.933
440.933
440.933
440.929
440.928
440.927
440.927
440.927
440.925
440.923
440.923
440.923
440.923
440.922
440.922
440.92
440.919
440.918
440.918
440.918
440.916
440.912
440.911
