# steering_fantomas.txt
# 2024-10-16 20:17:31
# improved chi2 during fitting process
451.44
451.44
451.44
451.439
451.427
451.418
451.418
451.416
451.416
451.416
451.402
451.402
451.402
451.402
451.4
451.385
451.335
451.311
451.31
451.308
451.27
451.269
451.269
451.269
451.268
451.268
451.245
451.167
451.106
451.105
451.101
451.099
450.97
450.889
450.889
450.889
450.887
450.856
450.846
450.846
450.845
450.82
450.787
450.787
450.786
450.786
450.762
450.757
450.756
450.756
450.756
450.756
450.739
450.733
450.731
450.731
450.731
450.73
450.712
450.66
450.652
450.652
450.651
450.65
450.611
450.584
450.583
450.582
450.582
450.547
450.514
450.512
450.511
450.508
450.507
450.477
450.445
450.444
450.442
450.417
450.416
450.416
450.415
450.408
450.408
450.407
450.404
450.401
450.4
450.398
450.392
450.392
450.392
450.392
450.391
450.391
450.386
450.383
450.383
450.383
450.382
450.382
450.382
450.381
450.378
450.378
450.378
450.376
450.37
450.354
450.353
450.342
450.34
450.34
450.339
450.313
450.309
450.308
450.284
450.237
450.235
450.234
450.234
450.232
450.22
450.203
450.2
450.199
450.166
450.15
450.147
450.143
450.143
450.143
450.124
450.118
450.118
450.117
450.117
450.098
450.041
450.039
450.038
450.035
450.035
449.993
449.958
449.955
449.955
449.93
449.927
449.927
449.927
449.927
449.927
449.894
449.871
449.86
449.858
449.858
449.855
449.839
449.836
449.835
449.835
449.81
449.8
449.8
449.798
449.798
449.798
449.798
449.797
449.781
449.767
449.766
449.763
449.762
449.762
449.75
449.717
449.715
449.715
449.713
449.712
449.678
449.675
449.671
449.671
449.648
449.644
449.644
449.644
449.644
449.644
449.623
449.615
449.61
449.607
449.605
449.604
449.593
449.562
449.561
449.558
449.558
449.546
449.546
449.514
449.509
449.5
449.5
449.497
449.497
449.497
449.477
449.474
449.47
449.467
449.467
449.453
449.444
449.444
449.444
449.444
449.443
449.428
449.408
449.406
449.406
449.395
449.393
449.393
449.392
449.377
449.373
449.373
449.371
449.371
449.362
449.354
449.348
449.345
449.345
449.338
449.325
449.325
449.325
449.324
449.324
449.324
449.306
449.306
449.304
449.304
449.294
449.288
449.287
449.287
449.285
449.284
449.278
449.275
449.275
449.274
449.267
449.251
449.25
449.249
449.236
449.231
449.23
449.23
449.229
449.229
449.229
449.216
449.216
449.213
449.211
449.211
449.211
449.204
449.204
449.204
449.203
449.196
449.194
449.192
449.191
449.19
449.19
449.186
449.176
449.175
449.175
449.174
449.174
449.174
449.169
449.167
449.167
449.162
449.159
449.159
449.159
449.159
449.152
449.151
449.15
449.15
449.147
449.146
449.145
449.144
449.142
449.138
449.137
449.137
449.13
449.13
449.129
449.129
449.126
449.124
449.124
449.123
449.123
449.122
449.122
449.122
449.121
449.121
449.118
449.117
449.116
449.116
449.115
449.115
449.115
449.113
449.113
449.112
449.112
449.111
449.111
449.11
449.109
449.109
449.109
449.109
449.107
449.105
449.105
449.105
449.105
449.105
449.105
449.104
449.104
449.103
449.103
449.103
449.103
449.103
449.103
449.103
449.103
449.102
449.101
449.101
449.101
449.101
449.1
449.1
449.1
449.1
449.1
449.1
449.1
449.099
449.099
449.099
449.099
449.099
449.099
449.099
449.099
449.099
449.099
449.099
449.099
449.099
