# steering_fantomas.txt
# 2024-09-16 16:12:03
# improved chi2 during fitting process
451.544
451.544
451.544
451.543
451.536
451.536
451.535
451.535
451.534
451.528
451.508
451.498
451.497
451.495
451.495
451.475
451.467
451.467
451.467
451.466
451.452
451.45
451.449
451.448
451.448
451.439
451.404
451.376
451.376
451.376
451.375
451.369
451.364
451.364
451.364
451.363
451.357
451.352
451.352
451.351
451.351
451.351
451.351
451.35
451.349
451.349
451.349
451.349
451.348
451.347
451.347
451.347
451.347
451.346
451.346
451.345
451.345
451.344
451.343
451.343
451.342
451.342
451.342
451.341
451.341
451.341
451.337
451.333
451.33
451.329
451.329
451.327
451.321
451.317
451.316
451.315
451.315
451.315
451.314
451.31
451.308
451.307
451.307
451.306
451.306
451.306
451.305
451.301
451.3
451.299
451.298
451.298
451.298
451.297
451.296
451.296
451.295
451.295
451.295
451.293
451.293
451.292
451.292
451.292
451.291
451.291
451.29
451.289
451.288
451.287
451.287
451.286
451.285
451.284
451.284
451.284
451.284
451.284
451.283
451.283
451.283
451.282
451.282
451.281
451.281
451.281
451.281
451.281
451.281
451.281
451.281
451.281
451.281
451.281
451.28
451.28
451.28
451.28
451.28
