# steering_fantomas.txt
# 2024-09-06 16:17:45
# improved chi2 during fitting process
451.444
451.439
451.438
451.437
451.437
451.436
451.434
451.434
451.434
451.434
451.434
451.434
451.434
451.433
451.433
451.433
451.429
451.417
451.409
451.408
451.408
451.408
451.408
451.407
451.406
451.401
451.4
451.4
451.4
451.399
451.398
451.397
451.386
451.37
451.368
451.368
451.368
451.367
451.367
451.366
451.336
451.328
451.311
451.31
451.31
451.307
451.294
451.294
451.293
451.293
451.291
451.286
451.284
451.283
451.281
451.281
451.279
451.276
451.258
451.255
451.255
451.254
451.253
451.252
451.252
451.248
451.229
451.229
451.226
451.226
451.225
451.224
451.223
451.2
451.195
451.185
451.181
451.18
451.179
451.179
451.158
451.148
451.147
451.143
451.141
451.141
451.119
451.088
451.083
451.083
451.082
451.079
451.079
451.077
451.053
450.996
450.929
450.92
450.915
450.913
450.911
450.909
450.905
450.884
450.827
450.682
450.564
450.558
450.557
450.556
450.541
450.538
450.532
450.521
450.514
450.513
450.504
450.492
450.44
450.326
450.269
450.267
450.267
450.266
450.265
450.26
450.092
450.068
450.064
450.06
450.052
449.991
449.896
449.894
449.892
449.89
449.88
449.835
449.733
449.729
449.729
449.725
449.723
449.722
449.669
449.466
449.308
449.289
449.288
449.282
449.281
449.279
449.054
449.044
449.044
449.037
448.9
448.872
448.871
448.868
448.868
448.863
448.804
448.789
448.788
448.782
448.776
448.737
448.589
448.508
448.499
448.497
448.497
448.494
448.487
448.208
448.196
448.192
448.191
448.074
448.068
448.067
448.066
448.066
448.065
448.065
448.064
448.011
447.999
447.998
447.995
447.995
447.969
447.96
447.96
447.96
447.959
447.958
447.958
447.939
447.88
447.871
447.868
447.866
447.865
447.825
447.806
447.805
447.805
447.805
447.804
447.803
447.801
447.776
447.775
447.775
447.773
447.773
447.773
447.758
447.754
447.754
447.753
447.751
447.745
447.745
447.745
447.745
447.745
447.74
447.74
447.74
447.74
447.735
447.732
447.73
447.726
447.72
447.719
447.719
447.719
447.719
447.719
447.718
447.714
447.713
447.702
447.683
447.683
447.682
447.681
447.681
447.68
447.677
447.666
447.664
447.663
447.663
447.663
447.663
447.66
447.658
447.655
447.655
447.654
447.654
447.652
447.65
447.637
447.583
447.575
447.568
447.566
447.566
447.559
447.559
447.55
447.547
447.546
447.546
447.546
447.546
447.54
447.536
447.529
447.521
447.52
447.519
447.518
447.518
447.513
447.506
447.504
447.503
447.502
447.502
447.502
447.502
447.502
447.501
447.501
447.501
447.501
447.501
447.501
447.501
447.5
447.5
447.5
447.5
447.5
447.5
447.499
447.498
447.498
447.498
447.497
447.497
447.497
447.497
447.497
447.497
447.497
447.496
447.496
447.496
447.496
447.493
447.481
