# steering_fantomas.txt
# 2024-09-14 20:34:07
# improved chi2 during fitting process
456.349
456.125
455.832
452.166
452.163
452.163
452.16
452.159
452.154
451.823
451.691
451.691
451.688
451.687
451.596
451.56
451.559
451.558
451.557
451.555
451.553
451.471
451.164
450.768
450.762
450.76
450.746
450.746
450.054
449.598
449.596
449.594
449.591
449.566
449.548
449.179
449.011
449.007
449.006
448.978
448.968
448.921
448.751
448.68
448.415
448.409
448.408
448.404
448.404
448.39
448.341
448.186
447.987
447.98
447.979
447.97
447.968
447.765
447.107
447.048
446.935
446.928
446.908
446.904
446.72
445.924
444.322
442.313
442.229
442.226
442.218
442.214
440.935
440.932
440.929
440.929
440.928
440.927
440.772
440.77
440.768
440.767
440.766
440.762
440.615
440.543
440.541
440.541
440.539
440.539
440.539
440.539
440.535
440.534
440.433
440.218
440.215
440.214
440.213
440.211
440.21
440.205
440.185
440.184
440.184
440.181
440.18
440.177
440.166
440.109
440.074
440.071
440.07
440.069
440.067
439.931
439.597
439.541
439.525
439.525
439.524
439.524
439.523
439.517
439.514
439.38
439.379
439.374
439.374
439.369
439.329
439.329
439.328
439.327
439.327
439.324
439.323
439.321
439.299
439.242
439.238
439.236
439.236
439.225
439.214
439.21
439.209
439.208
439.208
439.207
439.203
439.203
439.203
439.203
439.202
439.201
439.2
439.199
439.199
439.197
439.196
439.194
439.193
439.193
439.188
439.187
439.187
439.187
439.186
439.185
439.18
439.174
439.173
439.173
439.173
439.163
439.153
439.152
439.152
439.151
439.142
439.133
439.12
439.108
439.105
439.105
439.095
439.091
439.052
439.051
439.051
439.051
439.051
439.049
439.049
439.041
439.036
439.002
439
439
438.988
438.948
438.923
438.921
438.921
438.92
438.908
438.901
438.899
438.899
438.891
438.891
438.891
438.878
438.871
438.87
438.867
438.862
438.856
438.855
438.842
438.835
438.833
438.826
438.801
438.8
438.799
438.798
438.787
438.776
438.776
438.775
438.765
438.756
438.738
438.735
438.733
438.721
438.693
438.678
438.676
438.676
438.675
438.666
438.66
438.659
438.649
438.648
438.639
438.639
438.638
438.638
438.629
438.625
438.625
438.624
438.623
438.622
438.621
438.62
438.62
438.62
438.62
438.619
438.618
438.618
438.618
438.618
438.617
438.617
438.617
438.617
438.615
438.615
438.614
438.614
438.613
438.613
438.612
438.611
438.611
438.611
438.611
438.61
438.609
438.607
438.6
438.595
438.593
438.593
438.593
438.592
438.592
438.592
438.592
438.592
438.592
