# steering_fantomas.txt
# 2024-09-03 17:36:36
# improved chi2 during fitting process
456.246
456.022
455.729
452.063
452.06
452.059
452.057
452.055
452.051
451.719
451.587
451.587
451.584
451.584
451.492
451.456
451.455
451.455
451.454
451.452
451.449
451.367
451.061
450.666
450.66
450.657
450.644
450.643
449.953
449.5
449.498
449.495
449.493
449.467
449.449
449.083
448.915
448.911
448.91
448.882
448.872
448.825
448.657
448.54
448.308
448.301
448.3
448.296
448.296
448.282
448.236
448.077
447.832
447.743
447.735
447.735
447.724
447.721
447.52
446.746
445.546
445.254
445.231
445.223
445.22
445.195
445.19
441.698
441.691
441.688
441.676
441.227
441.148
441.145
441.144
441.142
441.138
440.857
440.856
440.854
440.848
440.847
440.846
440.649
440.235
440.227
440.226
440.226
440.225
440.223
440.22
440.202
440.187
440.186
440.184
440.182
440.182
440.179
440.156
440.153
440.152
440.15
440.148
440.146
440.142
440.125
440.083
440.082
440.081
440.081
440.078
440.075
440.012
439.963
439.961
439.958
439.956
439.92
439.8
439.762
439.762
439.761
439.761
439.76
439.76
439.757
439.756
439.577
439.486
439.454
439.448
439.304
439.278
439.275
439.275
439.275
439.275
439.275
439.274
439.274
439.27
439.266
439.17
439.16
439.159
439.157
439.157
439.157
439.146
439.144
439.144
439.144
439.143
439.131
439.131
439.129
439.126
439.12
439.111
439.111
439.111
439.111
439.109
439.109
439.108
439.108
439.108
439.108
439.107
439.107
439.105
439.105
439.105
439.104
439.102
439.098
439.085
439.085
439.084
439.084
439.076
439.076
439.062
439.035
439.026
439.026
439.026
439.023
439.021
439.011
438.972
438.947
438.944
438.944
438.933
438.913
438.891
438.89
438.889
438.888
438.888
438.888
438.878
438.857
438.778
438.775
438.761
438.732
438.732
438.728
438.711
438.704
438.701
438.7
438.7
438.681
438.676
438.676
438.674
438.654
438.635
438.624
438.623
438.622
438.622
438.597
438.583
438.581
438.575
438.554
438.541
438.527
438.511
438.5
438.49
438.485
438.459
438.412
438.401
438.393
438.392
438.39
438.389
438.338
438.197
438.176
438.134
438.069
438.054
438.052
438.05
438.049
438.048
438.045
438.043
438.027
438.007
438.007
438.004
438.003
438.003
437.999
437.998
437.945
437.929
437.929
437.928
437.928
437.927
437.925
437.897
437.875
437.871
437.855
437.853
437.851
437.85
437.835
437.8
437.786
437.782
437.774
437.745
437.723
437.679
437.66
437.65
437.643
437.642
437.641
437.64
437.637
437.633
437.607
437.596
437.595
437.595
437.594
437.594
437.591
437.591
437.59
437.53
437.523
437.514
437.511
437.511
437.51
437.508
437.471
437.457
437.454
437.453
437.453
437.453
437.442
437.441
437.44
437.438
437.436
437.436
437.434
437.432
437.432
437.43
437.428
437.428
437.427
437.424
437.423
437.423
437.423
437.422
437.419
437.414
437.413
437.412
437.412
437.412
437.411
437.408
437.408
437.407
437.406
437.405
437.404
437.402
437.402
437.402
437.401
437.4
437.4
437.399
437.398
437.398
437.398
437.397
437.397
437.397
437.396
437.396
437.396
437.395
437.395
437.395
437.393
437.391
437.385
437.375
437.375
437.373
437.372
437.368
437.367
437.366
437.365
437.364
437.364
437.364
437.363
437.361
437.361
437.36
437.36
437.36
437.358
437.358
437.358
437.357
437.357
437.357
437.356
437.356
437.356
437.356
437.356
437.356
437.355
437.355
437.354
437.353
437.352
437.352
437.352
437.349
437.337
437.315
437.309
437.306
437.304
437.304
437.303
437.298
437.298
437.298
437.298
437.297
437.295
437.294
437.293
437.292
437.291
437.291
437.291
437.287
437.287
437.286
437.284
437.279
437.278
437.275
437.274
437.274
437.272
437.271
437.271
437.27
437.27
437.27
437.269
437.269
437.269
437.266
437.26
437.244
437.243
437.241
437.241
437.233
437.208
437.208
437.208
437.207
437.189
437.184
437.183
437.173
437.173
437.171
437.168
437.15
437.137
437.132
437.122
437.116
437.115
437.115
437.115
437.089
437.068
437.048
437.025
437.009
436.996
436.976
436.963
436.963
436.963
436.963
436.962
436.962
436.938
436.928
436.921
436.915
436.915
436.909
436.903
436.892
436.876
436.868
436.864
436.859
436.848
436.84
436.832
436.826
436.816
436.799
436.798
436.789
436.783
436.775
436.769
436.76
436.76
436.757
436.754
436.751
436.746
436.736
436.722
436.718
436.71
436.7
436.691
436.688
436.688
436.687
436.687
436.668
436.652
436.644
436.634
436.63
436.622
436.618
436.613
436.613
436.611
436.611
436.59
436.575
436.564
436.556
436.544
436.524
436.509
436.494
436.474
436.474
436.445
436.44
436.41
436.393
436.393
436.393
436.366
436.344
436.333
436.289
436.287
436.287
436.287
436.286
436.262
436.25
436.231
436.228
436.228
436.228
436.225
436.224
436.224
436.224
436.222
436.222
436.215
436.202
436.199
436.199
436.198
436.198
436.198
436.19
436.189
436.189
436.189
436.189
436.188
436.188
436.185
436.185
436.185
436.185
436.184
436.184
436.184
436.184
436.183
436.183
436.183
436.183
436.181
436.18
436.18
436.178
436.178
436.178
436.178
436.177
436.175
436.174
436.174
436.174
436.173
436.173
436.173
436.173
436.172
436.172
436.172
436.172
436.171
436.17
436.163
436.155
436.155
436.154
436.153
436.129
436.112
436.11
436.107
436.105
436.094
436.089
436.085
436.084
436.08
436.08
436.078
436.078
436.074
436.074
436.072
436.071
436.071
436.071
436.071
436.066
436.064
436.062
436.06
436.06
436.055
436.055
436.054
436.053
436.053
436.052
436.052
436.052
436.052
436.052
436.052
436.052
436.052
436.052
436.044
436.044
436.043
436.042
436.04
436.039
436.039
436.039
436.039
