# steering_fantomas.txt
# 2024-08-20 14:55:51
# improved chi2 during fitting process
585.49
585.488
585.473
585.204
581.273
563.96
461.587
460.638
457.368
457.336
457.32
457.275
455.414
455.412
455.411
455.376
454.022
454.019
454.014
453.988
453.07
453.065
453.06
453.04
452.488
452.482
452.478
452.461
451.982
451.975
451.971
451.957
450.639
450.632
450.629
450.62
449.799
449.79
449.787
449.784
447.556
447.478
447.473
447.469
447.465
447.168
447.145
447.134
447.134
446.891
446.861
446.859
446.858
446.735
446.694
446.693
446.693
446.692
446.672
446.654
446.653
446.652
446.652
446.651
446.637
446.635
446.632
446.632
446.631
446.63
446.627
446.615
446.581
446.579
446.578
446.578
446.535
446.52
446.502
446.501
446.499
446.499
446.484
446.478
446.475
446.474
446.474
446.473
446.458
446.457
446.443
446.443
446.443
446.443
446.443
446.442
446.427
446.419
446.407
446.405
446.401
446.401
446.4
446.395
446.395
446.395
446.394
446.394
446.393
446.393
446.392
446.387
446.384
446.383
446.381
446.381
446.38
446.38
446.376
446.376
446.371
446.335
446.285
446.281
446.28
446.28
446.277
446.214
446.209
446.202
446.202
446.2
446.2
446.199
446.187
446.151
446.147
446.143
446.143
446.142
446.141
446.133
446.131
446.13
446.13
446.13
446.13
446.13
446.129
446.128
446.118
446.111
446.11
446.11
446.109
446.108
446.101
446.094
446.09
446.089
446.089
446.088
446.088
446.088
446.083
446.078
446.077
446.077
446.077
446.076
446.067
446.065
446.059
446.058
446.057
446.04
446.035
446.031
446.031
446.03
446.029
446.012
445.995
445.987
445.977
445.959
445.957
445.956
445.945
445.944
445.943
445.941
445.934
445.928
445.924
445.924
445.922
445.921
445.921
445.92
445.92
445.915
445.904
445.903
445.902
445.902
445.882
445.837
445.837
445.836
445.836
445.822
445.822
445.82
445.814
445.809
445.807
445.8
445.792
445.792
445.79
445.776
445.75
445.75
445.75
445.749
445.749
445.724
445.722
445.722
445.706
445.703
445.702
445.702
445.701
445.7
445.691
445.69
445.69
445.689
445.688
445.688
445.687
445.686
445.684
445.684
445.684
445.682
445.682
445.681
445.681
445.68
445.68
445.674
445.662
445.66
445.66
445.659
445.658
445.637
445.629
445.606
445.605
445.605
445.604
445.59
445.571
445.564
445.56
445.554
445.547
445.547
445.545
445.524
445.513
445.476
445.475
445.471
445.471
445.451
445.44
445.381
445.293
445.291
445.29
445.289
445.272
445.181
445.177
445.177
445.166
445.137
445.136
445.133
445.133
445.132
445.116
445.109
445.105
445.105
445.104
445.087
445.072
445.069
445.065
445.054
445.054
445.002
445
445
444.996
444.994
444.994
444.992
444.992
444.988
444.984
444.98
444.937
444.936
444.925
444.925
444.924
444.924
444.924
444.903
444.902
444.902
444.902
444.902
444.901
444.9
444.899
444.896
444.853
444.852
444.804
444.791
444.783
444.742
444.738
444.717
444.709
444.692
