# steering_fantomas.txt
# 2025-01-09 12:03:07
# improved chi2 during fitting process
451.4387151
451.4382861
451.4368721
451.4243394
451.4130642
451.4122572
451.410799
451.4106516
451.4106269
451.4102313
451.4097367
451.3854726
451.382448
451.3811174
451.3805906
451.3589346
451.3053236
451.3010818
451.2994118
451.298507
451.2592422
451.2583105
451.2581316
451.2579559
451.2563649
451.2338327
451.154298
451.0767232
451.0759636
451.0750247
451.0741559
451.0735431
450.9967441
450.9685846
450.9678419
450.9655415
450.9391391
450.9244434
450.9220784
450.8950014
450.8778099
450.8770044
450.8766825
450.8765619
450.8446409
450.8190868
450.8179003
450.8172683
450.8164492
450.7836071
450.758942
450.7570034
450.7566259
450.7565934
450.7088193
450.6905302
450.6749531
450.6742034
450.6726979
450.6450729
450.6389963
450.6387481
450.6382323
450.6381163
450.6301578
450.6068585
450.6032214
450.6030024
450.6025988
450.6022014
450.6009967
450.5619835
450.5512492
450.5482931
450.5482597
450.5196508
450.5091044
450.4832248
450.4828012
450.4826855
450.482483
450.4823979
450.4818629
450.4818118
450.4382851
450.4110351
450.4108587
450.4101458
450.4099653
450.4092801
450.3776665
450.3628012
450.3619977
450.3617752
450.3610767
450.3608829
450.3454224
450.3383389
450.3373948
450.3371763
450.337157
450.336884
450.3366838
450.3203067
450.312077
450.311935
450.3101456
450.3097392
450.3004562
450.2821006
450.2818658
450.2809889
450.2725192
450.2680119
450.267041
450.2667653
450.266197
450.2559458
450.2545949
450.2542971
450.2532798
450.2528442
450.2527958
450.2487051
450.2464495
450.2460513
450.2395534
450.2385935
450.2363818
450.2362202
450.2361963
450.2356245
450.2291824
450.2191581
450.217055
450.2170316
450.2169979
450.2161118
450.2003471
450.1896902
450.1836968
450.1578832
450.0600631
450.0586533
450.058503
450.0576113
450.0548579
450.0529737
450.0525548
450.0518565
450.0507011
450.0502127
450.0328574
449.9556465
449.9101589
449.9094804
449.9057505
449.9052317
449.8236947
449.8219213
449.8184188
449.8179204
449.8176483
449.7762512
449.772289
449.7712609
449.7711445
449.7711351
449.7123749
449.6650404
449.6487995
449.6460067
449.6459238
449.6458624
449.615711
449.6156865
449.6117245
449.6114112
449.5847738
449.5735308
449.5732891
449.5724583
449.5724273
449.5544503
449.5541114
449.5528688
449.5526509
449.5521182
449.5488368
449.5474188
449.5473123
449.5472816
449.546783
449.546664
449.5436548
449.5333839
449.5333454
449.532077
449.5310338
449.5307187
449.5302367
449.5160183
449.5026253
449.50139
449.5010647
449.5005042
449.5001693
449.4883448
449.48218
449.4813628
449.4797971
449.4796345
449.479243
449.4712423
449.4561499
449.4541005
449.4534753
449.4531976
449.4288732
449.4140614
449.4140128
449.4134869
449.4124747
449.412077
449.3930208
449.3830396
449.3791594
449.3765475
449.3757552
449.3756234
449.3594427
449.3417404
449.3330207
449.3281981
449.3278503
449.3151051
449.26874
449.2606836
449.2601114
449.2589529
449.2588581
449.2395789
449.2382522
449.236431
449.2341891
449.2341233
449.2338864
449.224407
449.2085019
449.2081821
449.2072882
449.2065351
449.1978012
449.1701023
449.1673001
449.1670286
449.1613869
449.1608258
449.1602828
449.1564121
449.1561859
449.1515216
449.1229615
449.0920858
449.0908448
449.0905694
449.0903105
449.0884569
449.0622697
449.0587692
449.0586962
449.0365192
449.031184
449.0310331
449.0307409
449.030649
449.0304992
449.0128373
448.9892554
448.9874224
448.9874216
448.9872
448.9847739
448.9716438
448.968661
448.968481
448.9478261
448.9222687
448.9201507
448.9172928
448.9103872
448.899601
448.899429
448.8991899
448.898869
448.8987502
448.870335
448.8632229
448.8609308
448.8597263
448.8594255
448.8485207
448.8441206
448.8435345
448.8416904
448.8415647
448.8357872
448.8338226
448.8337599
448.8334495
448.83321
448.8266134
448.8226886
448.8161821
448.8151506
448.8149895
448.8089968
448.8087689
448.807101
448.8070413
448.8069572
448.8023271
448.7971392
448.7968714
448.796804
448.7967336
448.7967276
448.7965011
448.7964262
448.7961644
448.7959902
448.7916556
448.7883793
448.7875897
448.7866345
448.7864499
448.7863793
448.7843255
448.7824841
448.7824504
448.7811393
448.7811216
448.7804045
448.7797232
448.7794381
448.7792905
448.7780571
448.7730582
448.7718844
448.771173
448.7705223
448.7703806
448.767042
448.763526
448.76289
448.7627304
448.7626255
448.762278
448.7611077
448.7604381
448.7597049
448.7596885
448.7576997
448.7575945
448.7575823
448.7572706
448.7572434
448.7564355
448.7562693
448.756068
448.7556921
448.7556919
448.7556483
448.7554467
448.7550849
448.7550332
448.754494
448.7542787
448.7542616
448.7542113
448.7541571
448.7540122
448.7539307
448.7539112
448.7538977
448.7538884
448.7538775
448.7538251
448.7538062
448.7537444
448.7537444
448.7537375
448.7537157
448.7537097
448.7536734
448.7536644
448.7535895
448.7535891
448.753559
448.7535589
448.7535588
448.7535587
