# steering_fantomas.txt
# 2024-11-05 09:14:13
# improved chi2 during fitting process
662.4190886
661.6619015
653.9528182
648.2213609
602.6767069
602.3978142
602.1321561
485.4138891
485.3226433
484.776611
467.6380863
451.4355234
451.4063334
451.4039499
451.4019757
451.3950795
451.3912142
445.7740683
445.770005
445.7661614
445.763391
445.7624335
445.2383734
444.8200406
444.8155574
444.8118711
444.807812
444.0736179
443.8099965
442.8746905
442.748957
442.7437119
442.7423648
442.7421622
442.7398031
442.7384584
442.728489
440.2966481
437.8599169
437.8566897
437.8549137
437.8489486
437.8442267
436.6607056
436.5881008
436.5869967
436.5866723
436.5848987
436.5838629
436.579626
436.3340255
436.0805879
436.0796628
436.0794811
436.0736952
436.0733055
435.7060857
435.5560753
435.5523114
435.5511971
435.5040938
435.4357347
435.4347317
435.4315992
435.4271081
435.4218226
435.4197675
435.4189087
435.4151276
435.4106631
435.3821388
435.3133005
435.1570852
435.0583821
435.0562979
435.0557936
435.0552047
435.0493327
434.7123773
434.7121018
434.7115794
434.7112857
434.7064283
434.6146693
434.5623817
434.5274763
434.5256679
434.520754
434.4961684
434.4845633
434.4484146
434.44679
434.4464634
434.4173955
434.4173227
434.4157704
434.2673015
434.2645861
434.2635059
433.7452773
433.7395778
433.7392712
433.4326702
433.428053
433.4257839
433.1694883
433.1646638
433.1583683
433.1553538
432.9906473
432.9347478
432.9318086
432.9316627
432.884228
432.8789969
432.8782092
432.8763534
432.803995
432.7917825
432.7912632
432.7908114
432.7899489
432.7893528
432.7542066
432.7526123
432.7511853
432.7510032
432.7509276
432.7508502
432.726687
432.719624
432.7193251
432.718159
432.7181321
432.7180476
432.7177264
432.7109389
432.7106048
432.7104943
432.7102629
432.7099102
432.7076346
432.7067703
432.7063416
432.7062773
432.7061856
432.7061595
432.7060783
432.7055112
432.70534
432.7050097
432.7046162
432.7044324
432.7043821
432.7039006
432.7016595
432.7016253
432.7016025
432.7013276
432.7010264
432.6989558
432.698621
432.6985201
432.6977983
432.6977406
432.6962179
432.693654
432.6935717
432.6935692
432.6930274
432.6918096
432.6917692
432.6914418
432.6911101
432.6910952
432.6910755
432.6907229
432.6906958
432.6901114
432.6901054
432.6898991
432.6897493
432.6895257
432.6895168
432.6891281
432.6890015
432.6883765
432.6862011
432.6860383
432.6859942
432.6859767
432.6853794
432.6850241
432.6849841
432.68425
432.6841813
432.6840346
432.6830526
432.678428
432.6766437
432.6753462
432.6743466
432.6692698
432.6690099
432.6689158
432.6686043
432.6683169
432.6683169
432.6673341
432.6658435
432.6655597
432.6655524
432.6652678
432.664761
432.664761
432.6643101
432.6641433
432.6635778
432.6630556
432.6629668
432.6627247
432.6624092
432.6617942
432.6615941
432.6611794
432.659295
432.6590633
432.658934
432.6581489
432.6571302
432.6551939
432.6547414
432.6539119
432.6538378
432.6533393
432.652683
432.6526707
432.6524492
432.6521178
432.6513014
432.648652
432.6486092
432.6479414
432.6459998
432.6456645
432.6453312
432.6443349
432.6433518
432.6422145
432.6420089
432.6417901
432.6414153
432.6414153
432.6401154
432.6382846
432.6370821
432.6362956
432.6342116
432.6337837
432.6336795
432.6328921
432.6328368
432.6322364
432.6322228
432.6321779
432.6318935
432.6316464
432.630377
432.6262976
432.6254961
432.6230602
432.6200905
432.6193025
432.6190561
432.6187129
432.618399
432.6142041
432.6140921
432.6139663
432.612952
432.6108345
432.6107709
432.610516
432.60994
432.6082022
432.6069458
432.6067252
432.6060256
432.605726
432.6012368
432.6010913
432.5980591
432.5943896
432.5941511
432.5892036
432.5845386
432.5830725
432.5830338
432.577685
432.5745449
432.5708258
432.5658887
432.5628061
432.5596528
432.5588348
432.5586796
432.5586239
432.5577582
432.5523763
432.5505853
432.5502769
432.5502268
432.5499071
432.5496819
432.5438373
432.5407271
432.5406391
432.5406288
432.5405239
432.5404269
432.5398551
432.536405
432.5347026
432.5337088
432.5336405
432.5326955
432.5326136
432.5322269
432.5320748
432.530745
432.5291735
432.5291513
432.5289448
432.5288907
432.528577
432.5275944
432.5274396
432.5270008
432.5263646
432.526364
432.5263392
432.5256088
432.5253157
432.5252113
432.5247458
432.5247458
432.5246363
432.5220529
432.5183954
432.5174372
432.5139279
432.5110742
432.510677
432.5097479
432.5097053
432.5096732
432.5081789
432.5081038
432.5080153
432.5078658
432.507519
432.505221
432.5009172
432.5004634
432.5003645
432.5003645
432.4994897
432.4986289
432.4975951
432.4960232
432.4951891
432.4948923
432.4948462
432.4935492
432.4935354
432.4935043
432.4924324
432.4903355
432.4903151
432.4902361
432.4897808
432.4885306
432.4860309
432.4857293
432.483787
432.4834228
432.483168
432.4824253
432.4808673
432.4798884
432.4780168
432.4777031
432.4775805
432.4765336
432.4756882
432.475122
432.4750394
432.475039
432.4749616
432.4744555
432.4734783
432.4703317
432.4683183
432.4678928
432.4676206
432.4625437
432.4595012
432.4556973
432.4513113
432.4481122
432.4460919
432.4405082
432.4380178
432.4356727
432.4313294
432.4271413
432.427074
432.4269911
432.4268508
432.4216877
432.4201832
432.4161643
432.4138659
432.4113126
432.4076975
432.4053979
432.4016023
432.3999441
432.3998078
432.3997826
432.3946085
432.3926492
432.3885926
432.3863271
432.3852014
432.3841745
432.3833907
432.3833858
432.3833393
432.3833367
432.3826556
432.3783652
432.3761938
432.373608
432.3734239
432.3733762
432.3725197
432.366702
432.3653603
432.3603985
432.3550732
432.3516254
432.349957
432.3492782
432.3491869
432.3444825
432.3442438
432.3442126
432.3438748
432.3437809
432.3432706
432.3396293
432.3395876
432.3392676
432.3386581
432.3381561
432.3370318
432.3366237
432.3365512
432.3353109
432.3345248
432.3343918
432.3333952
432.3333941
432.3328351
432.3328311
432.3327248
432.3319425
432.3319207
432.3317937
432.3302461
432.3298166
432.329642
432.3289393
432.3283786
432.326948
432.3269476
432.3267169
432.3258537
432.3254805
432.3254675
432.3254665
432.3250212
432.3248457
432.3248253
432.3239414
432.3238084
432.3238055
432.3237442
432.3225649
432.3209088
432.3205668
432.3201472
432.3195733
432.3188269
432.3183691
432.3176969
432.3175754
432.3171075
432.317027
432.3164233
432.3143097
432.3140229
432.3139006
432.3135086
432.3135051
432.3126195
432.3123662
432.312285
432.3116454
432.3112698
432.3108562
432.3107048
432.3101071
432.3094462
432.3084282
432.3076995
432.3072941
432.3072829
432.3065765
432.3065707
432.3063789
432.3059902
432.305972
432.3059269
432.3057747
432.3057586
432.3053107
432.3047363
432.3045148
432.3041628
432.3039992
432.3039231
432.3037387
432.3037381
432.3035002
432.3034934
432.3031911
432.3029508
432.3029425
432.3027793
432.3027707
432.3026847
432.3025644
432.30254
432.3022344
432.30197
432.3018223
432.301817
432.3014146
432.3012999
432.3012142
432.30107
432.3009306
432.3007153
432.3005969
432.3003782
432.3003725
432.3000879
432.2998765
432.2998664
432.2993098
432.2992959
432.2992234
432.2990086
432.2989023
432.2987918
432.2987908
432.298784
432.2987758
432.2984505
432.2984367
432.2982479
432.2982347
432.2978866
432.2978772
432.2978073
432.2975248
432.2975179
432.2975179
432.2974321
432.2973361
432.2973321
432.2972049
432.2968425
432.2966483
432.2966406
432.296319
432.2963185
432.2962149
432.2959292
432.2958924
432.2958924
432.2956505
432.2954906
432.2954778
432.2950727
432.2950595
432.2950595
432.2950107
432.2949889
432.2949862
432.2948639
432.2948617
432.2948617
432.2948296
432.2945071
432.2944993
432.2943985
432.2943449
432.2943441
432.2942624
432.2941981
432.2941964
432.2941207
432.2940909
432.2940883
432.2939787
432.2939724
432.2939721
432.2939478
432.293938
432.2939367
432.2939051
432.2939041
432.293904
432.2938045
432.2935354
432.2931338
432.2925336
432.2916377
432.2915972
