# steering_fantomas.txt
# 2024-10-17 14:33:30
# improved chi2 during fitting process
451.44
451.44
451.44
451.439
451.427
451.418
451.418
451.416
451.416
451.416
451.402
451.402
451.402
451.402
451.4
451.385
451.335
451.311
451.31
451.308
451.27
451.269
451.269
451.269
451.268
451.268
451.245
451.167
451.106
451.105
451.101
451.099
450.97
450.889
450.889
450.889
450.887
450.856
450.846
450.846
450.845
450.82
450.787
450.787
450.786
450.786
450.762
450.757
450.756
450.756
450.756
450.756
450.739
450.733
450.731
450.731
450.731
450.73
450.712
450.66
450.652
450.652
450.651
450.65
450.611
450.584
450.583
450.582
450.582
450.547
450.514
450.512
450.511
450.508
450.507
450.477
450.445
450.444
450.442
450.417
450.416
450.416
450.415
450.408
450.408
450.407
450.404
450.401
450.4
450.398
450.392
450.392
450.392
450.392
450.391
450.391
450.386
450.383
450.383
450.383
450.382
450.382
450.382
450.381
450.378
450.378
450.378
450.376
450.37
450.354
450.353
450.342
450.34
450.34
450.339
450.313
450.309
450.308
450.284
450.237
450.235
450.234
450.234
450.232
450.22
450.203
450.2
450.199
450.166
450.15
450.147
450.143
450.143
450.143
450.124
450.118
450.118
450.117
450.117
450.098
450.041
450.039
450.038
450.035
450.035
449.993
449.958
449.955
449.955
449.93
449.927
449.927
449.927
449.927
449.927
449.894
449.871
449.86
449.858
449.858
449.855
449.839
449.835
449.835
449.835
449.81
449.8
449.8
449.798
449.798
449.798
449.798
449.797
449.781
449.767
449.766
449.763
449.762
449.762
449.75
449.717
449.715
449.715
449.713
449.712
449.677
449.672
449.669
449.669
449.647
449.645
449.644
449.644
449.644
449.644
449.623
449.613
449.61
449.605
449.603
449.603
449.592
449.574
449.573
449.573
449.569
449.569
449.561
449.547
449.547
449.546
449.536
449.505
449.503
449.503
449.48
449.479
449.479
449.476
449.476
449.462
449.461
449.461
449.46
449.46
449.447
449.428
449.426
449.426
449.404
449.404
449.401
449.401
449.385
449.381
449.381
449.38
449.365
449.359
449.357
449.354
449.352
449.352
449.344
449.329
449.327
449.326
449.32
449.32
449.32
449.32
449.319
449.304
449.297
449.296
449.29
449.289
449.289
449.275
449.273
449.272
449.269
449.26
449.255
449.255
449.255
449.245
449.235
449.233
449.231
449.231
449.223
449.223
449.221
449.221
449.221
449.215
449.214
449.214
449.213
449.213
449.207
449.199
449.196
449.196
449.194
449.194
449.183
449.18
449.179
449.179
449.179
449.179
449.179
449.175
449.174
449.174
449.166
449.164
449.162
449.162
449.16
449.159
449.159
449.159
449.158
449.155
449.147
449.146
449.146
449.141
449.136
449.134
449.134
449.132
449.132
449.132
449.129
449.127
449.124
449.123
449.123
449.12
449.119
449.119
449.118
449.116
449.115
449.115
449.113
449.11
449.11
449.11
449.11
449.109
449.109
449.108
449.107
449.107
449.106
449.106
449.106
449.106
449.106
449.106
449.106
449.105
449.103
449.103
449.103
449.103
449.103
449.102
449.102
449.102
449.102
449.102
449.101
449.101
449.101
449.101
449.101
449.101
449.1
449.1
449.1
449.1
449.1
449.1
449.099
449.099
449.099
449.099
449.099
449.099
449.099
449.099
449.099
449.099
449.099
449.099
449.099
449.099
449.099
449.099
449.099
